#
# There is insufficient memory for the Java Runtime Environment to continue.
# Native memory allocation (malloc) failed to allocate 352496 bytes for Chunk::new
# Possible reasons:
#   The system is out of physical RAM or swap space
#   The process is running with CompressedOops enabled, and the Java Heap may be blocking the growth of the native heap
# Possible solutions:
#   Reduce memory load on the system
#   Increase physical memory or swap space
#   Check if swap backing store is full
#   Decrease Java heap size (-Xmx/-Xms)
#   Decrease number of Java threads
#   Decrease Java thread stack sizes (-Xss)
#   Set larger code cache with -XX:ReservedCodeCacheSize=
#   JVM is running with Zero Based Compressed Oops mode in which the Java heap is
#     placed in the first 32GB address space. The Java Heap base address is the
#     maximum limit for the native heap growth. Please use -XX:HeapBaseMinAddress
#     to set the Java Heap base and to place the Java Heap above 32GB virtual address.
# This output file may be truncated or incomplete.
#
#  Out of Memory Error (./src/hotspot/share/memory/arena.cpp:197), pid=20984, tid=10540
#
# JRE version: OpenJDK Runtime Environment Corretto-11.0.11.9.1 (11.0.11+9) (build 11.0.11+9-LTS)
# Java VM: OpenJDK 64-Bit Server VM Corretto-11.0.11.9.1 (11.0.11+9-LTS, mixed mode, tiered, compressed oops, g1 gc, windows-amd64)
# No core dump will be written. Minidumps are not enabled by default on client versions of Windows
#

---------------  S U M M A R Y ------------

Command Line: -javaagent:C:\Program Files\JetBrains\IntelliJ IDEA Community Edition 2021.2\lib\idea_rt.jar=5793:C:\Program Files\JetBrains\IntelliJ IDEA Community Edition 2021.2\bin -Dfile.encoding=UTF-8 kosa.ion.team6.Ion6teamApplication

Host: AMD Ryzen 5 1600 Six-Core Processor            , 12 cores, 15G,  Windows 10 , 64 bit Build 16299 (10.0.16299.1087)
Time: Thu Nov 11 01:02:29 2021 ¢¥eCN©öI¡¾©ö C¡ÍA¨ª¨öA elapsed time: 2493.601868 seconds (0d 0h 41m 33s)

---------------  T H R E A D  ---------------

Current thread (0x0000017466285000):  JavaThread "C2 CompilerThread0" daemon [_thread_in_native, id=10540, stack(0x0000002e9f200000,0x0000002e9f300000)]


Current CompileTask:
C2:2493602 8055       4       org.springframework.core.ResolvableType::hashCode (22 bytes)

Stack: [0x0000002e9f200000,0x0000002e9f300000]
Native frames: (J=compiled Java code, j=interpreted, Vv=VM code, C=native code)
V  [jvm.dll+0x5f867a]
V  [jvm.dll+0x78124e]
V  [jvm.dll+0x78291f]
V  [jvm.dll+0x782fe3]
V  [jvm.dll+0x246e88]
V  [jvm.dll+0xbe2ac]
V  [jvm.dll+0xbe9ac]
V  [jvm.dll+0x34c7e7]
V  [jvm.dll+0x31a083]
V  [jvm.dll+0x3193ba]
V  [jvm.dll+0x2009c5]
V  [jvm.dll+0x1ffbaf]
V  [jvm.dll+0x184b4c]
V  [jvm.dll+0x20ee67]
V  [jvm.dll+0x20d04b]
V  [jvm.dll+0x745629]
V  [jvm.dll+0x73e694]
V  [jvm.dll+0x5f74f6]
C  [ucrtbase.dll+0x1fa95]
C  [KERNEL32.DLL+0x137e4]
C  [ntdll.dll+0x6cb81]


---------------  P R O C E S S  ---------------

Threads class SMR info:
_java_thread_list=0x000001746d5323e0, length=30, elements={
0x000001746620a000, 0x0000017466213800, 0x0000017466273000, 0x0000017466273800,
0x0000017466277000, 0x0000017466285000, 0x000001746628b800, 0x000001746628d800,
0x0000017465918000, 0x000001746685b000, 0x000001746c0aa800, 0x000001746b3d7800,
0x000001746a723800, 0x000001746c32c800, 0x000001746afc7000, 0x000001746c825800,
0x000001746c820800, 0x000001746c823000, 0x000001746c823800, 0x000001746c81f800,
0x000001746c821800, 0x000001746c824800, 0x000001746c826000, 0x000001746c822000,
0x000001746dd86000, 0x000001746dd89800, 0x000001746dd87000, 0x000001746dd85800,
0x000001746dd8c800, 0x000001746dd8d800
}

Java Threads: ( => current thread )
  0x000001746620a000 JavaThread "Reference Handler" daemon [_thread_blocked, id=19180, stack(0x0000002e9ec00000,0x0000002e9ed00000)]
  0x0000017466213800 JavaThread "Finalizer" daemon [_thread_blocked, id=23404, stack(0x0000002e9ed00000,0x0000002e9ee00000)]
  0x0000017466273000 JavaThread "Signal Dispatcher" daemon [_thread_blocked, id=22128, stack(0x0000002e9ef00000,0x0000002e9f000000)]
  0x0000017466273800 JavaThread "Attach Listener" daemon [_thread_blocked, id=1464, stack(0x0000002e9f000000,0x0000002e9f100000)]
  0x0000017466277000 JavaThread "Service Thread" daemon [_thread_blocked, id=23836, stack(0x0000002e9f100000,0x0000002e9f200000)]
=>0x0000017466285000 JavaThread "C2 CompilerThread0" daemon [_thread_in_native, id=10540, stack(0x0000002e9f200000,0x0000002e9f300000)]
  0x000001746628b800 JavaThread "C1 CompilerThread0" daemon [_thread_blocked, id=4932, stack(0x0000002e9f300000,0x0000002e9f400000)]
  0x000001746628d800 JavaThread "Sweeper thread" daemon [_thread_blocked, id=12552, stack(0x0000002e9f400000,0x0000002e9f500000)]
  0x0000017465918000 JavaThread "Common-Cleaner" daemon [_thread_blocked, id=5708, stack(0x0000002e9f500000,0x0000002e9f600000)]
  0x000001746685b000 JavaThread "Monitor Ctrl-Break" daemon [_thread_in_native, id=23228, stack(0x0000002e9f600000,0x0000002e9f700000)]
  0x000001746c0aa800 JavaThread "Catalina-utility-1" [_thread_blocked, id=19892, stack(0x0000002ea0600000,0x0000002ea0700000)]
  0x000001746b3d7800 JavaThread "Catalina-utility-2" [_thread_blocked, id=24540, stack(0x0000002ea0700000,0x0000002ea0800000)]
  0x000001746a723800 JavaThread "container-0" [_thread_blocked, id=15768, stack(0x0000002ea0800000,0x0000002ea0900000)]
  0x000001746c32c800 JavaThread "Timer-0" daemon [_thread_blocked, id=20068, stack(0x0000002ea0900000,0x0000002ea0a00000)]
  0x000001746afc7000 JavaThread "oracle.jdbc.driver.BlockSource.ThreadedCachingBlockSource.BlockReleaser" daemon [_thread_blocked, id=19848, stack(0x0000002ea0a00000,0x0000002ea0b00000)]
  0x000001746c825800 JavaThread "InterruptTimer" daemon [_thread_blocked, id=18168, stack(0x0000002ea0b00000,0x0000002ea0c00000)]
  0x000001746c820800 JavaThread "HikariPool-1 housekeeper" daemon [_thread_blocked, id=20500, stack(0x0000002ea0d00000,0x0000002ea0e00000)]
  0x000001746c823000 JavaThread "http-nio-8080-Poller" daemon [_thread_in_native, id=16240, stack(0x0000002ea1600000,0x0000002ea1700000)]
  0x000001746c823800 JavaThread "http-nio-8080-Acceptor" daemon [_thread_in_native, id=17416, stack(0x0000002ea1700000,0x0000002ea1800000)]
  0x000001746c81f800 JavaThread "DestroyJavaVM" [_thread_blocked, id=13968, stack(0x0000002e9e500000,0x0000002e9e600000)]
  0x000001746c821800 JavaThread "http-nio-8080-exec-1" daemon [_thread_blocked, id=13680, stack(0x0000002ea1800000,0x0000002ea1900000)]
  0x000001746c824800 JavaThread "http-nio-8080-exec-2" daemon [_thread_blocked, id=13152, stack(0x0000002ea1c00000,0x0000002ea1d00000)]
  0x000001746c826000 JavaThread "http-nio-8080-exec-3" daemon [_thread_blocked, id=23500, stack(0x0000002ea1e00000,0x0000002ea1f00000)]
  0x000001746c822000 JavaThread "http-nio-8080-exec-4" daemon [_thread_blocked, id=2880, stack(0x0000002ea2000000,0x0000002ea2100000)]
  0x000001746dd86000 JavaThread "http-nio-8080-exec-5" daemon [_thread_blocked, id=8188, stack(0x0000002ea2200000,0x0000002ea2300000)]
  0x000001746dd89800 JavaThread "http-nio-8080-exec-6" daemon [_thread_blocked, id=2720, stack(0x0000002ea2400000,0x0000002ea2500000)]
  0x000001746dd87000 JavaThread "http-nio-8080-exec-7" daemon [_thread_blocked, id=24360, stack(0x0000002ea2600000,0x0000002ea2700000)]
  0x000001746dd85800 JavaThread "http-nio-8080-exec-8" daemon [_thread_blocked, id=16704, stack(0x0000002ea2800000,0x0000002ea2900000)]
  0x000001746dd8c800 JavaThread "http-nio-8080-exec-9" daemon [_thread_blocked, id=20756, stack(0x0000002ea2a00000,0x0000002ea2b00000)]
  0x000001746dd8d800 JavaThread "http-nio-8080-exec-10" daemon [_thread_blocked, id=23188, stack(0x0000002ea2c00000,0x0000002ea2d00000)]

Other Threads:
  0x00000174661e5800 VMThread "VM Thread" [stack: 0x0000002e9eb00000,0x0000002e9ec00000] [id=23820]
  0x0000017466621000 WatcherThread [stack: 0x0000002e9f700000,0x0000002e9f800000] [id=21464]
  0x00000174417ef000 GCTaskThread "GC Thread#0" [stack: 0x0000002e9e600000,0x0000002e9e700000] [id=12532]
  0x0000017467108800 GCTaskThread "GC Thread#1" [stack: 0x0000002e9f900000,0x0000002e9fa00000] [id=3680]
  0x0000017467618800 GCTaskThread "GC Thread#2" [stack: 0x0000002e9fa00000,0x0000002e9fb00000] [id=11204]
  0x0000017466b02800 GCTaskThread "GC Thread#3" [stack: 0x0000002e9fb00000,0x0000002e9fc00000] [id=17260]
  0x0000017466b4e000 GCTaskThread "GC Thread#4" [stack: 0x0000002e9fc00000,0x0000002e9fd00000] [id=22892]
  0x0000017466b4f000 GCTaskThread "GC Thread#5" [stack: 0x0000002e9fd00000,0x0000002e9fe00000] [id=20324]
  0x0000017469bb0000 GCTaskThread "GC Thread#6" [stack: 0x0000002ea0f00000,0x0000002ea1000000] [id=3292]
  0x000001746f37f000 GCTaskThread "GC Thread#7" [stack: 0x0000002ea1000000,0x0000002ea1100000] [id=2452]
  0x000001744184c800 ConcurrentGCThread "G1 Main Marker" [stack: 0x0000002e9e700000,0x0000002e9e800000] [id=16868]
  0x000001744184e000 ConcurrentGCThread "G1 Conc#0" [stack: 0x0000002e9e800000,0x0000002e9e900000] [id=19156]
  0x000001746701d800 ConcurrentGCThread "G1 Conc#1" [stack: 0x0000002ea0200000,0x0000002ea0300000] [id=8692]
  0x0000017466fa8000 ConcurrentGCThread "G1 Conc#2" [stack: 0x0000002ea0300000,0x0000002ea0400000] [id=20108]
  0x0000017465845000 ConcurrentGCThread "G1 Refine#0" [stack: 0x0000002e9e900000,0x0000002e9ea00000] [id=13700]
  0x0000017465848000 ConcurrentGCThread "G1 Young RemSet Sampling" [stack: 0x0000002e9ea00000,0x0000002e9eb00000] [id=22516]

Threads with active compile tasks:
C2 CompilerThread02493623 8055       4       org.springframework.core.ResolvableType::hashCode (22 bytes)

VM state:not at safepoint (normal execution)

VM Mutex/Monitor currently owned by a thread: None

Heap address: 0x0000000701000000, size: 4080 MB, Compressed Oops mode: Zero based, Oop shift amount: 3
Narrow klass base: 0x0000000800000000, Narrow klass shift: 0
Compressed class space size: 1073741824 Address: 0x0000000800000000

Heap:
 garbage-first heap   total 315392K, used 79158K [0x0000000701000000, 0x0000000800000000)
  region size 1024K, 68 young (69632K), 19 survivors (19456K)
 Metaspace       used 81258K, capacity 83269K, committed 83328K, reserved 1122304K
  class space    used 10283K, capacity 11081K, committed 11136K, reserved 1048576K
Heap Regions: E=young(eden), S=young(survivor), O=old, HS=humongous(starts), HC=humongous(continues), CS=collection set, F=free, A=archive, TAMS=top-at-mark-start (previous, next)
|   0|0x0000000701000000, 0x0000000701100000, 0x0000000701100000|100%|HS|  |TAMS 0x0000000701100000, 0x0000000701000000| Complete 
|   1|0x0000000701100000, 0x0000000701200000, 0x0000000701200000|100%| O|  |TAMS 0x0000000701200000, 0x0000000701100000| Untracked 
|   2|0x0000000701200000, 0x0000000701300000, 0x0000000701300000|100%| O|  |TAMS 0x0000000701300000, 0x0000000701200000| Untracked 
|   3|0x0000000701300000, 0x0000000701400000, 0x0000000701400000|100%| O|  |TAMS 0x0000000701400000, 0x0000000701300000| Untracked 
|   4|0x0000000701400000, 0x0000000701500000, 0x0000000701500000|100%| O|  |TAMS 0x0000000701500000, 0x0000000701400000| Untracked 
|   5|0x0000000701500000, 0x0000000701600000, 0x0000000701600000|100%| O|  |TAMS 0x0000000701600000, 0x0000000701500000| Untracked 
|   6|0x0000000701600000, 0x0000000701700000, 0x0000000701700000|100%| O|  |TAMS 0x0000000701700000, 0x0000000701600000| Untracked 
|   7|0x0000000701700000, 0x0000000701800000, 0x0000000701800000|100%| O|  |TAMS 0x0000000701800000, 0x0000000701700000| Untracked 
|   8|0x0000000701800000, 0x0000000701900000, 0x0000000701900000|100%| O|  |TAMS 0x0000000701900000, 0x0000000701800000| Untracked 
|   9|0x0000000701900000, 0x0000000701a00000, 0x0000000701a00000|100%| O|  |TAMS 0x0000000701974800, 0x0000000701900000| Untracked 
|  10|0x0000000701a00000, 0x0000000701ab9e00, 0x0000000701b00000| 72%| O|  |TAMS 0x0000000701a00000, 0x0000000701a00000| Untracked 
|  11|0x0000000701b00000, 0x0000000701b00000, 0x0000000701c00000|  0%| F|  |TAMS 0x0000000701b00000, 0x0000000701b00000| Untracked 
|  12|0x0000000701c00000, 0x0000000701c00000, 0x0000000701d00000|  0%| F|  |TAMS 0x0000000701c00000, 0x0000000701c00000| Untracked 
|  13|0x0000000701d00000, 0x0000000701d00000, 0x0000000701e00000|  0%| F|  |TAMS 0x0000000701d00000, 0x0000000701d00000| Untracked 
|  14|0x0000000701e00000, 0x0000000701e00000, 0x0000000701f00000|  0%| F|  |TAMS 0x0000000701e00000, 0x0000000701e00000| Untracked 
|  15|0x0000000701f00000, 0x0000000701f00000, 0x0000000702000000|  0%| F|  |TAMS 0x0000000701f00000, 0x0000000701f00000| Untracked 
|  16|0x0000000702000000, 0x0000000702000000, 0x0000000702100000|  0%| F|  |TAMS 0x0000000702000000, 0x0000000702000000| Untracked 
|  17|0x0000000702100000, 0x0000000702100000, 0x0000000702200000|  0%| F|  |TAMS 0x0000000702100000, 0x0000000702100000| Untracked 
|  18|0x0000000702200000, 0x0000000702200000, 0x0000000702300000|  0%| F|  |TAMS 0x0000000702200000, 0x0000000702200000| Untracked 
|  19|0x0000000702300000, 0x0000000702300000, 0x0000000702400000|  0%| F|  |TAMS 0x0000000702300000, 0x0000000702300000| Untracked 
|  20|0x0000000702400000, 0x0000000702400000, 0x0000000702500000|  0%| F|  |TAMS 0x0000000702400000, 0x0000000702400000| Untracked 
|  21|0x0000000702500000, 0x0000000702500000, 0x0000000702600000|  0%| F|  |TAMS 0x0000000702500000, 0x0000000702500000| Untracked 
|  22|0x0000000702600000, 0x0000000702600000, 0x0000000702700000|  0%| F|  |TAMS 0x0000000702600000, 0x0000000702600000| Untracked 
|  23|0x0000000702700000, 0x0000000702700000, 0x0000000702800000|  0%| F|  |TAMS 0x0000000702700000, 0x0000000702700000| Untracked 
|  24|0x0000000702800000, 0x0000000702800000, 0x0000000702900000|  0%| F|  |TAMS 0x0000000702800000, 0x0000000702800000| Untracked 
|  25|0x0000000702900000, 0x0000000702900000, 0x0000000702a00000|  0%| F|  |TAMS 0x0000000702900000, 0x0000000702900000| Untracked 
|  26|0x0000000702a00000, 0x0000000702a00000, 0x0000000702b00000|  0%| F|  |TAMS 0x0000000702a00000, 0x0000000702a00000| Untracked 
|  27|0x0000000702b00000, 0x0000000702b00000, 0x0000000702c00000|  0%| F|  |TAMS 0x0000000702b00000, 0x0000000702b00000| Untracked 
|  28|0x0000000702c00000, 0x0000000702c00000, 0x0000000702d00000|  0%| F|  |TAMS 0x0000000702c00000, 0x0000000702c00000| Untracked 
|  29|0x0000000702d00000, 0x0000000702d00000, 0x0000000702e00000|  0%| F|  |TAMS 0x0000000702d00000, 0x0000000702d00000| Untracked 
|  30|0x0000000702e00000, 0x0000000702e00000, 0x0000000702f00000|  0%| F|  |TAMS 0x0000000702e00000, 0x0000000702e00000| Untracked 
|  31|0x0000000702f00000, 0x0000000702f00000, 0x0000000703000000|  0%| F|  |TAMS 0x0000000702f00000, 0x0000000702f00000| Untracked 
|  32|0x0000000703000000, 0x0000000703000000, 0x0000000703100000|  0%| F|  |TAMS 0x0000000703000000, 0x0000000703000000| Untracked 
|  33|0x0000000703100000, 0x0000000703100000, 0x0000000703200000|  0%| F|  |TAMS 0x0000000703100000, 0x0000000703100000| Untracked 
|  34|0x0000000703200000, 0x0000000703200000, 0x0000000703300000|  0%| F|  |TAMS 0x0000000703200000, 0x0000000703200000| Untracked 
|  35|0x0000000703300000, 0x0000000703300000, 0x0000000703400000|  0%| F|  |TAMS 0x0000000703300000, 0x0000000703300000| Untracked 
|  36|0x0000000703400000, 0x0000000703400000, 0x0000000703500000|  0%| F|  |TAMS 0x0000000703400000, 0x0000000703400000| Untracked 
|  37|0x0000000703500000, 0x0000000703500000, 0x0000000703600000|  0%| F|  |TAMS 0x0000000703500000, 0x0000000703500000| Untracked 
|  38|0x0000000703600000, 0x0000000703600000, 0x0000000703700000|  0%| F|  |TAMS 0x0000000703600000, 0x0000000703600000| Untracked 
|  39|0x0000000703700000, 0x0000000703700000, 0x0000000703800000|  0%| F|  |TAMS 0x0000000703700000, 0x0000000703700000| Untracked 
|  40|0x0000000703800000, 0x0000000703800000, 0x0000000703900000|  0%| F|  |TAMS 0x0000000703800000, 0x0000000703800000| Untracked 
|  41|0x0000000703900000, 0x0000000703900000, 0x0000000703a00000|  0%| F|  |TAMS 0x0000000703900000, 0x0000000703900000| Untracked 
|  42|0x0000000703a00000, 0x0000000703a00000, 0x0000000703b00000|  0%| F|  |TAMS 0x0000000703a00000, 0x0000000703a00000| Untracked 
|  43|0x0000000703b00000, 0x0000000703b00000, 0x0000000703c00000|  0%| F|  |TAMS 0x0000000703b00000, 0x0000000703b00000| Untracked 
|  44|0x0000000703c00000, 0x0000000703c00000, 0x0000000703d00000|  0%| F|  |TAMS 0x0000000703c00000, 0x0000000703c00000| Untracked 
|  45|0x0000000703d00000, 0x0000000703d00000, 0x0000000703e00000|  0%| F|  |TAMS 0x0000000703d00000, 0x0000000703d00000| Untracked 
|  46|0x0000000703e00000, 0x0000000703e00000, 0x0000000703f00000|  0%| F|  |TAMS 0x0000000703e00000, 0x0000000703e00000| Untracked 
|  47|0x0000000703f00000, 0x0000000703f00000, 0x0000000704000000|  0%| F|  |TAMS 0x0000000703f00000, 0x0000000703f00000| Untracked 
|  48|0x0000000704000000, 0x0000000704000000, 0x0000000704100000|  0%| F|  |TAMS 0x0000000704000000, 0x0000000704000000| Untracked 
|  49|0x0000000704100000, 0x0000000704100000, 0x0000000704200000|  0%| F|  |TAMS 0x0000000704100000, 0x0000000704100000| Untracked 
|  50|0x0000000704200000, 0x0000000704200000, 0x0000000704300000|  0%| F|  |TAMS 0x0000000704200000, 0x0000000704200000| Untracked 
|  51|0x0000000704300000, 0x0000000704300000, 0x0000000704400000|  0%| F|  |TAMS 0x0000000704300000, 0x0000000704300000| Untracked 
|  52|0x0000000704400000, 0x0000000704400000, 0x0000000704500000|  0%| F|  |TAMS 0x0000000704400000, 0x0000000704400000| Untracked 
|  53|0x0000000704500000, 0x0000000704500000, 0x0000000704600000|  0%| F|  |TAMS 0x0000000704500000, 0x0000000704500000| Untracked 
|  54|0x0000000704600000, 0x0000000704600000, 0x0000000704700000|  0%| F|  |TAMS 0x0000000704600000, 0x0000000704600000| Untracked 
|  55|0x0000000704700000, 0x0000000704700000, 0x0000000704800000|  0%| F|  |TAMS 0x0000000704700000, 0x0000000704700000| Untracked 
|  56|0x0000000704800000, 0x0000000704800000, 0x0000000704900000|  0%| F|  |TAMS 0x0000000704800000, 0x0000000704800000| Untracked 
|  57|0x0000000704900000, 0x0000000704900000, 0x0000000704a00000|  0%| F|  |TAMS 0x0000000704900000, 0x0000000704900000| Untracked 
|  58|0x0000000704a00000, 0x0000000704a00000, 0x0000000704b00000|  0%| F|  |TAMS 0x0000000704a00000, 0x0000000704a00000| Untracked 
|  59|0x0000000704b00000, 0x0000000704b00000, 0x0000000704c00000|  0%| F|  |TAMS 0x0000000704b00000, 0x0000000704b00000| Untracked 
|  60|0x0000000704c00000, 0x0000000704c00000, 0x0000000704d00000|  0%| F|  |TAMS 0x0000000704c00000, 0x0000000704c00000| Untracked 
|  61|0x0000000704d00000, 0x0000000704d00000, 0x0000000704e00000|  0%| F|  |TAMS 0x0000000704d00000, 0x0000000704d00000| Untracked 
|  62|0x0000000704e00000, 0x0000000704e00000, 0x0000000704f00000|  0%| F|  |TAMS 0x0000000704e00000, 0x0000000704e00000| Untracked 
|  63|0x0000000704f00000, 0x0000000704f00000, 0x0000000705000000|  0%| F|  |TAMS 0x0000000704f00000, 0x0000000704f00000| Untracked 
|  64|0x0000000705000000, 0x0000000705000000, 0x0000000705100000|  0%| F|  |TAMS 0x0000000705000000, 0x0000000705000000| Untracked 
|  65|0x0000000705100000, 0x0000000705100000, 0x0000000705200000|  0%| F|  |TAMS 0x0000000705100000, 0x0000000705100000| Untracked 
|  66|0x0000000705200000, 0x0000000705200000, 0x0000000705300000|  0%| F|  |TAMS 0x0000000705200000, 0x0000000705200000| Untracked 
|  67|0x0000000705300000, 0x0000000705300000, 0x0000000705400000|  0%| F|  |TAMS 0x0000000705300000, 0x0000000705300000| Untracked 
|  68|0x0000000705400000, 0x0000000705400000, 0x0000000705500000|  0%| F|  |TAMS 0x0000000705400000, 0x0000000705400000| Untracked 
|  69|0x0000000705500000, 0x0000000705500000, 0x0000000705600000|  0%| F|  |TAMS 0x0000000705500000, 0x0000000705500000| Untracked 
|  70|0x0000000705600000, 0x0000000705600000, 0x0000000705700000|  0%| F|  |TAMS 0x0000000705600000, 0x0000000705600000| Untracked 
|  71|0x0000000705700000, 0x0000000705700000, 0x0000000705800000|  0%| F|  |TAMS 0x0000000705700000, 0x0000000705700000| Untracked 
|  72|0x0000000705800000, 0x0000000705800000, 0x0000000705900000|  0%| F|  |TAMS 0x0000000705800000, 0x0000000705800000| Untracked 
|  73|0x0000000705900000, 0x0000000705900000, 0x0000000705a00000|  0%| F|  |TAMS 0x0000000705900000, 0x0000000705900000| Untracked 
|  74|0x0000000705a00000, 0x0000000705a00000, 0x0000000705b00000|  0%| F|  |TAMS 0x0000000705a00000, 0x0000000705a00000| Untracked 
|  75|0x0000000705b00000, 0x0000000705b00000, 0x0000000705c00000|  0%| F|  |TAMS 0x0000000705b00000, 0x0000000705b00000| Untracked 
|  76|0x0000000705c00000, 0x0000000705c00000, 0x0000000705d00000|  0%| F|  |TAMS 0x0000000705c00000, 0x0000000705c00000| Untracked 
|  77|0x0000000705d00000, 0x0000000705d00000, 0x0000000705e00000|  0%| F|  |TAMS 0x0000000705d00000, 0x0000000705d00000| Untracked 
|  78|0x0000000705e00000, 0x0000000705e00000, 0x0000000705f00000|  0%| F|  |TAMS 0x0000000705e00000, 0x0000000705e00000| Untracked 
|  79|0x0000000705f00000, 0x0000000705f00000, 0x0000000706000000|  0%| F|  |TAMS 0x0000000705f00000, 0x0000000705f00000| Untracked 
|  80|0x0000000706000000, 0x0000000706000000, 0x0000000706100000|  0%| F|  |TAMS 0x0000000706000000, 0x0000000706000000| Untracked 
|  81|0x0000000706100000, 0x0000000706100000, 0x0000000706200000|  0%| F|  |TAMS 0x0000000706100000, 0x0000000706100000| Untracked 
|  82|0x0000000706200000, 0x0000000706200000, 0x0000000706300000|  0%| F|  |TAMS 0x0000000706200000, 0x0000000706200000| Untracked 
|  83|0x0000000706300000, 0x0000000706300000, 0x0000000706400000|  0%| F|  |TAMS 0x0000000706300000, 0x0000000706300000| Untracked 
|  84|0x0000000706400000, 0x0000000706400000, 0x0000000706500000|  0%| F|  |TAMS 0x0000000706400000, 0x0000000706400000| Untracked 
|  85|0x0000000706500000, 0x0000000706500000, 0x0000000706600000|  0%| F|  |TAMS 0x0000000706500000, 0x0000000706500000| Untracked 
|  86|0x0000000706600000, 0x0000000706600000, 0x0000000706700000|  0%| F|  |TAMS 0x0000000706600000, 0x0000000706600000| Untracked 
|  87|0x0000000706700000, 0x0000000706700000, 0x0000000706800000|  0%| F|  |TAMS 0x0000000706700000, 0x0000000706700000| Untracked 
|  88|0x0000000706800000, 0x0000000706800000, 0x0000000706900000|  0%| F|  |TAMS 0x0000000706800000, 0x0000000706800000| Untracked 
|  89|0x0000000706900000, 0x0000000706900000, 0x0000000706a00000|  0%| F|  |TAMS 0x0000000706900000, 0x0000000706900000| Untracked 
|  90|0x0000000706a00000, 0x0000000706a00000, 0x0000000706b00000|  0%| F|  |TAMS 0x0000000706a00000, 0x0000000706a00000| Untracked 
|  91|0x0000000706b00000, 0x0000000706b00000, 0x0000000706c00000|  0%| F|  |TAMS 0x0000000706b00000, 0x0000000706b00000| Untracked 
|  92|0x0000000706c00000, 0x0000000706c00000, 0x0000000706d00000|  0%| F|  |TAMS 0x0000000706c00000, 0x0000000706c00000| Untracked 
|  93|0x0000000706d00000, 0x0000000706d00000, 0x0000000706e00000|  0%| F|  |TAMS 0x0000000706d00000, 0x0000000706d00000| Untracked 
|  94|0x0000000706e00000, 0x0000000706e00000, 0x0000000706f00000|  0%| F|  |TAMS 0x0000000706e00000, 0x0000000706e00000| Untracked 
|  95|0x0000000706f00000, 0x0000000706f00000, 0x0000000707000000|  0%| F|  |TAMS 0x0000000706f00000, 0x0000000706f00000| Untracked 
|  96|0x0000000707000000, 0x0000000707000000, 0x0000000707100000|  0%| F|  |TAMS 0x0000000707000000, 0x0000000707000000| Untracked 
|  97|0x0000000707100000, 0x0000000707100000, 0x0000000707200000|  0%| F|  |TAMS 0x0000000707100000, 0x0000000707100000| Untracked 
|  98|0x0000000707200000, 0x0000000707200000, 0x0000000707300000|  0%| F|  |TAMS 0x0000000707200000, 0x0000000707200000| Untracked 
|  99|0x0000000707300000, 0x0000000707300000, 0x0000000707400000|  0%| F|  |TAMS 0x0000000707300000, 0x0000000707300000| Untracked 
| 100|0x0000000707400000, 0x0000000707400000, 0x0000000707500000|  0%| F|  |TAMS 0x0000000707400000, 0x0000000707400000| Untracked 
| 101|0x0000000707500000, 0x0000000707500000, 0x0000000707600000|  0%| F|  |TAMS 0x0000000707500000, 0x0000000707500000| Untracked 
| 102|0x0000000707600000, 0x0000000707600000, 0x0000000707700000|  0%| F|  |TAMS 0x0000000707600000, 0x0000000707600000| Untracked 
| 103|0x0000000707700000, 0x0000000707700000, 0x0000000707800000|  0%| F|  |TAMS 0x0000000707700000, 0x0000000707700000| Untracked 
| 104|0x0000000707800000, 0x0000000707800000, 0x0000000707900000|  0%| F|  |TAMS 0x0000000707800000, 0x0000000707800000| Untracked 
| 105|0x0000000707900000, 0x0000000707993ae0, 0x0000000707a00000| 57%| S|CS|TAMS 0x0000000707900000, 0x0000000707900000| Complete 
| 106|0x0000000707a00000, 0x0000000707b00000, 0x0000000707b00000|100%| S|CS|TAMS 0x0000000707a00000, 0x0000000707a00000| Complete 
| 107|0x0000000707b00000, 0x0000000707c00000, 0x0000000707c00000|100%| S|CS|TAMS 0x0000000707b00000, 0x0000000707b00000| Complete 
| 108|0x0000000707c00000, 0x0000000707d00000, 0x0000000707d00000|100%| S|CS|TAMS 0x0000000707c00000, 0x0000000707c00000| Complete 
| 109|0x0000000707d00000, 0x0000000707e00000, 0x0000000707e00000|100%| S|CS|TAMS 0x0000000707d00000, 0x0000000707d00000| Complete 
| 110|0x0000000707e00000, 0x0000000707f00000, 0x0000000707f00000|100%| S|CS|TAMS 0x0000000707e00000, 0x0000000707e00000| Complete 
| 111|0x0000000707f00000, 0x0000000708000000, 0x0000000708000000|100%| S|CS|TAMS 0x0000000707f00000, 0x0000000707f00000| Complete 
| 112|0x0000000708000000, 0x0000000708100000, 0x0000000708100000|100%| S|CS|TAMS 0x0000000708000000, 0x0000000708000000| Complete 
| 113|0x0000000708100000, 0x0000000708200000, 0x0000000708200000|100%| S|CS|TAMS 0x0000000708100000, 0x0000000708100000| Complete 
| 114|0x0000000708200000, 0x0000000708300000, 0x0000000708300000|100%| S|CS|TAMS 0x0000000708200000, 0x0000000708200000| Complete 
| 115|0x0000000708300000, 0x0000000708400000, 0x0000000708400000|100%| S|CS|TAMS 0x0000000708300000, 0x0000000708300000| Complete 
| 116|0x0000000708400000, 0x0000000708500000, 0x0000000708500000|100%| S|CS|TAMS 0x0000000708400000, 0x0000000708400000| Complete 
| 117|0x0000000708500000, 0x0000000708600000, 0x0000000708600000|100%| S|CS|TAMS 0x0000000708500000, 0x0000000708500000| Complete 
| 118|0x0000000708600000, 0x0000000708700000, 0x0000000708700000|100%| S|CS|TAMS 0x0000000708600000, 0x0000000708600000| Complete 
| 119|0x0000000708700000, 0x0000000708800000, 0x0000000708800000|100%| S|CS|TAMS 0x0000000708700000, 0x0000000708700000| Complete 
| 120|0x0000000708800000, 0x0000000708900000, 0x0000000708900000|100%| S|CS|TAMS 0x0000000708800000, 0x0000000708800000| Complete 
| 121|0x0000000708900000, 0x0000000708a00000, 0x0000000708a00000|100%| S|CS|TAMS 0x0000000708900000, 0x0000000708900000| Complete 
| 122|0x0000000708a00000, 0x0000000708b00000, 0x0000000708b00000|100%| S|CS|TAMS 0x0000000708a00000, 0x0000000708a00000| Complete 
| 123|0x0000000708b00000, 0x0000000708c00000, 0x0000000708c00000|100%| S|CS|TAMS 0x0000000708b00000, 0x0000000708b00000| Complete 
| 124|0x0000000708c00000, 0x0000000708c00000, 0x0000000708d00000|  0%| F|  |TAMS 0x0000000708c00000, 0x0000000708c00000| Untracked 
| 125|0x0000000708d00000, 0x0000000708d00000, 0x0000000708e00000|  0%| F|  |TAMS 0x0000000708d00000, 0x0000000708d00000| Untracked 
| 126|0x0000000708e00000, 0x0000000708e00000, 0x0000000708f00000|  0%| F|  |TAMS 0x0000000708e00000, 0x0000000708e00000| Untracked 
| 127|0x0000000708f00000, 0x0000000708f00000, 0x0000000709000000|  0%| F|  |TAMS 0x0000000708f00000, 0x0000000708f00000| Untracked 
| 128|0x0000000709000000, 0x0000000709000000, 0x0000000709100000|  0%| F|  |TAMS 0x0000000709000000, 0x0000000709000000| Untracked 
| 129|0x0000000709100000, 0x0000000709100000, 0x0000000709200000|  0%| F|  |TAMS 0x0000000709100000, 0x0000000709100000| Untracked 
| 130|0x0000000709200000, 0x0000000709200000, 0x0000000709300000|  0%| F|  |TAMS 0x0000000709200000, 0x0000000709200000| Untracked 
| 131|0x0000000709300000, 0x0000000709300000, 0x0000000709400000|  0%| F|  |TAMS 0x0000000709300000, 0x0000000709300000| Untracked 
| 132|0x0000000709400000, 0x0000000709400000, 0x0000000709500000|  0%| F|  |TAMS 0x0000000709400000, 0x0000000709400000| Untracked 
| 133|0x0000000709500000, 0x0000000709500000, 0x0000000709600000|  0%| F|  |TAMS 0x0000000709500000, 0x0000000709500000| Untracked 
| 134|0x0000000709600000, 0x0000000709600000, 0x0000000709700000|  0%| F|  |TAMS 0x0000000709600000, 0x0000000709600000| Untracked 
| 135|0x0000000709700000, 0x0000000709700000, 0x0000000709800000|  0%| F|  |TAMS 0x0000000709700000, 0x0000000709700000| Untracked 
| 136|0x0000000709800000, 0x0000000709800000, 0x0000000709900000|  0%| F|  |TAMS 0x0000000709800000, 0x0000000709800000| Untracked 
| 137|0x0000000709900000, 0x0000000709900000, 0x0000000709a00000|  0%| F|  |TAMS 0x0000000709900000, 0x0000000709900000| Untracked 
| 138|0x0000000709a00000, 0x0000000709a00000, 0x0000000709b00000|  0%| F|  |TAMS 0x0000000709a00000, 0x0000000709a00000| Untracked 
| 139|0x0000000709b00000, 0x0000000709b00000, 0x0000000709c00000|  0%| F|  |TAMS 0x0000000709b00000, 0x0000000709b00000| Untracked 
| 140|0x0000000709c00000, 0x0000000709c00000, 0x0000000709d00000|  0%| F|  |TAMS 0x0000000709c00000, 0x0000000709c00000| Untracked 
| 141|0x0000000709d00000, 0x0000000709d00000, 0x0000000709e00000|  0%| F|  |TAMS 0x0000000709d00000, 0x0000000709d00000| Untracked 
| 142|0x0000000709e00000, 0x0000000709e00000, 0x0000000709f00000|  0%| F|  |TAMS 0x0000000709e00000, 0x0000000709e00000| Untracked 
| 143|0x0000000709f00000, 0x0000000709f00000, 0x000000070a000000|  0%| F|  |TAMS 0x0000000709f00000, 0x0000000709f00000| Untracked 
| 144|0x000000070a000000, 0x000000070a000000, 0x000000070a100000|  0%| F|  |TAMS 0x000000070a000000, 0x000000070a000000| Untracked 
| 145|0x000000070a100000, 0x000000070a100000, 0x000000070a200000|  0%| F|  |TAMS 0x000000070a100000, 0x000000070a100000| Untracked 
| 146|0x000000070a200000, 0x000000070a200000, 0x000000070a300000|  0%| F|  |TAMS 0x000000070a200000, 0x000000070a200000| Untracked 
| 147|0x000000070a300000, 0x000000070a300000, 0x000000070a400000|  0%| F|  |TAMS 0x000000070a300000, 0x000000070a300000| Untracked 
| 148|0x000000070a400000, 0x000000070a400000, 0x000000070a500000|  0%| F|  |TAMS 0x000000070a400000, 0x000000070a400000| Untracked 
| 149|0x000000070a500000, 0x000000070a500000, 0x000000070a600000|  0%| F|  |TAMS 0x000000070a500000, 0x000000070a500000| Untracked 
| 150|0x000000070a600000, 0x000000070a600000, 0x000000070a700000|  0%| F|  |TAMS 0x000000070a600000, 0x000000070a600000| Untracked 
| 151|0x000000070a700000, 0x000000070a700000, 0x000000070a800000|  0%| F|  |TAMS 0x000000070a700000, 0x000000070a700000| Untracked 
| 152|0x000000070a800000, 0x000000070a800000, 0x000000070a900000|  0%| F|  |TAMS 0x000000070a800000, 0x000000070a800000| Untracked 
| 153|0x000000070a900000, 0x000000070a900000, 0x000000070aa00000|  0%| F|  |TAMS 0x000000070a900000, 0x000000070a900000| Untracked 
| 154|0x000000070aa00000, 0x000000070aa00000, 0x000000070ab00000|  0%| F|  |TAMS 0x000000070aa00000, 0x000000070aa00000| Untracked 
| 155|0x000000070ab00000, 0x000000070ab00000, 0x000000070ac00000|  0%| F|  |TAMS 0x000000070ab00000, 0x000000070ab00000| Untracked 
| 156|0x000000070ac00000, 0x000000070ac00000, 0x000000070ad00000|  0%| F|  |TAMS 0x000000070ac00000, 0x000000070ac00000| Untracked 
| 157|0x000000070ad00000, 0x000000070ad00000, 0x000000070ae00000|  0%| F|  |TAMS 0x000000070ad00000, 0x000000070ad00000| Untracked 
| 158|0x000000070ae00000, 0x000000070ae00000, 0x000000070af00000|  0%| F|  |TAMS 0x000000070ae00000, 0x000000070ae00000| Untracked 
| 159|0x000000070af00000, 0x000000070af00000, 0x000000070b000000|  0%| F|  |TAMS 0x000000070af00000, 0x000000070af00000| Untracked 
| 160|0x000000070b000000, 0x000000070b000000, 0x000000070b100000|  0%| F|  |TAMS 0x000000070b000000, 0x000000070b000000| Untracked 
| 161|0x000000070b100000, 0x000000070b100000, 0x000000070b200000|  0%| F|  |TAMS 0x000000070b100000, 0x000000070b100000| Untracked 
| 162|0x000000070b200000, 0x000000070b200000, 0x000000070b300000|  0%| F|  |TAMS 0x000000070b200000, 0x000000070b200000| Untracked 
| 163|0x000000070b300000, 0x000000070b300000, 0x000000070b400000|  0%| F|  |TAMS 0x000000070b300000, 0x000000070b300000| Untracked 
| 164|0x000000070b400000, 0x000000070b400000, 0x000000070b500000|  0%| F|  |TAMS 0x000000070b400000, 0x000000070b400000| Untracked 
| 165|0x000000070b500000, 0x000000070b500000, 0x000000070b600000|  0%| F|  |TAMS 0x000000070b500000, 0x000000070b500000| Untracked 
| 166|0x000000070b600000, 0x000000070b600000, 0x000000070b700000|  0%| F|  |TAMS 0x000000070b600000, 0x000000070b600000| Untracked 
| 167|0x000000070b700000, 0x000000070b700000, 0x000000070b800000|  0%| F|  |TAMS 0x000000070b700000, 0x000000070b700000| Untracked 
| 168|0x000000070b800000, 0x000000070b800000, 0x000000070b900000|  0%| F|  |TAMS 0x000000070b800000, 0x000000070b800000| Untracked 
| 169|0x000000070b900000, 0x000000070b900000, 0x000000070ba00000|  0%| F|  |TAMS 0x000000070b900000, 0x000000070b900000| Untracked 
| 170|0x000000070ba00000, 0x000000070ba00000, 0x000000070bb00000|  0%| F|  |TAMS 0x000000070ba00000, 0x000000070ba00000| Untracked 
| 171|0x000000070bb00000, 0x000000070bb00000, 0x000000070bc00000|  0%| F|  |TAMS 0x000000070bb00000, 0x000000070bb00000| Untracked 
| 172|0x000000070bc00000, 0x000000070bc00000, 0x000000070bd00000|  0%| F|  |TAMS 0x000000070bc00000, 0x000000070bc00000| Untracked 
| 173|0x000000070bd00000, 0x000000070bd00000, 0x000000070be00000|  0%| F|  |TAMS 0x000000070bd00000, 0x000000070bd00000| Untracked 
| 174|0x000000070be00000, 0x000000070be00000, 0x000000070bf00000|  0%| F|  |TAMS 0x000000070be00000, 0x000000070be00000| Untracked 
| 175|0x000000070bf00000, 0x000000070bf00000, 0x000000070c000000|  0%| F|  |TAMS 0x000000070bf00000, 0x000000070bf00000| Untracked 
| 176|0x000000070c000000, 0x000000070c000000, 0x000000070c100000|  0%| F|  |TAMS 0x000000070c000000, 0x000000070c000000| Untracked 
| 177|0x000000070c100000, 0x000000070c100000, 0x000000070c200000|  0%| F|  |TAMS 0x000000070c100000, 0x000000070c100000| Untracked 
| 178|0x000000070c200000, 0x000000070c200000, 0x000000070c300000|  0%| F|  |TAMS 0x000000070c200000, 0x000000070c200000| Untracked 
| 179|0x000000070c300000, 0x000000070c300000, 0x000000070c400000|  0%| F|  |TAMS 0x000000070c300000, 0x000000070c300000| Untracked 
| 180|0x000000070c400000, 0x000000070c400000, 0x000000070c500000|  0%| F|  |TAMS 0x000000070c400000, 0x000000070c400000| Untracked 
| 181|0x000000070c500000, 0x000000070c500000, 0x000000070c600000|  0%| F|  |TAMS 0x000000070c500000, 0x000000070c500000| Untracked 
| 182|0x000000070c600000, 0x000000070c600000, 0x000000070c700000|  0%| F|  |TAMS 0x000000070c600000, 0x000000070c600000| Untracked 
| 183|0x000000070c700000, 0x000000070c700000, 0x000000070c800000|  0%| F|  |TAMS 0x000000070c700000, 0x000000070c700000| Untracked 
| 184|0x000000070c800000, 0x000000070c800000, 0x000000070c900000|  0%| F|  |TAMS 0x000000070c800000, 0x000000070c800000| Untracked 
| 185|0x000000070c900000, 0x000000070c900000, 0x000000070ca00000|  0%| F|  |TAMS 0x000000070c900000, 0x000000070c900000| Untracked 
| 186|0x000000070ca00000, 0x000000070ca00000, 0x000000070cb00000|  0%| F|  |TAMS 0x000000070ca00000, 0x000000070ca00000| Untracked 
| 187|0x000000070cb00000, 0x000000070cb00000, 0x000000070cc00000|  0%| F|  |TAMS 0x000000070cb00000, 0x000000070cb00000| Untracked 
| 188|0x000000070cc00000, 0x000000070cc00000, 0x000000070cd00000|  0%| F|  |TAMS 0x000000070cc00000, 0x000000070cc00000| Untracked 
| 189|0x000000070cd00000, 0x000000070cd00000, 0x000000070ce00000|  0%| F|  |TAMS 0x000000070cd00000, 0x000000070cd00000| Untracked 
| 190|0x000000070ce00000, 0x000000070ce00000, 0x000000070cf00000|  0%| F|  |TAMS 0x000000070ce00000, 0x000000070ce00000| Untracked 
| 191|0x000000070cf00000, 0x000000070cf00000, 0x000000070d000000|  0%| F|  |TAMS 0x000000070cf00000, 0x000000070cf00000| Untracked 
| 192|0x000000070d000000, 0x000000070d000000, 0x000000070d100000|  0%| F|  |TAMS 0x000000070d000000, 0x000000070d000000| Untracked 
| 193|0x000000070d100000, 0x000000070d100000, 0x000000070d200000|  0%| F|  |TAMS 0x000000070d100000, 0x000000070d100000| Untracked 
| 194|0x000000070d200000, 0x000000070d200000, 0x000000070d300000|  0%| F|  |TAMS 0x000000070d200000, 0x000000070d200000| Untracked 
| 195|0x000000070d300000, 0x000000070d300000, 0x000000070d400000|  0%| F|  |TAMS 0x000000070d300000, 0x000000070d300000| Untracked 
| 196|0x000000070d400000, 0x000000070d400000, 0x000000070d500000|  0%| F|  |TAMS 0x000000070d400000, 0x000000070d400000| Untracked 
| 197|0x000000070d500000, 0x000000070d500000, 0x000000070d600000|  0%| F|  |TAMS 0x000000070d500000, 0x000000070d500000| Untracked 
| 198|0x000000070d600000, 0x000000070d600000, 0x000000070d700000|  0%| F|  |TAMS 0x000000070d600000, 0x000000070d600000| Untracked 
| 199|0x000000070d700000, 0x000000070d700000, 0x000000070d800000|  0%| F|  |TAMS 0x000000070d700000, 0x000000070d700000| Untracked 
| 200|0x000000070d800000, 0x000000070d800000, 0x000000070d900000|  0%| F|  |TAMS 0x000000070d800000, 0x000000070d800000| Untracked 
| 201|0x000000070d900000, 0x000000070d900000, 0x000000070da00000|  0%| F|  |TAMS 0x000000070d900000, 0x000000070d900000| Untracked 
| 202|0x000000070da00000, 0x000000070da00000, 0x000000070db00000|  0%| F|  |TAMS 0x000000070da00000, 0x000000070da00000| Untracked 
| 203|0x000000070db00000, 0x000000070db00000, 0x000000070dc00000|  0%| F|  |TAMS 0x000000070db00000, 0x000000070db00000| Untracked 
| 204|0x000000070dc00000, 0x000000070dc00000, 0x000000070dd00000|  0%| F|  |TAMS 0x000000070dc00000, 0x000000070dc00000| Untracked 
| 205|0x000000070dd00000, 0x000000070dd00000, 0x000000070de00000|  0%| F|  |TAMS 0x000000070dd00000, 0x000000070dd00000| Untracked 
| 206|0x000000070de00000, 0x000000070de00000, 0x000000070df00000|  0%| F|  |TAMS 0x000000070de00000, 0x000000070de00000| Untracked 
| 207|0x000000070df00000, 0x000000070df00000, 0x000000070e000000|  0%| F|  |TAMS 0x000000070df00000, 0x000000070df00000| Untracked 
| 208|0x000000070e000000, 0x000000070e000000, 0x000000070e100000|  0%| F|  |TAMS 0x000000070e000000, 0x000000070e000000| Untracked 
| 209|0x000000070e100000, 0x000000070e100000, 0x000000070e200000|  0%| F|  |TAMS 0x000000070e100000, 0x000000070e100000| Untracked 
| 210|0x000000070e200000, 0x000000070e200000, 0x000000070e300000|  0%| F|  |TAMS 0x000000070e200000, 0x000000070e200000| Untracked 
| 211|0x000000070e300000, 0x000000070e300000, 0x000000070e400000|  0%| F|  |TAMS 0x000000070e300000, 0x000000070e300000| Untracked 
| 212|0x000000070e400000, 0x000000070e400000, 0x000000070e500000|  0%| F|  |TAMS 0x000000070e400000, 0x000000070e400000| Untracked 
| 213|0x000000070e500000, 0x000000070e500000, 0x000000070e600000|  0%| F|  |TAMS 0x000000070e500000, 0x000000070e500000| Untracked 
| 214|0x000000070e600000, 0x000000070e600000, 0x000000070e700000|  0%| F|  |TAMS 0x000000070e600000, 0x000000070e600000| Untracked 
| 215|0x000000070e700000, 0x000000070e700000, 0x000000070e800000|  0%| F|  |TAMS 0x000000070e700000, 0x000000070e700000| Untracked 
| 216|0x000000070e800000, 0x000000070e800000, 0x000000070e900000|  0%| F|  |TAMS 0x000000070e800000, 0x000000070e800000| Untracked 
| 217|0x000000070e900000, 0x000000070e900000, 0x000000070ea00000|  0%| F|  |TAMS 0x000000070e900000, 0x000000070e900000| Untracked 
| 218|0x000000070ea00000, 0x000000070ea00000, 0x000000070eb00000|  0%| F|  |TAMS 0x000000070ea00000, 0x000000070ea00000| Untracked 
| 219|0x000000070eb00000, 0x000000070eb00000, 0x000000070ec00000|  0%| F|  |TAMS 0x000000070eb00000, 0x000000070eb00000| Untracked 
| 220|0x000000070ec00000, 0x000000070ec00000, 0x000000070ed00000|  0%| F|  |TAMS 0x000000070ec00000, 0x000000070ec00000| Untracked 
| 221|0x000000070ed00000, 0x000000070ed00000, 0x000000070ee00000|  0%| F|  |TAMS 0x000000070ed00000, 0x000000070ed00000| Untracked 
| 222|0x000000070ee00000, 0x000000070ee00000, 0x000000070ef00000|  0%| F|  |TAMS 0x000000070ee00000, 0x000000070ee00000| Untracked 
| 223|0x000000070ef00000, 0x000000070ef00000, 0x000000070f000000|  0%| F|  |TAMS 0x000000070ef00000, 0x000000070ef00000| Untracked 
| 224|0x000000070f000000, 0x000000070f000000, 0x000000070f100000|  0%| F|  |TAMS 0x000000070f000000, 0x000000070f000000| Untracked 
| 225|0x000000070f100000, 0x000000070f100000, 0x000000070f200000|  0%| F|  |TAMS 0x000000070f100000, 0x000000070f100000| Untracked 
| 226|0x000000070f200000, 0x000000070f200000, 0x000000070f300000|  0%| F|  |TAMS 0x000000070f200000, 0x000000070f200000| Untracked 
| 227|0x000000070f300000, 0x000000070f300000, 0x000000070f400000|  0%| F|  |TAMS 0x000000070f300000, 0x000000070f300000| Untracked 
| 228|0x000000070f400000, 0x000000070f400000, 0x000000070f500000|  0%| F|  |TAMS 0x000000070f400000, 0x000000070f400000| Untracked 
| 229|0x000000070f500000, 0x000000070f500000, 0x000000070f600000|  0%| F|  |TAMS 0x000000070f500000, 0x000000070f500000| Untracked 
| 230|0x000000070f600000, 0x000000070f600000, 0x000000070f700000|  0%| F|  |TAMS 0x000000070f600000, 0x000000070f600000| Untracked 
| 231|0x000000070f700000, 0x000000070f700000, 0x000000070f800000|  0%| F|  |TAMS 0x000000070f700000, 0x000000070f700000| Untracked 
| 232|0x000000070f800000, 0x000000070f800000, 0x000000070f900000|  0%| F|  |TAMS 0x000000070f800000, 0x000000070f800000| Untracked 
| 233|0x000000070f900000, 0x000000070f900000, 0x000000070fa00000|  0%| F|  |TAMS 0x000000070f900000, 0x000000070f900000| Untracked 
| 234|0x000000070fa00000, 0x000000070fa00000, 0x000000070fb00000|  0%| F|  |TAMS 0x000000070fa00000, 0x000000070fa00000| Untracked 
| 235|0x000000070fb00000, 0x000000070fb00000, 0x000000070fc00000|  0%| F|  |TAMS 0x000000070fb00000, 0x000000070fb00000| Untracked 
| 236|0x000000070fc00000, 0x000000070fc00000, 0x000000070fd00000|  0%| F|  |TAMS 0x000000070fc00000, 0x000000070fc00000| Untracked 
| 237|0x000000070fd00000, 0x000000070fd00000, 0x000000070fe00000|  0%| F|  |TAMS 0x000000070fd00000, 0x000000070fd00000| Untracked 
| 238|0x000000070fe00000, 0x000000070fe00000, 0x000000070ff00000|  0%| F|  |TAMS 0x000000070fe00000, 0x000000070fe00000| Untracked 
| 239|0x000000070ff00000, 0x000000070ff00000, 0x0000000710000000|  0%| F|  |TAMS 0x000000070ff00000, 0x000000070ff00000| Untracked 
| 240|0x0000000710000000, 0x0000000710000000, 0x0000000710100000|  0%| F|  |TAMS 0x0000000710000000, 0x0000000710000000| Untracked 
| 241|0x0000000710100000, 0x0000000710100000, 0x0000000710200000|  0%| F|  |TAMS 0x0000000710100000, 0x0000000710100000| Untracked 
| 242|0x0000000710200000, 0x0000000710200000, 0x0000000710300000|  0%| F|  |TAMS 0x0000000710200000, 0x0000000710200000| Untracked 
| 243|0x0000000710300000, 0x0000000710300000, 0x0000000710400000|  0%| F|  |TAMS 0x0000000710300000, 0x0000000710300000| Untracked 
| 244|0x0000000710400000, 0x0000000710400000, 0x0000000710500000|  0%| F|  |TAMS 0x0000000710400000, 0x0000000710400000| Untracked 
| 245|0x0000000710500000, 0x0000000710500000, 0x0000000710600000|  0%| F|  |TAMS 0x0000000710500000, 0x0000000710500000| Untracked 
| 246|0x0000000710600000, 0x0000000710600000, 0x0000000710700000|  0%| F|  |TAMS 0x0000000710600000, 0x0000000710600000| Untracked 
| 247|0x0000000710700000, 0x0000000710700000, 0x0000000710800000|  0%| F|  |TAMS 0x0000000710700000, 0x0000000710700000| Untracked 
| 248|0x0000000710800000, 0x0000000710800000, 0x0000000710900000|  0%| F|  |TAMS 0x0000000710800000, 0x0000000710800000| Untracked 
| 249|0x0000000710900000, 0x0000000710900000, 0x0000000710a00000|  0%| F|  |TAMS 0x0000000710900000, 0x0000000710900000| Untracked 
| 250|0x0000000710a00000, 0x0000000710a00000, 0x0000000710b00000|  0%| F|  |TAMS 0x0000000710a00000, 0x0000000710a00000| Untracked 
| 251|0x0000000710b00000, 0x0000000710b00000, 0x0000000710c00000|  0%| F|  |TAMS 0x0000000710b00000, 0x0000000710b00000| Untracked 
| 252|0x0000000710c00000, 0x0000000710c00000, 0x0000000710d00000|  0%| F|  |TAMS 0x0000000710c00000, 0x0000000710c00000| Untracked 
| 253|0x0000000710d00000, 0x0000000710d00000, 0x0000000710e00000|  0%| F|  |TAMS 0x0000000710d00000, 0x0000000710d00000| Untracked 
| 254|0x0000000710e00000, 0x0000000710e00000, 0x0000000710f00000|  0%| F|  |TAMS 0x0000000710e00000, 0x0000000710e00000| Untracked 
| 255|0x0000000710f00000, 0x0000000710f00000, 0x0000000711000000|  0%| F|  |TAMS 0x0000000710f00000, 0x0000000710f00000| Untracked 
| 256|0x0000000711000000, 0x0000000711000000, 0x0000000711100000|  0%| F|  |TAMS 0x0000000711000000, 0x0000000711000000| Untracked 
| 257|0x0000000711100000, 0x0000000711100000, 0x0000000711200000|  0%| F|  |TAMS 0x0000000711100000, 0x0000000711100000| Untracked 
| 258|0x0000000711200000, 0x0000000711200000, 0x0000000711300000|  0%| F|  |TAMS 0x0000000711200000, 0x0000000711200000| Untracked 
| 259|0x0000000711300000, 0x0000000711400000, 0x0000000711400000|100%| E|  |TAMS 0x0000000711300000, 0x0000000711300000| Complete 
| 260|0x0000000711400000, 0x0000000711500000, 0x0000000711500000|100%| E|CS|TAMS 0x0000000711400000, 0x0000000711400000| Complete 
| 261|0x0000000711500000, 0x0000000711600000, 0x0000000711600000|100%| E|CS|TAMS 0x0000000711500000, 0x0000000711500000| Complete 
| 262|0x0000000711600000, 0x0000000711700000, 0x0000000711700000|100%| E|CS|TAMS 0x0000000711600000, 0x0000000711600000| Complete 
| 263|0x0000000711700000, 0x0000000711800000, 0x0000000711800000|100%| E|CS|TAMS 0x0000000711700000, 0x0000000711700000| Complete 
| 264|0x0000000711800000, 0x0000000711900000, 0x0000000711900000|100%| E|CS|TAMS 0x0000000711800000, 0x0000000711800000| Complete 
| 265|0x0000000711900000, 0x0000000711a00000, 0x0000000711a00000|100%| E|CS|TAMS 0x0000000711900000, 0x0000000711900000| Complete 
| 266|0x0000000711a00000, 0x0000000711b00000, 0x0000000711b00000|100%| E|CS|TAMS 0x0000000711a00000, 0x0000000711a00000| Complete 
| 267|0x0000000711b00000, 0x0000000711c00000, 0x0000000711c00000|100%| E|CS|TAMS 0x0000000711b00000, 0x0000000711b00000| Complete 
| 268|0x0000000711c00000, 0x0000000711d00000, 0x0000000711d00000|100%| E|CS|TAMS 0x0000000711c00000, 0x0000000711c00000| Complete 
| 269|0x0000000711d00000, 0x0000000711e00000, 0x0000000711e00000|100%| E|CS|TAMS 0x0000000711d00000, 0x0000000711d00000| Complete 
| 270|0x0000000711e00000, 0x0000000711f00000, 0x0000000711f00000|100%| E|CS|TAMS 0x0000000711e00000, 0x0000000711e00000| Complete 
| 271|0x0000000711f00000, 0x0000000712000000, 0x0000000712000000|100%| E|CS|TAMS 0x0000000711f00000, 0x0000000711f00000| Complete 
| 272|0x0000000712000000, 0x0000000712100000, 0x0000000712100000|100%| E|CS|TAMS 0x0000000712000000, 0x0000000712000000| Complete 
| 273|0x0000000712100000, 0x0000000712200000, 0x0000000712200000|100%| E|CS|TAMS 0x0000000712100000, 0x0000000712100000| Complete 
| 274|0x0000000712200000, 0x0000000712300000, 0x0000000712300000|100%| E|CS|TAMS 0x0000000712200000, 0x0000000712200000| Complete 
| 275|0x0000000712300000, 0x0000000712400000, 0x0000000712400000|100%| E|CS|TAMS 0x0000000712300000, 0x0000000712300000| Complete 
| 276|0x0000000712400000, 0x0000000712500000, 0x0000000712500000|100%| E|CS|TAMS 0x0000000712400000, 0x0000000712400000| Complete 
| 277|0x0000000712500000, 0x0000000712600000, 0x0000000712600000|100%| E|CS|TAMS 0x0000000712500000, 0x0000000712500000| Complete 
| 278|0x0000000712600000, 0x0000000712700000, 0x0000000712700000|100%| E|CS|TAMS 0x0000000712600000, 0x0000000712600000| Complete 
| 279|0x0000000712700000, 0x0000000712800000, 0x0000000712800000|100%| E|CS|TAMS 0x0000000712700000, 0x0000000712700000| Complete 
| 280|0x0000000712800000, 0x0000000712900000, 0x0000000712900000|100%| E|CS|TAMS 0x0000000712800000, 0x0000000712800000| Complete 
| 281|0x0000000712900000, 0x0000000712a00000, 0x0000000712a00000|100%| E|CS|TAMS 0x0000000712900000, 0x0000000712900000| Complete 
| 282|0x0000000712a00000, 0x0000000712b00000, 0x0000000712b00000|100%| E|CS|TAMS 0x0000000712a00000, 0x0000000712a00000| Complete 
| 283|0x0000000712b00000, 0x0000000712c00000, 0x0000000712c00000|100%| E|CS|TAMS 0x0000000712b00000, 0x0000000712b00000| Complete 
| 284|0x0000000712c00000, 0x0000000712d00000, 0x0000000712d00000|100%| E|CS|TAMS 0x0000000712c00000, 0x0000000712c00000| Complete 
| 285|0x0000000712d00000, 0x0000000712e00000, 0x0000000712e00000|100%| E|CS|TAMS 0x0000000712d00000, 0x0000000712d00000| Complete 
| 286|0x0000000712e00000, 0x0000000712f00000, 0x0000000712f00000|100%| E|CS|TAMS 0x0000000712e00000, 0x0000000712e00000| Complete 
| 287|0x0000000712f00000, 0x0000000713000000, 0x0000000713000000|100%| E|CS|TAMS 0x0000000712f00000, 0x0000000712f00000| Complete 
| 288|0x0000000713000000, 0x0000000713100000, 0x0000000713100000|100%| E|CS|TAMS 0x0000000713000000, 0x0000000713000000| Complete 
| 289|0x0000000713100000, 0x0000000713200000, 0x0000000713200000|100%| E|CS|TAMS 0x0000000713100000, 0x0000000713100000| Complete 
| 290|0x0000000713200000, 0x0000000713300000, 0x0000000713300000|100%| E|CS|TAMS 0x0000000713200000, 0x0000000713200000| Complete 
| 291|0x0000000713300000, 0x0000000713400000, 0x0000000713400000|100%| E|CS|TAMS 0x0000000713300000, 0x0000000713300000| Complete 
| 292|0x0000000713400000, 0x0000000713500000, 0x0000000713500000|100%| E|CS|TAMS 0x0000000713400000, 0x0000000713400000| Complete 
| 293|0x0000000713500000, 0x0000000713600000, 0x0000000713600000|100%| E|CS|TAMS 0x0000000713500000, 0x0000000713500000| Complete 
| 294|0x0000000713600000, 0x0000000713700000, 0x0000000713700000|100%| E|CS|TAMS 0x0000000713600000, 0x0000000713600000| Complete 
| 295|0x0000000713700000, 0x0000000713800000, 0x0000000713800000|100%| E|CS|TAMS 0x0000000713700000, 0x0000000713700000| Complete 
| 296|0x0000000713800000, 0x0000000713900000, 0x0000000713900000|100%| E|CS|TAMS 0x0000000713800000, 0x0000000713800000| Complete 
| 297|0x0000000713900000, 0x0000000713a00000, 0x0000000713a00000|100%| E|CS|TAMS 0x0000000713900000, 0x0000000713900000| Complete 
| 298|0x0000000713a00000, 0x0000000713b00000, 0x0000000713b00000|100%| E|CS|TAMS 0x0000000713a00000, 0x0000000713a00000| Complete 
| 299|0x0000000713b00000, 0x0000000713c00000, 0x0000000713c00000|100%| E|CS|TAMS 0x0000000713b00000, 0x0000000713b00000| Complete 
| 300|0x0000000713c00000, 0x0000000713d00000, 0x0000000713d00000|100%| E|CS|TAMS 0x0000000713c00000, 0x0000000713c00000| Complete 
| 301|0x0000000713d00000, 0x0000000713e00000, 0x0000000713e00000|100%| E|CS|TAMS 0x0000000713d00000, 0x0000000713d00000| Complete 
| 302|0x0000000713e00000, 0x0000000713f00000, 0x0000000713f00000|100%| E|CS|TAMS 0x0000000713e00000, 0x0000000713e00000| Complete 
| 303|0x0000000713f00000, 0x0000000714000000, 0x0000000714000000|100%| E|CS|TAMS 0x0000000713f00000, 0x0000000713f00000| Complete 
| 304|0x0000000714000000, 0x0000000714100000, 0x0000000714100000|100%| E|CS|TAMS 0x0000000714000000, 0x0000000714000000| Complete 
| 305|0x0000000714100000, 0x0000000714200000, 0x0000000714200000|100%| E|CS|TAMS 0x0000000714100000, 0x0000000714100000| Complete 
| 306|0x0000000714200000, 0x0000000714300000, 0x0000000714300000|100%| E|CS|TAMS 0x0000000714200000, 0x0000000714200000| Complete 
| 307|0x0000000714300000, 0x0000000714400000, 0x0000000714400000|100%| E|CS|TAMS 0x0000000714300000, 0x0000000714300000| Complete 

Card table byte_map: [0x0000017459c30000,0x000001745a430000] _byte_map_base: 0x0000017456428000

Marking Bits (Prev, Next): (CMBitMap*) 0x000001744183bb60, (CMBitMap*) 0x000001744183bb28
 Prev Bits: [0x000001745ebf0000, 0x0000017462bb0000)
 Next Bits: [0x000001745ac30000, 0x000001745ebf0000)

Polling page: 0x000001743f5b0000

Metaspace:

Usage:
  Non-class:     70.50 MB capacity,    69.31 MB ( 98%) used,   955.01 KB (  1%) free+waste,   257.94 KB ( <1%) overhead. 
      Class:     10.82 MB capacity,    10.04 MB ( 93%) used,   678.16 KB (  6%) free+waste,   119.56 KB (  1%) overhead. 
       Both:     81.32 MB capacity,    79.35 MB ( 98%) used,     1.59 MB (  2%) free+waste,   377.50 KB ( <1%) overhead. 

Virtual space:
  Non-class space:       72.00 MB reserved,      70.50 MB ( 98%) committed 
      Class space:        1.00 GB reserved,      10.88 MB (  1%) committed 
             Both:        1.07 GB reserved,      81.38 MB (  7%) committed 

Chunk freelists:
   Non-Class:  4.00 KB
       Class:  0 bytes
        Both:  4.00 KB

MaxMetaspaceSize: 17179869184.00 GB
CompressedClassSpaceSize: 1.00 GB

CodeHeap 'non-profiled nmethods': size=120000Kb used=5220Kb max_used=5220Kb free=114779Kb
 bounds [0x00000174519a0000, 0x0000017451ec0000, 0x0000017458ed0000]
CodeHeap 'profiled nmethods': size=120000Kb used=17682Kb max_used=17682Kb free=102317Kb
 bounds [0x000001744a470000, 0x000001744b5c0000, 0x00000174519a0000]
CodeHeap 'non-nmethods': size=5760Kb used=1289Kb max_used=1337Kb free=4470Kb
 bounds [0x0000017449ed0000, 0x000001744a140000, 0x000001744a470000]
 total_blobs=8656 nmethods=7980 adapters=585
 compilation: enabled
              stopped_count=0, restarted_count=0
 full_count=0

Compilation events (20 events):
Event: 2493.587 Thread 0x0000017466285000 8055       4       org.springframework.core.ResolvableType::hashCode (22 bytes)
Event: 2493.587 Thread 0x000001746628b800 nmethod 8052 0x000001744b5b1410 code [0x000001744b5b1600, 0x000001744b5b1c58]
Event: 2493.587 Thread 0x000001746628b800 8054       3       org.springframework.web.context.request.ServletRequestAttributes::<init> (11 bytes)
Event: 2493.587 Thread 0x000001746628b800 nmethod 8054 0x000001744b5b1e10 code [0x000001744b5b2060, 0x000001744b5b2888]
Event: 2493.587 Thread 0x000001746628b800 8053       1       org.hibernate.internal.util.collections.IdentityMap$IdentityKey::access$100 (5 bytes)
Event: 2493.588 Thread 0x000001746628b800 nmethod 8053 0x0000017451eb8310 code [0x0000017451eb84c0, 0x0000017451eb8558]
Event: 2493.588 Thread 0x000001746628b800 8056       1       org.springframework.http.server.ServletServerHttpResponse::getServletResponse (5 bytes)
Event: 2493.588 Thread 0x000001746628b800 nmethod 8056 0x0000017451eb8610 code [0x0000017451eb87c0, 0x0000017451eb8878]
Event: 2493.588 Thread 0x000001746628b800 8057       1       org.springframework.http.server.ServletServerHttpRequest::getServletRequest (5 bytes)
Event: 2493.588 Thread 0x000001746628b800 nmethod 8057 0x0000017451eb8910 code [0x0000017451eb8ac0, 0x0000017451eb8b78]
Event: 2493.588 Thread 0x000001746628b800 8058       3       org.apache.catalina.connector.ResponseFacade::containsHeader (32 bytes)
Event: 2493.588 Thread 0x000001746628b800 nmethod 8058 0x000001744b5b2b90 code [0x000001744b5b2d80, 0x000001744b5b3028]
Event: 2493.588 Thread 0x000001746628b800 8059       3       org.apache.catalina.connector.Response::containsHeader (81 bytes)
Event: 2493.589 Thread 0x000001746628b800 nmethod 8059 0x000001744b5b3190 code [0x000001744b5b3440, 0x000001744b5b3f68]
Event: 2493.589 Thread 0x000001746628b800 8061       3       org.springframework.web.context.request.async.StandardServletAsyncWebRequest::isAsyncStarted (25 bytes)
Event: 2493.589 Thread 0x000001746628b800 nmethod 8061 0x000001744b5b4390 code [0x000001744b5b4560, 0x000001744b5b47e8]
Event: 2493.589 Thread 0x000001746628b800 8060       1       org.apache.coyote.Request::hasExpectation (5 bytes)
Event: 2493.589 Thread 0x000001746628b800 nmethod 8060 0x0000017451eb8c10 code [0x0000017451eb8dc0, 0x0000017451eb8e78]
Event: 2493.589 Thread 0x000001746628b800 8062       1       org.apache.coyote.Request::getStartTime (5 bytes)
Event: 2493.589 Thread 0x000001746628b800 nmethod 8062 0x0000017451eb8f10 code [0x0000017451eb90c0, 0x0000017451eb9178]

GC Heap History (16 events):
Event: 0.850 GC heap before
{Heap before GC invocations=0 (full 0):
 garbage-first heap   total 262144K, used 24576K [0x0000000701000000, 0x0000000800000000)
  region size 1024K, 24 young (24576K), 0 survivors (0K)
 Metaspace       used 11874K, capacity 12108K, committed 12288K, reserved 1060864K
  class space    used 1165K, capacity 1248K, committed 1280K, reserved 1048576K
}
Event: 0.855 GC heap after
{Heap after GC invocations=1 (full 0):
 garbage-first heap   total 262144K, used 7733K [0x0000000701000000, 0x0000000800000000)
  region size 1024K, 3 young (3072K), 3 survivors (3072K)
 Metaspace       used 11874K, capacity 12108K, committed 12288K, reserved 1060864K
  class space    used 1165K, capacity 1248K, committed 1280K, reserved 1048576K
}
Event: 1.580 GC heap before
{Heap before GC invocations=1 (full 0):
 garbage-first heap   total 262144K, used 53813K [0x0000000701000000, 0x0000000800000000)
  region size 1024K, 49 young (50176K), 3 survivors (3072K)
 Metaspace       used 20708K, capacity 21201K, committed 21248K, reserved 1069056K
  class space    used 2333K, capacity 2544K, committed 2560K, reserved 1048576K
}
Event: 1.586 GC heap after
{Heap after GC invocations=2 (full 0):
 garbage-first heap   total 262144K, used 9860K [0x0000000701000000, 0x0000000800000000)
  region size 1024K, 6 young (6144K), 6 survivors (6144K)
 Metaspace       used 20708K, capacity 21201K, committed 21248K, reserved 1069056K
  class space    used 2333K, capacity 2544K, committed 2560K, reserved 1048576K
}
Event: 1.914 GC heap before
{Heap before GC invocations=3 (full 0):
 garbage-first heap   total 262144K, used 49796K [0x0000000701000000, 0x0000000800000000)
  region size 1024K, 45 young (46080K), 6 survivors (6144K)
 Metaspace       used 25708K, capacity 26347K, committed 26624K, reserved 1073152K
  class space    used 2971K, capacity 3213K, committed 3328K, reserved 1048576K
}
Event: 1.920 GC heap after
{Heap after GC invocations=4 (full 0):
 garbage-first heap   total 262144K, used 11618K [0x0000000701000000, 0x0000000800000000)
  region size 1024K, 4 young (4096K), 4 survivors (4096K)
 Metaspace       used 25708K, capacity 26347K, committed 26624K, reserved 1073152K
  class space    used 2971K, capacity 3213K, committed 3328K, reserved 1048576K
}
Event: 2.257 GC heap before
{Heap before GC invocations=4 (full 0):
 garbage-first heap   total 262144K, used 80226K [0x0000000701000000, 0x0000000800000000)
  region size 1024K, 72 young (73728K), 4 survivors (4096K)
 Metaspace       used 29572K, capacity 30283K, committed 30464K, reserved 1075200K
  class space    used 3438K, capacity 3723K, committed 3840K, reserved 1048576K
}
Event: 2.262 GC heap after
{Heap after GC invocations=5 (full 0):
 garbage-first heap   total 262144K, used 13133K [0x0000000701000000, 0x0000000800000000)
  region size 1024K, 6 young (6144K), 6 survivors (6144K)
 Metaspace       used 29572K, capacity 30283K, committed 30464K, reserved 1075200K
  class space    used 3438K, capacity 3723K, committed 3840K, reserved 1048576K
}
Event: 3.046 GC heap before
{Heap before GC invocations=5 (full 0):
 garbage-first heap   total 262144K, used 61261K [0x0000000701000000, 0x0000000800000000)
  region size 1024K, 54 young (55296K), 6 survivors (6144K)
 Metaspace       used 34889K, capacity 35703K, committed 35840K, reserved 1081344K
  class space    used 4150K, capacity 4490K, committed 4608K, reserved 1048576K
}
Event: 3.056 GC heap after
{Heap after GC invocations=6 (full 0):
 garbage-first heap   total 315392K, used 15165K [0x0000000701000000, 0x0000000800000000)
  region size 1024K, 8 young (8192K), 8 survivors (8192K)
 Metaspace       used 34889K, capacity 35703K, committed 35840K, reserved 1081344K
  class space    used 4150K, capacity 4490K, committed 4608K, reserved 1048576K
}
Event: 4.617 GC heap before
{Heap before GC invocations=7 (full 0):
 garbage-first heap   total 315392K, used 128829K [0x0000000701000000, 0x0000000800000000)
  region size 1024K, 120 young (122880K), 8 survivors (8192K)
 Metaspace       used 48301K, capacity 49566K, committed 49664K, reserved 1093632K
  class space    used 5775K, capacity 6323K, committed 6400K, reserved 1048576K
}
Event: 4.627 GC heap after
{Heap after GC invocations=8 (full 0):
 garbage-first heap   total 315392K, used 19973K [0x0000000701000000, 0x0000000800000000)
  region size 1024K, 13 young (13312K), 13 survivors (13312K)
 Metaspace       used 48301K, capacity 49566K, committed 49664K, reserved 1093632K
  class space    used 5775K, capacity 6323K, committed 6400K, reserved 1048576K
}
Event: 5.527 GC heap before
{Heap before GC invocations=8 (full 0):
 garbage-first heap   total 315392K, used 70149K [0x0000000701000000, 0x0000000800000000)
  region size 1024K, 64 young (65536K), 13 survivors (13312K)
 Metaspace       used 58793K, capacity 60080K, committed 60160K, reserved 1101824K
  class space    used 7363K, capacity 7901K, committed 7936K, reserved 1048576K
}
Event: 5.542 GC heap after
{Heap after GC invocations=9 (full 0):
 garbage-first heap   total 315392K, used 22994K [0x0000000701000000, 0x0000000800000000)
  region size 1024K, 13 young (13312K), 13 survivors (13312K)
 Metaspace       used 58793K, capacity 60080K, committed 60160K, reserved 1101824K
  class space    used 7363K, capacity 7901K, committed 7936K, reserved 1048576K
}
Event: 311.038 GC heap before
{Heap before GC invocations=10 (full 0):
 garbage-first heap   total 315392K, used 198098K [0x0000000701000000, 0x0000000800000000)
  region size 1024K, 184 young (188416K), 13 survivors (13312K)
 Metaspace       used 79236K, capacity 81137K, committed 81408K, reserved 1120256K
  class space    used 10127K, capacity 10913K, committed 11008K, reserved 1048576K
}
Event: 311.057 GC heap after
{Heap after GC invocations=11 (full 0):
 garbage-first heap   total 315392K, used 30006K [0x0000000701000000, 0x0000000800000000)
  region size 1024K, 19 young (19456K), 19 survivors (19456K)
 Metaspace       used 79236K, capacity 81137K, committed 81408K, reserved 1120256K
  class space    used 10127K, capacity 10913K, committed 11008K, reserved 1048576K
}

Deoptimization events (20 events):
Event: 1497.439 Thread 0x000001746dd8c800 Uncommon trap: trap_request=0xffffff4d fr.pc=0x0000017451e4a208 relative=0x0000000000000268
Event: 1497.439 Thread 0x000001746dd8c800 Uncommon trap: reason=unstable_if action=reinterpret pc=0x0000017451e4a208 method=ch.qos.logback.classic.Logger.isTraceEnabled(Lorg/slf4j/Marker;)Z @ 23 c2
Event: 1497.439 Thread 0x000001746dd8c800 DEOPT PACKING pc=0x0000017451e4a208 sp=0x0000002ea2af87a0
Event: 1497.439 Thread 0x000001746dd8c800 DEOPT UNPACKING pc=0x0000017449ef68af sp=0x0000002ea2af8648 mode 2
Event: 1497.450 Thread 0x000001746dd8c800 Uncommon trap: trap_request=0xffffff4d fr.pc=0x0000017451e4ad08 relative=0x0000000000000268
Event: 1497.450 Thread 0x000001746dd8c800 Uncommon trap: reason=unstable_if action=reinterpret pc=0x0000017451e4ad08 method=ch.qos.logback.classic.Logger.isTraceEnabled(Lorg/slf4j/Marker;)Z @ 23 c2
Event: 1497.450 Thread 0x000001746dd8c800 DEOPT PACKING pc=0x0000017451e4ad08 sp=0x0000002ea2af8270
Event: 1497.450 Thread 0x000001746dd8c800 DEOPT UNPACKING pc=0x0000017449ef68af sp=0x0000002ea2af8198 mode 2
Event: 1497.450 Thread 0x000001746dd8c800 Uncommon trap: trap_request=0xffffff4d fr.pc=0x0000017451e000fc relative=0x00000000000000bc
Event: 1497.450 Thread 0x000001746dd8c800 Uncommon trap: reason=unstable_if action=reinterpret pc=0x0000017451e000fc method=ch.qos.logback.classic.Logger.isTraceEnabled(Lorg/slf4j/Marker;)Z @ 23 c2
Event: 1497.450 Thread 0x000001746dd8c800 DEOPT PACKING pc=0x0000017451e000fc sp=0x0000002ea2af81d0
Event: 1497.450 Thread 0x000001746dd8c800 DEOPT UNPACKING pc=0x0000017449ef68af sp=0x0000002ea2af8170 mode 2
Event: 1780.834 Thread 0x000001746dd88000 Uncommon trap: trap_request=0xffffff4d fr.pc=0x0000017451e91f9c relative=0x00000000000003dc
Event: 1780.834 Thread 0x000001746dd88000 Uncommon trap: reason=unstable_if action=reinterpret pc=0x0000017451e91f9c method=java.util.concurrent.locks.AbstractQueuedSynchronizer$ConditionObject.addConditionWaiter()Ljava/util/concurrent/locks/AbstractQueuedSynchronizer$Node; @ 33 c2
Event: 1780.834 Thread 0x000001746dd88000 DEOPT PACKING pc=0x0000017451e91f9c sp=0x0000002ea45ff010
Event: 1780.834 Thread 0x000001746dd88000 DEOPT UNPACKING pc=0x0000017449ef68af sp=0x0000002ea45fefb0 mode 2
Event: 1803.249 Thread 0x000001746dd88000 DEOPT PACKING pc=0x000001744ad84c7f sp=0x0000002ea48feb50
Event: 1803.249 Thread 0x000001746dd88000 DEOPT UNPACKING pc=0x0000017449ef705e sp=0x0000002ea48fdff8 mode 0
Event: 2216.817 Thread 0x000001746c824800 DEOPT PACKING pc=0x000001744ad263de sp=0x0000002ea1cfcd60
Event: 2216.817 Thread 0x000001746c824800 DEOPT UNPACKING pc=0x0000017449ef705e sp=0x0000002ea1cfc200 mode 0

Classes redefined (0 events):
No events

Internal exceptions (20 events):
Event: 7.644 Thread 0x00000174417d7000 Exception <a 'java/lang/NoSuchMethodError'{0x000000070b22f7e0}: 'void java.lang.invoke.DirectMethodHandle$Holder.invokeVirtual(java.lang.Object, java.lang.Object)'> (0x000000070b22f7e0) thrown at [./src/hotspot/share/interpreter/linkResolver.cpp, line 773]
Event: 15.032 Thread 0x000001746c821800 Implicit null exception at 0x0000017451bfb050 to 0x0000017451bfb074
Event: 15.221 Thread 0x000001746c821800 Exception <a 'java/lang/reflect/InvocationTargetException'{0x0000000709c79150}> (0x0000000709c79150) thrown at [./src/hotspot/share/runtime/reflection.cpp, line 1247]
Event: 15.271 Thread 0x000001746c821800 Exception <a 'java/lang/NoSuchMethodError'{0x0000000709a60770}: 'java.lang.Object java.lang.invoke.DirectMethodHandle$Holder.invokeStaticInit(java.lang.Object, java.lang.Object, java.lang.Object, java.lang.Object, java.lang.Object, java.lang.Object)'> (0x0000000709a60770) thrown at [./src/hotspot/share/interpreter/linkResolver.cpp, line 773]
Event: 15.312 Thread 0x000001746c821800 Exception <a 'java/lang/NoSuchMethodError'{0x0000000709afc098}: 'java.lang.Object java.lang.invoke.DirectMethodHandle$Holder.invokeStatic(java.lang.Object, long)'> (0x0000000709afc098) thrown at [./src/hotspot/share/interpreter/linkResolver.cpp, line 773]
Event: 35.956 Thread 0x000001746c824800 Exception <a 'java/lang/reflect/InvocationTargetException'{0x000000070943f150}> (0x000000070943f150) thrown at [./src/hotspot/share/runtime/reflection.cpp, line 1247]
Event: 212.640 Thread 0x000001746c826000 Exception <a 'java/lang/reflect/InvocationTargetException'{0x00000007093dec30}> (0x00000007093dec30) thrown at [./src/hotspot/share/runtime/reflection.cpp, line 1247]
Event: 236.254 Thread 0x000001746c822000 Exception <a 'java/lang/reflect/InvocationTargetException'{0x00000007092e1cd0}> (0x00000007092e1cd0) thrown at [./src/hotspot/share/runtime/reflection.cpp, line 1247]
Event: 248.276 Thread 0x000001746dd86000 Exception <a 'java/lang/reflect/InvocationTargetException'{0x00000007091df488}> (0x00000007091df488) thrown at [./src/hotspot/share/runtime/reflection.cpp, line 1247]
Event: 261.706 Thread 0x000001746dd89800 Exception <a 'java/lang/reflect/InvocationTargetException'{0x00000007090dd0d8}> (0x00000007090dd0d8) thrown at [./src/hotspot/share/runtime/reflection.cpp, line 1247]
Event: 272.638 Thread 0x000001746dd87000 Exception <a 'java/lang/reflect/InvocationTargetException'{0x0000000708fe39c8}> (0x0000000708fe39c8) thrown at [./src/hotspot/share/runtime/reflection.cpp, line 1247]
Event: 280.442 Thread 0x000001746dd85800 Exception <a 'java/lang/reflect/InvocationTargetException'{0x0000000708ee1c80}> (0x0000000708ee1c80) thrown at [./src/hotspot/share/runtime/reflection.cpp, line 1247]
Event: 296.151 Thread 0x000001746dd8c800 Exception <a 'java/lang/reflect/InvocationTargetException'{0x0000000708ddd0f0}> (0x0000000708ddd0f0) thrown at [./src/hotspot/share/runtime/reflection.cpp, line 1247]
Event: 311.072 Thread 0x000001746dd8d800 Exception <a 'java/lang/reflect/InvocationTargetException'{0x000000071435caf8}> (0x000000071435caf8) thrown at [./src/hotspot/share/runtime/reflection.cpp, line 1247]
Event: 370.186 Thread 0x000001746c821800 Exception <a 'java/lang/reflect/InvocationTargetException'{0x000000071415c128}> (0x000000071415c128) thrown at [./src/hotspot/share/runtime/reflection.cpp, line 1247]
Event: 374.193 Thread 0x000001746c824800 Exception <a 'java/lang/reflect/InvocationTargetException'{0x000000071405c400}> (0x000000071405c400) thrown at [./src/hotspot/share/runtime/reflection.cpp, line 1247]
Event: 429.850 Thread 0x000001746c826000 Exception <a 'java/lang/reflect/InvocationTargetException'{0x0000000713f5d040}> (0x0000000713f5d040) thrown at [./src/hotspot/share/runtime/reflection.cpp, line 1247]
Event: 434.371 Thread 0x000001746c822000 Exception <a 'java/lang/reflect/InvocationTargetException'{0x0000000713e5d078}> (0x0000000713e5d078) thrown at [./src/hotspot/share/runtime/reflection.cpp, line 1247]
Event: 444.994 Thread 0x000001746dd86000 Exception <a 'java/lang/reflect/InvocationTargetException'{0x0000000713d5d070}> (0x0000000713d5d070) thrown at [./src/hotspot/share/runtime/reflection.cpp, line 1247]
Event: 454.986 Thread 0x000001746dd89800 Exception <a 'java/lang/reflect/InvocationTargetException'{0x0000000713c753e0}> (0x0000000713c753e0) thrown at [./src/hotspot/share/runtime/reflection.cpp, line 1247]

Events (20 events):
Event: 2475.375 loading class kosa/ion/team6/Domain
Event: 2475.375 loading class kosa/ion/team6/Domain done
Event: 2475.375 loading class kosa/ion/team6/Domain
Event: 2475.375 loading class kosa/ion/team6/Domain done
Event: 2475.375 loading class kosa/ion/team6/Domain
Event: 2475.375 loading class kosa/ion/team6/Domain done
Event: 2475.376 loading class kosa/ion/team6/Domain
Event: 2475.376 loading class kosa/ion/team6/Domain done
Event: 2493.558 Executing VM operation: BulkRevokeBias
Event: 2493.559 Executing VM operation: BulkRevokeBias done
Event: 2493.562 Thread 0x000001746dd8a000 Thread added: 0x000001746dd8a000
Event: 2493.566 Thread 0x000001746dd8a000 Thread exited: 0x000001746dd8a000
Event: 2493.568 loading class kosa/ion/team6/Domain
Event: 2493.568 loading class kosa/ion/team6/Domain done
Event: 2493.568 loading class kosa/ion/team6/Domain
Event: 2493.568 loading class kosa/ion/team6/Domain done
Event: 2493.568 loading class kosa/ion/team6/Domain
Event: 2493.568 loading class kosa/ion/team6/Domain done
Event: 2493.568 loading class kosa/ion/team6/Domain
Event: 2493.568 loading class kosa/ion/team6/Domain done


Dynamic libraries:
0x00007ff788700000 - 0x00007ff78870d000 	C:\Users\dongh\.jdks\corretto-11.0.11\bin\java.exe
0x00007ffde65b0000 - 0x00007ffde6790000 	C:\Windows\SYSTEM32\ntdll.dll
0x00007ffde5750000 - 0x00007ffde57fe000 	C:\Windows\System32\KERNEL32.DLL
0x00007ffde29d0000 - 0x00007ffde2c36000 	C:\Windows\System32\KERNELBASE.dll
0x00007ffde3140000 - 0x00007ffde3234000 	C:\Windows\System32\ucrtbase.dll
0x00007ffdda060000 - 0x00007ffdda079000 	C:\Users\dongh\.jdks\corretto-11.0.11\bin\VCRUNTIME140.dll
0x00007ffddef60000 - 0x00007ffddef77000 	C:\Users\dongh\.jdks\corretto-11.0.11\bin\jli.dll
0x00007ffde5bf0000 - 0x00007ffde5d7f000 	C:\Windows\System32\USER32.dll
0x00007ffde29b0000 - 0x00007ffde29d0000 	C:\Windows\System32\win32u.dll
0x00007ffde6240000 - 0x00007ffde6268000 	C:\Windows\System32\GDI32.dll
0x00007ffde2fa0000 - 0x00007ffde3133000 	C:\Windows\System32\gdi32full.dll
0x00007ffde3240000 - 0x00007ffde32db000 	C:\Windows\System32\msvcp_win.dll
0x00007ffdda790000 - 0x00007ffdda9f9000 	C:\Windows\WinSxS\amd64_microsoft.windows.common-controls_6595b64144ccf1df_6.0.16299.1087_none_0f9074b65a6589b7\COMCTL32.dll
0x00007ffde5800000 - 0x00007ffde589d000 	C:\Windows\System32\msvcrt.dll
0x00007ffde6270000 - 0x00007ffde6576000 	C:\Windows\System32\combase.dll
0x00007ffde58a0000 - 0x00007ffde59bf000 	C:\Windows\System32\RPCRT4.dll
0x00007ffde2c40000 - 0x00007ffde2cb2000 	C:\Windows\System32\bcryptPrimitives.dll
0x00007ffde5570000 - 0x00007ffde559d000 	C:\Windows\System32\IMM32.DLL
0x00007ffdd9f60000 - 0x00007ffdd9ffb000 	C:\Users\dongh\.jdks\corretto-11.0.11\bin\msvcp140.dll
0x00007ffda7fb0000 - 0x00007ffda8afc000 	C:\Users\dongh\.jdks\corretto-11.0.11\bin\server\jvm.dll
0x00007ffde5d80000 - 0x00007ffde5e21000 	C:\Windows\System32\ADVAPI32.dll
0x00007ffde3aa0000 - 0x00007ffde3afb000 	C:\Windows\System32\sechost.dll
0x00007ffde3a80000 - 0x00007ffde3a88000 	C:\Windows\System32\PSAPI.DLL
0x00007ffdd6dc0000 - 0x00007ffdd6dc9000 	C:\Windows\SYSTEM32\WSOCK32.dll
0x00007ffde0cc0000 - 0x00007ffde0ce3000 	C:\Windows\SYSTEM32\WINMM.dll
0x00007ffde59c0000 - 0x00007ffde5a2c000 	C:\Windows\System32\WS2_32.dll
0x00007ffddeed0000 - 0x00007ffddeeda000 	C:\Windows\SYSTEM32\VERSION.dll
0x00007ffde0b50000 - 0x00007ffde0b7a000 	C:\Windows\SYSTEM32\WINMMBASE.dll
0x00007ffde3a30000 - 0x00007ffde3a7a000 	C:\Windows\System32\cfgmgr32.dll
0x00007ffde2920000 - 0x00007ffde2931000 	C:\Windows\System32\kernel.appcore.dll
0x00007ffddf0c0000 - 0x00007ffddf0d0000 	C:\Users\dongh\.jdks\corretto-11.0.11\bin\verify.dll
0x00007ffdd8c70000 - 0x00007ffdd8e38000 	C:\Windows\SYSTEM32\DBGHELP.DLL
0x00007ffdd7f70000 - 0x00007ffdd7f99000 	C:\Windows\SYSTEM32\dbgcore.DLL
0x00007ffdd9c90000 - 0x00007ffdd9cb8000 	C:\Users\dongh\.jdks\corretto-11.0.11\bin\java.dll
0x00007ffddd9b0000 - 0x00007ffddd9ba000 	C:\Users\dongh\.jdks\corretto-11.0.11\bin\jimage.dll
0x00007ffdda2f0000 - 0x00007ffdda2fe000 	C:\Users\dongh\.jdks\corretto-11.0.11\bin\instrument.dll
0x00007ffdd9f40000 - 0x00007ffdd9f57000 	C:\Users\dongh\.jdks\corretto-11.0.11\bin\zip.dll
0x00007ffde3b00000 - 0x00007ffde4f38000 	C:\Windows\System32\SHELL32.dll
0x00007ffde5e30000 - 0x00007ffde5ed6000 	C:\Windows\System32\shcore.dll
0x00007ffde32e0000 - 0x00007ffde3a27000 	C:\Windows\System32\windows.storage.dll
0x00007ffde5510000 - 0x00007ffde5561000 	C:\Windows\System32\shlwapi.dll
0x00007ffde2940000 - 0x00007ffde298c000 	C:\Windows\System32\powrprof.dll
0x00007ffde2900000 - 0x00007ffde291b000 	C:\Windows\System32\profapi.dll
0x00007ffdd9de0000 - 0x00007ffdd9df9000 	C:\Users\dongh\.jdks\corretto-11.0.11\bin\net.dll
0x00007ffddd3e0000 - 0x00007ffddd4be000 	C:\Windows\SYSTEM32\WINHTTP.dll
0x00007ffde2130000 - 0x00007ffde2196000 	C:\Windows\system32\mswsock.dll
0x00007ffdd9a40000 - 0x00007ffdd9a52000 	C:\Users\dongh\.jdks\corretto-11.0.11\bin\nio.dll
0x00007ffdd8ae0000 - 0x00007ffdd8afa000 	C:\Program Files\JetBrains\IntelliJ IDEA Community Edition 2021.2\bin\breakgen64.dll
0x00007ffdd9c40000 - 0x00007ffdd9c49000 	C:\Users\dongh\.jdks\corretto-11.0.11\bin\management.dll
0x00007ffdd99e0000 - 0x00007ffdd99eb000 	C:\Users\dongh\.jdks\corretto-11.0.11\bin\management_ext.dll
0x00007ffdcf6f0000 - 0x00007ffdcf706000 	C:\Windows\system32\napinsp.dll
0x00007ffdcf330000 - 0x00007ffdcf34a000 	C:\Windows\system32\pnrpnsp.dll
0x00007ffddf680000 - 0x00007ffddf698000 	C:\Windows\system32\NLAapi.dll
0x00007ffde1f00000 - 0x00007ffde1fb6000 	C:\Windows\SYSTEM32\DNSAPI.dll
0x00007ffde3a90000 - 0x00007ffde3a98000 	C:\Windows\System32\NSI.dll
0x00007ffde1ec0000 - 0x00007ffde1ef9000 	C:\Windows\SYSTEM32\IPHLPAPI.DLL
0x00007ffdcc320000 - 0x00007ffdcc32e000 	C:\Windows\System32\winrnr.dll
0x00007ffddd3d0000 - 0x00007ffddd3da000 	C:\Windows\System32\rasadhlp.dll
0x00007ffddd4d0000 - 0x00007ffddd540000 	C:\Windows\System32\fwpuclnt.dll
0x00007ffde2400000 - 0x00007ffde2425000 	C:\Windows\SYSTEM32\bcrypt.dll
0x00007ffde2300000 - 0x00007ffde2317000 	C:\Windows\SYSTEM32\CRYPTSP.dll
0x00007ffde1d30000 - 0x00007ffde1d63000 	C:\Windows\system32\rsaenh.dll
0x00007ffde2830000 - 0x00007ffde2859000 	C:\Windows\SYSTEM32\USERENV.dll
0x00007ffde22f0000 - 0x00007ffde22fb000 	C:\Windows\SYSTEM32\CRYPTBASE.dll
0x00007ffdde330000 - 0x00007ffdde346000 	C:\Windows\SYSTEM32\dhcpcsvc6.DLL
0x00007ffdde2a0000 - 0x00007ffdde2ba000 	C:\Windows\SYSTEM32\dhcpcsvc.DLL
0x00007ffdd98b0000 - 0x00007ffdd98be000 	C:\Users\dongh\.jdks\corretto-11.0.11\bin\sunmscapi.dll
0x00007ffde2cc0000 - 0x00007ffde2e8e000 	C:\Windows\System32\CRYPT32.dll
0x00007ffde2990000 - 0x00007ffde29a2000 	C:\Windows\System32\MSASN1.dll
0x00007ffde23d0000 - 0x00007ffde23f6000 	C:\Windows\SYSTEM32\ncrypt.dll
0x00007ffde2390000 - 0x00007ffde23c6000 	C:\Windows\SYSTEM32\NTASN1.dll
0x00007ffdd8840000 - 0x00007ffdd8865000 	C:\Users\dongh\.jdks\corretto-11.0.11\bin\sunec.dll

dbghelp: loaded successfully - version: 4.0.5 - missing functions: none
symbol engine: initialized successfully - sym options: 0x614 - pdb path: .;C:\Users\dongh\.jdks\corretto-11.0.11\bin;C:\Windows\SYSTEM32;C:\Windows\WinSxS\amd64_microsoft.windows.common-controls_6595b64144ccf1df_6.0.16299.1087_none_0f9074b65a6589b7;C:\Users\dongh\.jdks\corretto-11.0.11\bin\server;C:\Program Files\JetBrains\IntelliJ IDEA Community Edition 2021.2\bin

VM Arguments:
jvm_args: -javaagent:C:\Program Files\JetBrains\IntelliJ IDEA Community Edition 2021.2\lib\idea_rt.jar=5793:C:\Program Files\JetBrains\IntelliJ IDEA Community Edition 2021.2\bin -Dfile.encoding=UTF-8 
java_command: kosa.ion.team6.Ion6teamApplication
java_class_path (initial): C:\Users\dongh\Desktop\i-ON\teamproject\ion6team\target\classes;C:\Users\dongh\.m2\repository\org\springframework\boot\spring-boot-starter-data-jpa\2.5.5\spring-boot-starter-data-jpa-2.5.5.jar;C:\Users\dongh\.m2\repository\org\springframework\boot\spring-boot-starter-aop\2.5.5\spring-boot-starter-aop-2.5.5.jar;C:\Users\dongh\.m2\repository\org\aspectj\aspectjweaver\1.9.7\aspectjweaver-1.9.7.jar;C:\Users\dongh\.m2\repository\org\springframework\boot\spring-boot-starter-jdbc\2.5.5\spring-boot-starter-jdbc-2.5.5.jar;C:\Users\dongh\.m2\repository\com\zaxxer\HikariCP\4.0.3\HikariCP-4.0.3.jar;C:\Users\dongh\.m2\repository\org\springframework\spring-jdbc\5.3.10\spring-jdbc-5.3.10.jar;C:\Users\dongh\.m2\repository\jakarta\transaction\jakarta.transaction-api\1.3.3\jakarta.transaction-api-1.3.3.jar;C:\Users\dongh\.m2\repository\jakarta\persistence\jakarta.persistence-api\2.2.3\jakarta.persistence-api-2.2.3.jar;C:\Users\dongh\.m2\repository\org\hibernate\hibernate-core\5.4.32.Final\hibernate-core-5.4.32.Final.jar;C:\Users\dongh\.m2\repository\org\jboss\logging\jboss-logging\3.4.2.Final\jboss-logging-3.4.2.Final.jar;C:\Users\dongh\.m2\repository\org\javassist\javassist\3.27.0-GA\javassist-3.27.0-GA.jar;C:\Users\dongh\.m2\repository\net\bytebuddy\byte-buddy\1.10.22\byte-buddy-1.10.22.jar;C:\Users\dongh\.m2\repository\antlr\antlr\2.7.7\antlr-2.7.7.jar;C:\Users\dongh\.m2\repository\org\jboss\jandex\2.2.3.Final\jandex-2.2.3.Final.jar;C:\Users\dongh\.m2\repository\com\fasterxml\classmate\1.5.1\classmate-1.5.1.jar;C:\Users\dongh\.m2\repository\org\dom4j\dom4j\2.1.3\dom4j-2.1.3.jar;C:\Users\dongh\.m2\repository\org\hibernate\common\hibernate-commons-annotations\5.1.2.Final\hibernate-commons-annotations-5.1.2.Final.jar;C:\Users\dongh\.m2\repository\org\glassfish\jaxb\jaxb-runtime\2.3.5\jaxb-runtime-2.3.5.jar;C:\Users\dongh\.m2\repository\org\glassfish\jaxb\txw2\2.3.5\txw2-2.3.5.jar;C:\Users\dongh\.m2\repository\com\sun\istack\istack-commons-runtime\3.0.12\i
Launcher Type: SUN_STANDARD

[Global flags]
     intx CICompilerCount                          = 4                                         {product} {ergonomic}
     uint ConcGCThreads                            = 3                                         {product} {ergonomic}
     uint G1ConcRefinementThreads                  = 10                                        {product} {ergonomic}
   size_t G1HeapRegionSize                         = 1048576                                   {product} {ergonomic}
    uintx GCDrainStackTargetSize                   = 64                                        {product} {ergonomic}
   size_t InitialHeapSize                          = 268435456                                 {product} {ergonomic}
   size_t MarkStackSize                            = 4194304                                   {product} {ergonomic}
   size_t MaxHeapSize                              = 4278190080                                {product} {ergonomic}
   size_t MaxNewSize                               = 2566914048                                {product} {ergonomic}
   size_t MinHeapDeltaBytes                        = 1048576                                   {product} {ergonomic}
    uintx NonNMethodCodeHeapSize                   = 5836300                                {pd product} {ergonomic}
    uintx NonProfiledCodeHeapSize                  = 122910970                              {pd product} {ergonomic}
    uintx ProfiledCodeHeapSize                     = 122910970                              {pd product} {ergonomic}
    uintx ReservedCodeCacheSize                    = 251658240                              {pd product} {ergonomic}
     bool SegmentedCodeCache                       = true                                      {product} {ergonomic}
     bool UseCompressedClassPointers               = true                                 {lp64_product} {ergonomic}
     bool UseCompressedOops                        = true                                 {lp64_product} {ergonomic}
     bool UseG1GC                                  = true                                      {product} {ergonomic}
     bool UseLargePagesIndividualAllocation        = false                                  {pd product} {ergonomic}

Logging:
Log output configuration:
 #0: stdout all=warning uptime,level,tags
 #1: stderr all=off uptime,level,tags

Environment Variables:
JAVA_HOME=C:\Program Files\Java\jdk1.8.0_301
CLASSPATH=.;
PATH=C:\WINDOWS.X64_193000_db_home\bin;C:\Program Files\Common Files\Oracle\Java\javapath;C:\Program Files (x86)\Common Files\Oracle\Java\javapath;C:\Program Files\Microsoft MPI\Bin\;C:\Windows\system32;C:\Windows;C:\Windows\System32\Wbem;C:\Windows\System32\WindowsPowerShell\v1.0\;C:\Program Files (x86)\NVIDIA Corporation\PhysX\Common;C:\Program Files\dotnet\;C:\Program Files\Microsoft SQL Server\130\Tools\Binn\;C:\Program Files\Common Files\Autodesk Shared\;C:\Program Files\Android\Android Studio\jre\bin;C:\Program Files (x86)\Windows Live\Shared;C:\Program Files\NVIDIA Corporation\NVIDIA NvDLISR;C:\Program Files\Java\jdk1.8.0_301\bin;C:\Program Files\MySQL\MySQL Server 8.0\bin;C:\Program Files\Git\cmd;C:\Users\dongh\Desktop\springStudy\apache-tomcat-9.0.53\bin;C:\Program Files\nodejs\;C:\Program Files\MySQL\MySQL Shell 8.0\bin\;C:\Users\dongh\AppData\Local\Microsoft\WindowsApps;C:\Program Files\Bandizip\;C:\opencv\build\x64\vc14\bin;;C:\Users\dongh\AppData\Local\afreeca;C:\Program Files\JetBrains\IntelliJ IDEA Community Edition 2021.2\bin;;C:\Users\dongh\AppData\Local\Programs\Microsoft VS Code\bin;C:\Users\dongh\AppData\Roaming\npm
USERNAME=dongh
OS=Windows_NT
PROCESSOR_IDENTIFIER=AMD64 Family 23 Model 1 Stepping 1, AuthenticAMD



---------------  S Y S T E M  ---------------

OS: Windows 10 , 64 bit Build 16299 (10.0.16299.1087)
OS uptime: 0 days 3:48 hours

CPU:total 12 (initial active 12) (12 cores per cpu, 2 threads per core) family 23 model 1 stepping 1 microcode 0x8001126, cmov, cx8, fxsr, mmx, sse, sse2, sse3, ssse3, sse4.1, sse4.2, popcnt, avx, avx2, aes, clmul, mmxext, 3dnowpref, lzcnt, sse4a, ht, tsc, tscinvbit, tscinv, bmi1, bmi2, 

Memory: 4k page, system-wide physical 16315M (5119M free)
TotalPageFile size 16315M (AvailPageFile size 5M)
current process WorkingSet (physical memory assigned to process): 149M, peak: 406M
current process commit charge ("private bytes"): 539M, peak: 602M

vm_info: OpenJDK 64-Bit Server VM (11.0.11+9-LTS) for windows-amd64 JRE (11.0.11+9-LTS), built on Apr 14 2021 00:00:20 by "Administrator" with MS VC++ 15.9 (VS2017)

END.
