#
# There is insufficient memory for the Java Runtime Environment to continue.
# Native memory allocation (malloc) failed to allocate 228976 bytes for Chunk::new
# Possible reasons:
#   The system is out of physical RAM or swap space
#   The process is running with CompressedOops enabled, and the Java Heap may be blocking the growth of the native heap
# Possible solutions:
#   Reduce memory load on the system
#   Increase physical memory or swap space
#   Check if swap backing store is full
#   Decrease Java heap size (-Xmx/-Xms)
#   Decrease number of Java threads
#   Decrease Java thread stack sizes (-Xss)
#   Set larger code cache with -XX:ReservedCodeCacheSize=
#   JVM is running with Zero Based Compressed Oops mode in which the Java heap is
#     placed in the first 32GB address space. The Java Heap base address is the
#     maximum limit for the native heap growth. Please use -XX:HeapBaseMinAddress
#     to set the Java Heap base and to place the Java Heap above 32GB virtual address.
# This output file may be truncated or incomplete.
#
#  Out of Memory Error (./src/hotspot/share/memory/arena.cpp:197), pid=22972, tid=22752
#
# JRE version: OpenJDK Runtime Environment Corretto-11.0.11.9.1 (11.0.11+9) (build 11.0.11+9-LTS)
# Java VM: OpenJDK 64-Bit Server VM Corretto-11.0.11.9.1 (11.0.11+9-LTS, mixed mode, tiered, compressed oops, g1 gc, windows-amd64)
# No core dump will be written. Minidumps are not enabled by default on client versions of Windows
#

---------------  S U M M A R Y ------------

Command Line: -javaagent:C:\Program Files\JetBrains\IntelliJ IDEA Community Edition 2021.2\lib\idea_rt.jar=11992:C:\Program Files\JetBrains\IntelliJ IDEA Community Edition 2021.2\bin -Dfile.encoding=UTF-8 kosa.ion.team6.Ion6teamApplication

Host: AMD Ryzen 5 1600 Six-Core Processor            , 12 cores, 15G,  Windows 10 , 64 bit Build 16299 (10.0.16299.1087)
Time: Wed Oct 20 15:45:27 2021 ¢¥eCN©öI¡¾©ö C¡ÍA¨ª¨öA elapsed time: 1.575790 seconds (0d 0h 0m 1s)

---------------  T H R E A D  ---------------

Current thread (0x0000027cc7977000):  JavaThread "C2 CompilerThread1" daemon [_thread_in_native, id=22752, stack(0x000000d4ba100000,0x000000d4ba200000)]


Current CompileTask:
C2:   1576 1696   !   4       java.util.concurrent.ConcurrentHashMap::transfer (828 bytes)

Stack: [0x000000d4ba100000,0x000000d4ba200000]
Native frames: (J=compiled Java code, j=interpreted, Vv=VM code, C=native code)
V  [jvm.dll+0x5f867a]
V  [jvm.dll+0x78124e]
V  [jvm.dll+0x78291f]
V  [jvm.dll+0x782fe3]
V  [jvm.dll+0x246e88]
V  [jvm.dll+0xbe2ac]
V  [jvm.dll+0xbe9ac]
V  [jvm.dll+0x34c7e7]
V  [jvm.dll+0x198d59]
V  [jvm.dll+0x200ad2]
V  [jvm.dll+0x1ffbaf]
V  [jvm.dll+0x184b4c]
V  [jvm.dll+0x20ee67]
V  [jvm.dll+0x20d04b]
V  [jvm.dll+0x745629]
V  [jvm.dll+0x73e694]
V  [jvm.dll+0x5f74f6]
C  [ucrtbase.dll+0x1fa95]
C  [KERNEL32.DLL+0x137e4]
C  [ntdll.dll+0x6cb81]


---------------  P R O C E S S  ---------------

Threads class SMR info:
_java_thread_list=0x0000027cc8207a40, length=14, elements={
0x0000027ca2cf7800, 0x0000027cc772a800, 0x0000027cc7734000, 0x0000027cc7798000,
0x0000027cc7799000, 0x0000027cc77a4000, 0x0000027cc77a9000, 0x0000027cc77b6800,
0x0000027cc77c0000, 0x0000027cc7700800, 0x0000027cc7977000, 0x0000027cc7e65800,
0x0000027cc80b8800, 0x0000027cc8202000
}

Java Threads: ( => current thread )
  0x0000027ca2cf7800 JavaThread "main" [_thread_in_native, id=23056, stack(0x000000d4b9000000,0x000000d4b9100000)]
  0x0000027cc772a800 JavaThread "Reference Handler" daemon [_thread_blocked, id=7248, stack(0x000000d4b9700000,0x000000d4b9800000)]
  0x0000027cc7734000 JavaThread "Finalizer" daemon [_thread_blocked, id=6284, stack(0x000000d4b9800000,0x000000d4b9900000)]
  0x0000027cc7798000 JavaThread "Signal Dispatcher" daemon [_thread_blocked, id=22784, stack(0x000000d4b9a00000,0x000000d4b9b00000)]
  0x0000027cc7799000 JavaThread "Attach Listener" daemon [_thread_blocked, id=22832, stack(0x000000d4b9b00000,0x000000d4b9c00000)]
  0x0000027cc77a4000 JavaThread "Service Thread" daemon [_thread_blocked, id=4300, stack(0x000000d4b9c00000,0x000000d4b9d00000)]
  0x0000027cc77a9000 JavaThread "C2 CompilerThread0" daemon [_thread_in_native, id=23448, stack(0x000000d4b9d00000,0x000000d4b9e00000)]
  0x0000027cc77b6800 JavaThread "C1 CompilerThread0" daemon [_thread_blocked, id=21596, stack(0x000000d4b9e00000,0x000000d4b9f00000)]
  0x0000027cc77c0000 JavaThread "Sweeper thread" daemon [_thread_blocked, id=21580, stack(0x000000d4b9f00000,0x000000d4ba000000)]
  0x0000027cc7700800 JavaThread "Common-Cleaner" daemon [_thread_blocked, id=23436, stack(0x000000d4ba000000,0x000000d4ba100000)]
=>0x0000027cc7977000 JavaThread "C2 CompilerThread1" daemon [_thread_in_native, id=22752, stack(0x000000d4ba100000,0x000000d4ba200000)]
  0x0000027cc7e65800 JavaThread "Monitor Ctrl-Break" daemon [_thread_in_native, id=23240, stack(0x000000d4ba200000,0x000000d4ba300000)]
  0x0000027cc80b8800 JavaThread "C2 CompilerThread2" daemon [_thread_blocked, id=18648, stack(0x000000d4ba700000,0x000000d4ba800000)]
  0x0000027cc8202000 JavaThread "background-preinit" [_thread_in_vm, id=18256, stack(0x000000d4bb000000,0x000000d4bb100000)]

Other Threads:
  0x0000027cc7706000 VMThread "VM Thread" [stack: 0x000000d4b9600000,0x000000d4b9700000] [id=20644]
  0x0000027cc7e66800 WatcherThread [stack: 0x000000d4ba300000,0x000000d4ba400000] [id=23076]
  0x0000027ca2d11000 GCTaskThread "GC Thread#0" [stack: 0x000000d4b9100000,0x000000d4b9200000] [id=22928]
  0x0000027cc85cd800 GCTaskThread "GC Thread#1" [stack: 0x000000d4ba800000,0x000000d4ba900000] [id=14424]
  0x0000027cc827e000 GCTaskThread "GC Thread#2" [stack: 0x000000d4ba900000,0x000000d4baa00000] [id=19260]
  0x0000027cc7e78800 GCTaskThread "GC Thread#3" [stack: 0x000000d4baa00000,0x000000d4bab00000] [id=21096]
  0x0000027cc81a7000 GCTaskThread "GC Thread#4" [stack: 0x000000d4bab00000,0x000000d4bac00000] [id=23336]
  0x0000027cc81a8000 GCTaskThread "GC Thread#5" [stack: 0x000000d4bac00000,0x000000d4bad00000] [id=22796]
  0x0000027ca2d6e800 ConcurrentGCThread "G1 Main Marker" [stack: 0x000000d4b9200000,0x000000d4b9300000] [id=23124]
  0x0000027ca2d70000 ConcurrentGCThread "G1 Conc#0" [stack: 0x000000d4b9300000,0x000000d4b9400000] [id=23284]
  0x0000027cc887d800 ConcurrentGCThread "G1 Conc#1" [stack: 0x000000d4bb100000,0x000000d4bb200000] [id=14188]
  0x0000027cc8b13000 ConcurrentGCThread "G1 Conc#2" [stack: 0x000000d4bb200000,0x000000d4bb300000] [id=14508]
  0x0000027cc6d6c800 ConcurrentGCThread "G1 Refine#0" [stack: 0x000000d4b9400000,0x000000d4b9500000] [id=21936]
  0x0000027cc6d6e800 ConcurrentGCThread "G1 Young RemSet Sampling" [stack: 0x000000d4b9500000,0x000000d4b9600000] [id=23108]

Threads with active compile tasks:
C2 CompilerThread0   1599 1712       4       java.io.DataOutputStream::writeShort (35 bytes)
C2 CompilerThread1   1599 1696   !   4       java.util.concurrent.ConcurrentHashMap::transfer (828 bytes)

VM state:not at safepoint (normal execution)

VM Mutex/Monitor currently owned by a thread: None

Heap address: 0x0000000701000000, size: 4080 MB, Compressed Oops mode: Zero based, Oop shift amount: 3
Narrow klass base: 0x0000000800000000, Narrow klass shift: 0
Compressed class space size: 1073741824 Address: 0x0000000800000000

Heap:
 garbage-first heap   total 262144K, used 11455K [0x0000000701000000, 0x0000000800000000)
  region size 1024K, 9 young (9216K), 6 survivors (6144K)
 Metaspace       used 20290K, capacity 20804K, committed 20992K, reserved 1073152K
  class space    used 2265K, capacity 2476K, committed 2560K, reserved 1048576K
Heap Regions: E=young(eden), S=young(survivor), O=old, HS=humongous(starts), HC=humongous(continues), CS=collection set, F=free, A=archive, TAMS=top-at-mark-start (previous, next)
|   0|0x0000000701000000, 0x0000000701100000, 0x0000000701100000|100%|HS|  |TAMS 0x0000000701100000, 0x0000000701000000| Complete 
|   1|0x0000000701100000, 0x0000000701200000, 0x0000000701200000|100%| O|  |TAMS 0x0000000701200000, 0x0000000701100000| Untracked 
|   2|0x0000000701200000, 0x0000000701300000, 0x0000000701300000|100%| O|  |TAMS 0x0000000701300000, 0x0000000701200000| Untracked 
|   3|0x0000000701300000, 0x0000000701400000, 0x0000000701400000|100%| O|  |TAMS 0x0000000701400000, 0x0000000701300000| Untracked 
|   4|0x0000000701400000, 0x0000000701423000, 0x0000000701500000| 13%| O|  |TAMS 0x0000000701423000, 0x0000000701400000| Untracked 
|   5|0x0000000701500000, 0x0000000701500000, 0x0000000701600000|  0%| F|  |TAMS 0x0000000701500000, 0x0000000701500000| Untracked 
|   6|0x0000000701600000, 0x0000000701600000, 0x0000000701700000|  0%| F|  |TAMS 0x0000000701600000, 0x0000000701600000| Untracked 
|   7|0x0000000701700000, 0x0000000701700000, 0x0000000701800000|  0%| F|  |TAMS 0x0000000701700000, 0x0000000701700000| Untracked 
|   8|0x0000000701800000, 0x0000000701800000, 0x0000000701900000|  0%| F|  |TAMS 0x0000000701800000, 0x0000000701800000| Untracked 
|   9|0x0000000701900000, 0x0000000701900000, 0x0000000701a00000|  0%| F|  |TAMS 0x0000000701900000, 0x0000000701900000| Untracked 
|  10|0x0000000701a00000, 0x0000000701a00000, 0x0000000701b00000|  0%| F|  |TAMS 0x0000000701a00000, 0x0000000701a00000| Untracked 
|  11|0x0000000701b00000, 0x0000000701b00000, 0x0000000701c00000|  0%| F|  |TAMS 0x0000000701b00000, 0x0000000701b00000| Untracked 
|  12|0x0000000701c00000, 0x0000000701c00000, 0x0000000701d00000|  0%| F|  |TAMS 0x0000000701c00000, 0x0000000701c00000| Untracked 
|  13|0x0000000701d00000, 0x0000000701d00000, 0x0000000701e00000|  0%| F|  |TAMS 0x0000000701d00000, 0x0000000701d00000| Untracked 
|  14|0x0000000701e00000, 0x0000000701e00000, 0x0000000701f00000|  0%| F|  |TAMS 0x0000000701e00000, 0x0000000701e00000| Untracked 
|  15|0x0000000701f00000, 0x0000000701f00000, 0x0000000702000000|  0%| F|  |TAMS 0x0000000701f00000, 0x0000000701f00000| Untracked 
|  16|0x0000000702000000, 0x0000000702000000, 0x0000000702100000|  0%| F|  |TAMS 0x0000000702000000, 0x0000000702000000| Untracked 
|  17|0x0000000702100000, 0x0000000702100000, 0x0000000702200000|  0%| F|  |TAMS 0x0000000702100000, 0x0000000702100000| Untracked 
|  18|0x0000000702200000, 0x0000000702200000, 0x0000000702300000|  0%| F|  |TAMS 0x0000000702200000, 0x0000000702200000| Untracked 
|  19|0x0000000702300000, 0x0000000702300000, 0x0000000702400000|  0%| F|  |TAMS 0x0000000702300000, 0x0000000702300000| Untracked 
|  20|0x0000000702400000, 0x0000000702400000, 0x0000000702500000|  0%| F|  |TAMS 0x0000000702400000, 0x0000000702400000| Untracked 
|  21|0x0000000702500000, 0x0000000702500000, 0x0000000702600000|  0%| F|  |TAMS 0x0000000702500000, 0x0000000702500000| Untracked 
|  22|0x0000000702600000, 0x0000000702600000, 0x0000000702700000|  0%| F|  |TAMS 0x0000000702600000, 0x0000000702600000| Untracked 
|  23|0x0000000702700000, 0x0000000702700000, 0x0000000702800000|  0%| F|  |TAMS 0x0000000702700000, 0x0000000702700000| Untracked 
|  24|0x0000000702800000, 0x0000000702800000, 0x0000000702900000|  0%| F|  |TAMS 0x0000000702800000, 0x0000000702800000| Untracked 
|  25|0x0000000702900000, 0x0000000702900000, 0x0000000702a00000|  0%| F|  |TAMS 0x0000000702900000, 0x0000000702900000| Untracked 
|  26|0x0000000702a00000, 0x0000000702a00000, 0x0000000702b00000|  0%| F|  |TAMS 0x0000000702a00000, 0x0000000702a00000| Untracked 
|  27|0x0000000702b00000, 0x0000000702b00000, 0x0000000702c00000|  0%| F|  |TAMS 0x0000000702b00000, 0x0000000702b00000| Untracked 
|  28|0x0000000702c00000, 0x0000000702c00000, 0x0000000702d00000|  0%| F|  |TAMS 0x0000000702c00000, 0x0000000702c00000| Untracked 
|  29|0x0000000702d00000, 0x0000000702d00000, 0x0000000702e00000|  0%| F|  |TAMS 0x0000000702d00000, 0x0000000702d00000| Untracked 
|  30|0x0000000702e00000, 0x0000000702e00000, 0x0000000702f00000|  0%| F|  |TAMS 0x0000000702e00000, 0x0000000702e00000| Untracked 
|  31|0x0000000702f00000, 0x0000000702f00000, 0x0000000703000000|  0%| F|  |TAMS 0x0000000702f00000, 0x0000000702f00000| Untracked 
|  32|0x0000000703000000, 0x0000000703000000, 0x0000000703100000|  0%| F|  |TAMS 0x0000000703000000, 0x0000000703000000| Untracked 
|  33|0x0000000703100000, 0x0000000703100000, 0x0000000703200000|  0%| F|  |TAMS 0x0000000703100000, 0x0000000703100000| Untracked 
|  34|0x0000000703200000, 0x0000000703200000, 0x0000000703300000|  0%| F|  |TAMS 0x0000000703200000, 0x0000000703200000| Untracked 
|  35|0x0000000703300000, 0x0000000703300000, 0x0000000703400000|  0%| F|  |TAMS 0x0000000703300000, 0x0000000703300000| Untracked 
|  36|0x0000000703400000, 0x0000000703400000, 0x0000000703500000|  0%| F|  |TAMS 0x0000000703400000, 0x0000000703400000| Untracked 
|  37|0x0000000703500000, 0x0000000703500000, 0x0000000703600000|  0%| F|  |TAMS 0x0000000703500000, 0x0000000703500000| Untracked 
|  38|0x0000000703600000, 0x0000000703600000, 0x0000000703700000|  0%| F|  |TAMS 0x0000000703600000, 0x0000000703600000| Untracked 
|  39|0x0000000703700000, 0x0000000703700000, 0x0000000703800000|  0%| F|  |TAMS 0x0000000703700000, 0x0000000703700000| Untracked 
|  40|0x0000000703800000, 0x0000000703800000, 0x0000000703900000|  0%| F|  |TAMS 0x0000000703800000, 0x0000000703800000| Untracked 
|  41|0x0000000703900000, 0x0000000703900000, 0x0000000703a00000|  0%| F|  |TAMS 0x0000000703900000, 0x0000000703900000| Untracked 
|  42|0x0000000703a00000, 0x0000000703a00000, 0x0000000703b00000|  0%| F|  |TAMS 0x0000000703a00000, 0x0000000703a00000| Untracked 
|  43|0x0000000703b00000, 0x0000000703b00000, 0x0000000703c00000|  0%| F|  |TAMS 0x0000000703b00000, 0x0000000703b00000| Untracked 
|  44|0x0000000703c00000, 0x0000000703c00000, 0x0000000703d00000|  0%| F|  |TAMS 0x0000000703c00000, 0x0000000703c00000| Untracked 
|  45|0x0000000703d00000, 0x0000000703d00000, 0x0000000703e00000|  0%| F|  |TAMS 0x0000000703d00000, 0x0000000703d00000| Untracked 
|  46|0x0000000703e00000, 0x0000000703e00000, 0x0000000703f00000|  0%| F|  |TAMS 0x0000000703e00000, 0x0000000703e00000| Untracked 
|  47|0x0000000703f00000, 0x0000000703f00000, 0x0000000704000000|  0%| F|  |TAMS 0x0000000703f00000, 0x0000000703f00000| Untracked 
|  48|0x0000000704000000, 0x0000000704000000, 0x0000000704100000|  0%| F|  |TAMS 0x0000000704000000, 0x0000000704000000| Untracked 
|  49|0x0000000704100000, 0x0000000704100000, 0x0000000704200000|  0%| F|  |TAMS 0x0000000704100000, 0x0000000704100000| Untracked 
|  50|0x0000000704200000, 0x0000000704200000, 0x0000000704300000|  0%| F|  |TAMS 0x0000000704200000, 0x0000000704200000| Untracked 
|  51|0x0000000704300000, 0x0000000704300000, 0x0000000704400000|  0%| F|  |TAMS 0x0000000704300000, 0x0000000704300000| Untracked 
|  52|0x0000000704400000, 0x0000000704400000, 0x0000000704500000|  0%| F|  |TAMS 0x0000000704400000, 0x0000000704400000| Untracked 
|  53|0x0000000704500000, 0x0000000704500000, 0x0000000704600000|  0%| F|  |TAMS 0x0000000704500000, 0x0000000704500000| Untracked 
|  54|0x0000000704600000, 0x0000000704600000, 0x0000000704700000|  0%| F|  |TAMS 0x0000000704600000, 0x0000000704600000| Untracked 
|  55|0x0000000704700000, 0x0000000704700000, 0x0000000704800000|  0%| F|  |TAMS 0x0000000704700000, 0x0000000704700000| Untracked 
|  56|0x0000000704800000, 0x0000000704800000, 0x0000000704900000|  0%| F|  |TAMS 0x0000000704800000, 0x0000000704800000| Untracked 
|  57|0x0000000704900000, 0x0000000704900000, 0x0000000704a00000|  0%| F|  |TAMS 0x0000000704900000, 0x0000000704900000| Untracked 
|  58|0x0000000704a00000, 0x0000000704a00000, 0x0000000704b00000|  0%| F|  |TAMS 0x0000000704a00000, 0x0000000704a00000| Untracked 
|  59|0x0000000704b00000, 0x0000000704b00000, 0x0000000704c00000|  0%| F|  |TAMS 0x0000000704b00000, 0x0000000704b00000| Untracked 
|  60|0x0000000704c00000, 0x0000000704c00000, 0x0000000704d00000|  0%| F|  |TAMS 0x0000000704c00000, 0x0000000704c00000| Untracked 
|  61|0x0000000704d00000, 0x0000000704d00000, 0x0000000704e00000|  0%| F|  |TAMS 0x0000000704d00000, 0x0000000704d00000| Untracked 
|  62|0x0000000704e00000, 0x0000000704e00000, 0x0000000704f00000|  0%| F|  |TAMS 0x0000000704e00000, 0x0000000704e00000| Untracked 
|  63|0x0000000704f00000, 0x0000000704f00000, 0x0000000705000000|  0%| F|  |TAMS 0x0000000704f00000, 0x0000000704f00000| Untracked 
|  64|0x0000000705000000, 0x0000000705000000, 0x0000000705100000|  0%| F|  |TAMS 0x0000000705000000, 0x0000000705000000| Untracked 
|  65|0x0000000705100000, 0x0000000705100000, 0x0000000705200000|  0%| F|  |TAMS 0x0000000705100000, 0x0000000705100000| Untracked 
|  66|0x0000000705200000, 0x0000000705200000, 0x0000000705300000|  0%| F|  |TAMS 0x0000000705200000, 0x0000000705200000| Untracked 
|  67|0x0000000705300000, 0x0000000705300000, 0x0000000705400000|  0%| F|  |TAMS 0x0000000705300000, 0x0000000705300000| Untracked 
|  68|0x0000000705400000, 0x0000000705400000, 0x0000000705500000|  0%| F|  |TAMS 0x0000000705400000, 0x0000000705400000| Untracked 
|  69|0x0000000705500000, 0x0000000705500000, 0x0000000705600000|  0%| F|  |TAMS 0x0000000705500000, 0x0000000705500000| Untracked 
|  70|0x0000000705600000, 0x0000000705600000, 0x0000000705700000|  0%| F|  |TAMS 0x0000000705600000, 0x0000000705600000| Untracked 
|  71|0x0000000705700000, 0x0000000705700000, 0x0000000705800000|  0%| F|  |TAMS 0x0000000705700000, 0x0000000705700000| Untracked 
|  72|0x0000000705800000, 0x0000000705800000, 0x0000000705900000|  0%| F|  |TAMS 0x0000000705800000, 0x0000000705800000| Untracked 
|  73|0x0000000705900000, 0x0000000705900000, 0x0000000705a00000|  0%| F|  |TAMS 0x0000000705900000, 0x0000000705900000| Untracked 
|  74|0x0000000705a00000, 0x0000000705a00000, 0x0000000705b00000|  0%| F|  |TAMS 0x0000000705a00000, 0x0000000705a00000| Untracked 
|  75|0x0000000705b00000, 0x0000000705b00000, 0x0000000705c00000|  0%| F|  |TAMS 0x0000000705b00000, 0x0000000705b00000| Untracked 
|  76|0x0000000705c00000, 0x0000000705c00000, 0x0000000705d00000|  0%| F|  |TAMS 0x0000000705c00000, 0x0000000705c00000| Untracked 
|  77|0x0000000705d00000, 0x0000000705d00000, 0x0000000705e00000|  0%| F|  |TAMS 0x0000000705d00000, 0x0000000705d00000| Untracked 
|  78|0x0000000705e00000, 0x0000000705e00000, 0x0000000705f00000|  0%| F|  |TAMS 0x0000000705e00000, 0x0000000705e00000| Untracked 
|  79|0x0000000705f00000, 0x0000000705f00000, 0x0000000706000000|  0%| F|  |TAMS 0x0000000705f00000, 0x0000000705f00000| Untracked 
|  80|0x0000000706000000, 0x0000000706000000, 0x0000000706100000|  0%| F|  |TAMS 0x0000000706000000, 0x0000000706000000| Untracked 
|  81|0x0000000706100000, 0x0000000706100000, 0x0000000706200000|  0%| F|  |TAMS 0x0000000706100000, 0x0000000706100000| Untracked 
|  82|0x0000000706200000, 0x0000000706200000, 0x0000000706300000|  0%| F|  |TAMS 0x0000000706200000, 0x0000000706200000| Untracked 
|  83|0x0000000706300000, 0x0000000706300000, 0x0000000706400000|  0%| F|  |TAMS 0x0000000706300000, 0x0000000706300000| Untracked 
|  84|0x0000000706400000, 0x0000000706400000, 0x0000000706500000|  0%| F|  |TAMS 0x0000000706400000, 0x0000000706400000| Untracked 
|  85|0x0000000706500000, 0x0000000706500000, 0x0000000706600000|  0%| F|  |TAMS 0x0000000706500000, 0x0000000706500000| Untracked 
|  86|0x0000000706600000, 0x0000000706600000, 0x0000000706700000|  0%| F|  |TAMS 0x0000000706600000, 0x0000000706600000| Untracked 
|  87|0x0000000706700000, 0x0000000706700000, 0x0000000706800000|  0%| F|  |TAMS 0x0000000706700000, 0x0000000706700000| Untracked 
|  88|0x0000000706800000, 0x0000000706800000, 0x0000000706900000|  0%| F|  |TAMS 0x0000000706800000, 0x0000000706800000| Untracked 
|  89|0x0000000706900000, 0x0000000706900000, 0x0000000706a00000|  0%| F|  |TAMS 0x0000000706900000, 0x0000000706900000| Untracked 
|  90|0x0000000706a00000, 0x0000000706a00000, 0x0000000706b00000|  0%| F|  |TAMS 0x0000000706a00000, 0x0000000706a00000| Untracked 
|  91|0x0000000706b00000, 0x0000000706b00000, 0x0000000706c00000|  0%| F|  |TAMS 0x0000000706b00000, 0x0000000706b00000| Untracked 
|  92|0x0000000706c00000, 0x0000000706c00000, 0x0000000706d00000|  0%| F|  |TAMS 0x0000000706c00000, 0x0000000706c00000| Untracked 
|  93|0x0000000706d00000, 0x0000000706d00000, 0x0000000706e00000|  0%| F|  |TAMS 0x0000000706d00000, 0x0000000706d00000| Untracked 
|  94|0x0000000706e00000, 0x0000000706e00000, 0x0000000706f00000|  0%| F|  |TAMS 0x0000000706e00000, 0x0000000706e00000| Untracked 
|  95|0x0000000706f00000, 0x0000000706f00000, 0x0000000707000000|  0%| F|  |TAMS 0x0000000706f00000, 0x0000000706f00000| Untracked 
|  96|0x0000000707000000, 0x0000000707000000, 0x0000000707100000|  0%| F|  |TAMS 0x0000000707000000, 0x0000000707000000| Untracked 
|  97|0x0000000707100000, 0x0000000707100000, 0x0000000707200000|  0%| F|  |TAMS 0x0000000707100000, 0x0000000707100000| Untracked 
|  98|0x0000000707200000, 0x0000000707200000, 0x0000000707300000|  0%| F|  |TAMS 0x0000000707200000, 0x0000000707200000| Untracked 
|  99|0x0000000707300000, 0x0000000707300000, 0x0000000707400000|  0%| F|  |TAMS 0x0000000707300000, 0x0000000707300000| Untracked 
| 100|0x0000000707400000, 0x0000000707400000, 0x0000000707500000|  0%| F|  |TAMS 0x0000000707400000, 0x0000000707400000| Untracked 
| 101|0x0000000707500000, 0x0000000707500000, 0x0000000707600000|  0%| F|  |TAMS 0x0000000707500000, 0x0000000707500000| Untracked 
| 102|0x0000000707600000, 0x0000000707600000, 0x0000000707700000|  0%| F|  |TAMS 0x0000000707600000, 0x0000000707600000| Untracked 
| 103|0x0000000707700000, 0x0000000707700000, 0x0000000707800000|  0%| F|  |TAMS 0x0000000707700000, 0x0000000707700000| Untracked 
| 104|0x0000000707800000, 0x0000000707800000, 0x0000000707900000|  0%| F|  |TAMS 0x0000000707800000, 0x0000000707800000| Untracked 
| 105|0x0000000707900000, 0x0000000707900000, 0x0000000707a00000|  0%| F|  |TAMS 0x0000000707900000, 0x0000000707900000| Untracked 
| 106|0x0000000707a00000, 0x0000000707a00000, 0x0000000707b00000|  0%| F|  |TAMS 0x0000000707a00000, 0x0000000707a00000| Untracked 
| 107|0x0000000707b00000, 0x0000000707b00000, 0x0000000707c00000|  0%| F|  |TAMS 0x0000000707b00000, 0x0000000707b00000| Untracked 
| 108|0x0000000707c00000, 0x0000000707c00000, 0x0000000707d00000|  0%| F|  |TAMS 0x0000000707c00000, 0x0000000707c00000| Untracked 
| 109|0x0000000707d00000, 0x0000000707d00000, 0x0000000707e00000|  0%| F|  |TAMS 0x0000000707d00000, 0x0000000707d00000| Untracked 
| 110|0x0000000707e00000, 0x0000000707e00000, 0x0000000707f00000|  0%| F|  |TAMS 0x0000000707e00000, 0x0000000707e00000| Untracked 
| 111|0x0000000707f00000, 0x0000000707f00000, 0x0000000708000000|  0%| F|  |TAMS 0x0000000707f00000, 0x0000000707f00000| Untracked 
| 112|0x0000000708000000, 0x0000000708000000, 0x0000000708100000|  0%| F|  |TAMS 0x0000000708000000, 0x0000000708000000| Untracked 
| 113|0x0000000708100000, 0x0000000708100000, 0x0000000708200000|  0%| F|  |TAMS 0x0000000708100000, 0x0000000708100000| Untracked 
| 114|0x0000000708200000, 0x0000000708200000, 0x0000000708300000|  0%| F|  |TAMS 0x0000000708200000, 0x0000000708200000| Untracked 
| 115|0x0000000708300000, 0x0000000708300000, 0x0000000708400000|  0%| F|  |TAMS 0x0000000708300000, 0x0000000708300000| Untracked 
| 116|0x0000000708400000, 0x0000000708400000, 0x0000000708500000|  0%| F|  |TAMS 0x0000000708400000, 0x0000000708400000| Untracked 
| 117|0x0000000708500000, 0x0000000708500000, 0x0000000708600000|  0%| F|  |TAMS 0x0000000708500000, 0x0000000708500000| Untracked 
| 118|0x0000000708600000, 0x0000000708600000, 0x0000000708700000|  0%| F|  |TAMS 0x0000000708600000, 0x0000000708600000| Untracked 
| 119|0x0000000708700000, 0x0000000708700000, 0x0000000708800000|  0%| F|  |TAMS 0x0000000708700000, 0x0000000708700000| Untracked 
| 120|0x0000000708800000, 0x0000000708800000, 0x0000000708900000|  0%| F|  |TAMS 0x0000000708800000, 0x0000000708800000| Untracked 
| 121|0x0000000708900000, 0x0000000708900000, 0x0000000708a00000|  0%| F|  |TAMS 0x0000000708900000, 0x0000000708900000| Untracked 
| 122|0x0000000708a00000, 0x0000000708a00000, 0x0000000708b00000|  0%| F|  |TAMS 0x0000000708a00000, 0x0000000708a00000| Untracked 
| 123|0x0000000708b00000, 0x0000000708b00000, 0x0000000708c00000|  0%| F|  |TAMS 0x0000000708b00000, 0x0000000708b00000| Untracked 
| 124|0x0000000708c00000, 0x0000000708c00000, 0x0000000708d00000|  0%| F|  |TAMS 0x0000000708c00000, 0x0000000708c00000| Untracked 
| 125|0x0000000708d00000, 0x0000000708d00000, 0x0000000708e00000|  0%| F|  |TAMS 0x0000000708d00000, 0x0000000708d00000| Untracked 
| 126|0x0000000708e00000, 0x0000000708e00000, 0x0000000708f00000|  0%| F|  |TAMS 0x0000000708e00000, 0x0000000708e00000| Untracked 
| 127|0x0000000708f00000, 0x0000000708f00000, 0x0000000709000000|  0%| F|  |TAMS 0x0000000708f00000, 0x0000000708f00000| Untracked 
| 128|0x0000000709000000, 0x0000000709000000, 0x0000000709100000|  0%| F|  |TAMS 0x0000000709000000, 0x0000000709000000| Untracked 
| 129|0x0000000709100000, 0x0000000709100000, 0x0000000709200000|  0%| F|  |TAMS 0x0000000709100000, 0x0000000709100000| Untracked 
| 130|0x0000000709200000, 0x0000000709200000, 0x0000000709300000|  0%| F|  |TAMS 0x0000000709200000, 0x0000000709200000| Untracked 
| 131|0x0000000709300000, 0x0000000709300000, 0x0000000709400000|  0%| F|  |TAMS 0x0000000709300000, 0x0000000709300000| Untracked 
| 132|0x0000000709400000, 0x0000000709400000, 0x0000000709500000|  0%| F|  |TAMS 0x0000000709400000, 0x0000000709400000| Untracked 
| 133|0x0000000709500000, 0x0000000709500000, 0x0000000709600000|  0%| F|  |TAMS 0x0000000709500000, 0x0000000709500000| Untracked 
| 134|0x0000000709600000, 0x0000000709600000, 0x0000000709700000|  0%| F|  |TAMS 0x0000000709600000, 0x0000000709600000| Untracked 
| 135|0x0000000709700000, 0x0000000709700000, 0x0000000709800000|  0%| F|  |TAMS 0x0000000709700000, 0x0000000709700000| Untracked 
| 136|0x0000000709800000, 0x0000000709800000, 0x0000000709900000|  0%| F|  |TAMS 0x0000000709800000, 0x0000000709800000| Untracked 
| 137|0x0000000709900000, 0x0000000709900000, 0x0000000709a00000|  0%| F|  |TAMS 0x0000000709900000, 0x0000000709900000| Untracked 
| 138|0x0000000709a00000, 0x0000000709a00000, 0x0000000709b00000|  0%| F|  |TAMS 0x0000000709a00000, 0x0000000709a00000| Untracked 
| 139|0x0000000709b00000, 0x0000000709b00000, 0x0000000709c00000|  0%| F|  |TAMS 0x0000000709b00000, 0x0000000709b00000| Untracked 
| 140|0x0000000709c00000, 0x0000000709c00000, 0x0000000709d00000|  0%| F|  |TAMS 0x0000000709c00000, 0x0000000709c00000| Untracked 
| 141|0x0000000709d00000, 0x0000000709d00000, 0x0000000709e00000|  0%| F|  |TAMS 0x0000000709d00000, 0x0000000709d00000| Untracked 
| 142|0x0000000709e00000, 0x0000000709e00000, 0x0000000709f00000|  0%| F|  |TAMS 0x0000000709e00000, 0x0000000709e00000| Untracked 
| 143|0x0000000709f00000, 0x0000000709f00000, 0x000000070a000000|  0%| F|  |TAMS 0x0000000709f00000, 0x0000000709f00000| Untracked 
| 144|0x000000070a000000, 0x000000070a000000, 0x000000070a100000|  0%| F|  |TAMS 0x000000070a000000, 0x000000070a000000| Untracked 
| 145|0x000000070a100000, 0x000000070a100000, 0x000000070a200000|  0%| F|  |TAMS 0x000000070a100000, 0x000000070a100000| Untracked 
| 146|0x000000070a200000, 0x000000070a200000, 0x000000070a300000|  0%| F|  |TAMS 0x000000070a200000, 0x000000070a200000| Untracked 
| 147|0x000000070a300000, 0x000000070a300000, 0x000000070a400000|  0%| F|  |TAMS 0x000000070a300000, 0x000000070a300000| Untracked 
| 148|0x000000070a400000, 0x000000070a400000, 0x000000070a500000|  0%| F|  |TAMS 0x000000070a400000, 0x000000070a400000| Untracked 
| 149|0x000000070a500000, 0x000000070a500000, 0x000000070a600000|  0%| F|  |TAMS 0x000000070a500000, 0x000000070a500000| Untracked 
| 150|0x000000070a600000, 0x000000070a600000, 0x000000070a700000|  0%| F|  |TAMS 0x000000070a600000, 0x000000070a600000| Untracked 
| 151|0x000000070a700000, 0x000000070a700000, 0x000000070a800000|  0%| F|  |TAMS 0x000000070a700000, 0x000000070a700000| Untracked 
| 152|0x000000070a800000, 0x000000070a800000, 0x000000070a900000|  0%| F|  |TAMS 0x000000070a800000, 0x000000070a800000| Untracked 
| 153|0x000000070a900000, 0x000000070a900000, 0x000000070aa00000|  0%| F|  |TAMS 0x000000070a900000, 0x000000070a900000| Untracked 
| 154|0x000000070aa00000, 0x000000070aa00000, 0x000000070ab00000|  0%| F|  |TAMS 0x000000070aa00000, 0x000000070aa00000| Untracked 
| 155|0x000000070ab00000, 0x000000070ab00000, 0x000000070ac00000|  0%| F|  |TAMS 0x000000070ab00000, 0x000000070ab00000| Untracked 
| 156|0x000000070ac00000, 0x000000070ac00000, 0x000000070ad00000|  0%| F|  |TAMS 0x000000070ac00000, 0x000000070ac00000| Untracked 
| 157|0x000000070ad00000, 0x000000070ad00000, 0x000000070ae00000|  0%| F|  |TAMS 0x000000070ad00000, 0x000000070ad00000| Untracked 
| 158|0x000000070ae00000, 0x000000070ae00000, 0x000000070af00000|  0%| F|  |TAMS 0x000000070ae00000, 0x000000070ae00000| Untracked 
| 159|0x000000070af00000, 0x000000070af00000, 0x000000070b000000|  0%| F|  |TAMS 0x000000070af00000, 0x000000070af00000| Untracked 
| 160|0x000000070b000000, 0x000000070b000000, 0x000000070b100000|  0%| F|  |TAMS 0x000000070b000000, 0x000000070b000000| Untracked 
| 161|0x000000070b100000, 0x000000070b100000, 0x000000070b200000|  0%| F|  |TAMS 0x000000070b100000, 0x000000070b100000| Untracked 
| 162|0x000000070b200000, 0x000000070b200000, 0x000000070b300000|  0%| F|  |TAMS 0x000000070b200000, 0x000000070b200000| Untracked 
| 163|0x000000070b300000, 0x000000070b300000, 0x000000070b400000|  0%| F|  |TAMS 0x000000070b300000, 0x000000070b300000| Untracked 
| 164|0x000000070b400000, 0x000000070b400000, 0x000000070b500000|  0%| F|  |TAMS 0x000000070b400000, 0x000000070b400000| Untracked 
| 165|0x000000070b500000, 0x000000070b500000, 0x000000070b600000|  0%| F|  |TAMS 0x000000070b500000, 0x000000070b500000| Untracked 
| 166|0x000000070b600000, 0x000000070b600000, 0x000000070b700000|  0%| F|  |TAMS 0x000000070b600000, 0x000000070b600000| Untracked 
| 167|0x000000070b700000, 0x000000070b700000, 0x000000070b800000|  0%| F|  |TAMS 0x000000070b700000, 0x000000070b700000| Untracked 
| 168|0x000000070b800000, 0x000000070b800000, 0x000000070b900000|  0%| F|  |TAMS 0x000000070b800000, 0x000000070b800000| Untracked 
| 169|0x000000070b900000, 0x000000070b900000, 0x000000070ba00000|  0%| F|  |TAMS 0x000000070b900000, 0x000000070b900000| Untracked 
| 170|0x000000070ba00000, 0x000000070ba00000, 0x000000070bb00000|  0%| F|  |TAMS 0x000000070ba00000, 0x000000070ba00000| Untracked 
| 171|0x000000070bb00000, 0x000000070bb00000, 0x000000070bc00000|  0%| F|  |TAMS 0x000000070bb00000, 0x000000070bb00000| Untracked 
| 172|0x000000070bc00000, 0x000000070bc00000, 0x000000070bd00000|  0%| F|  |TAMS 0x000000070bc00000, 0x000000070bc00000| Untracked 
| 173|0x000000070bd00000, 0x000000070bd00000, 0x000000070be00000|  0%| F|  |TAMS 0x000000070bd00000, 0x000000070bd00000| Untracked 
| 174|0x000000070be00000, 0x000000070be00000, 0x000000070bf00000|  0%| F|  |TAMS 0x000000070be00000, 0x000000070be00000| Untracked 
| 175|0x000000070bf00000, 0x000000070bf00000, 0x000000070c000000|  0%| F|  |TAMS 0x000000070bf00000, 0x000000070bf00000| Untracked 
| 176|0x000000070c000000, 0x000000070c000000, 0x000000070c100000|  0%| F|  |TAMS 0x000000070c000000, 0x000000070c000000| Untracked 
| 177|0x000000070c100000, 0x000000070c100000, 0x000000070c200000|  0%| F|  |TAMS 0x000000070c100000, 0x000000070c100000| Untracked 
| 178|0x000000070c200000, 0x000000070c200000, 0x000000070c300000|  0%| F|  |TAMS 0x000000070c200000, 0x000000070c200000| Untracked 
| 179|0x000000070c300000, 0x000000070c300000, 0x000000070c400000|  0%| F|  |TAMS 0x000000070c300000, 0x000000070c300000| Untracked 
| 180|0x000000070c400000, 0x000000070c400000, 0x000000070c500000|  0%| F|  |TAMS 0x000000070c400000, 0x000000070c400000| Untracked 
| 181|0x000000070c500000, 0x000000070c500000, 0x000000070c600000|  0%| F|  |TAMS 0x000000070c500000, 0x000000070c500000| Untracked 
| 182|0x000000070c600000, 0x000000070c600000, 0x000000070c700000|  0%| F|  |TAMS 0x000000070c600000, 0x000000070c600000| Untracked 
| 183|0x000000070c700000, 0x000000070c700000, 0x000000070c800000|  0%| F|  |TAMS 0x000000070c700000, 0x000000070c700000| Untracked 
| 184|0x000000070c800000, 0x000000070c800000, 0x000000070c900000|  0%| F|  |TAMS 0x000000070c800000, 0x000000070c800000| Untracked 
| 185|0x000000070c900000, 0x000000070c900000, 0x000000070ca00000|  0%| F|  |TAMS 0x000000070c900000, 0x000000070c900000| Untracked 
| 186|0x000000070ca00000, 0x000000070ca00000, 0x000000070cb00000|  0%| F|  |TAMS 0x000000070ca00000, 0x000000070ca00000| Untracked 
| 187|0x000000070cb00000, 0x000000070cb00000, 0x000000070cc00000|  0%| F|  |TAMS 0x000000070cb00000, 0x000000070cb00000| Untracked 
| 188|0x000000070cc00000, 0x000000070cc00000, 0x000000070cd00000|  0%| F|  |TAMS 0x000000070cc00000, 0x000000070cc00000| Untracked 
| 189|0x000000070cd00000, 0x000000070cd00000, 0x000000070ce00000|  0%| F|  |TAMS 0x000000070cd00000, 0x000000070cd00000| Untracked 
| 190|0x000000070ce00000, 0x000000070ce00000, 0x000000070cf00000|  0%| F|  |TAMS 0x000000070ce00000, 0x000000070ce00000| Untracked 
| 191|0x000000070cf00000, 0x000000070cf00000, 0x000000070d000000|  0%| F|  |TAMS 0x000000070cf00000, 0x000000070cf00000| Untracked 
| 192|0x000000070d000000, 0x000000070d000000, 0x000000070d100000|  0%| F|  |TAMS 0x000000070d000000, 0x000000070d000000| Untracked 
| 193|0x000000070d100000, 0x000000070d100000, 0x000000070d200000|  0%| F|  |TAMS 0x000000070d100000, 0x000000070d100000| Untracked 
| 194|0x000000070d200000, 0x000000070d200000, 0x000000070d300000|  0%| F|  |TAMS 0x000000070d200000, 0x000000070d200000| Untracked 
| 195|0x000000070d300000, 0x000000070d300000, 0x000000070d400000|  0%| F|  |TAMS 0x000000070d300000, 0x000000070d300000| Untracked 
| 196|0x000000070d400000, 0x000000070d400000, 0x000000070d500000|  0%| F|  |TAMS 0x000000070d400000, 0x000000070d400000| Untracked 
| 197|0x000000070d500000, 0x000000070d500000, 0x000000070d600000|  0%| F|  |TAMS 0x000000070d500000, 0x000000070d500000| Untracked 
| 198|0x000000070d600000, 0x000000070d600000, 0x000000070d700000|  0%| F|  |TAMS 0x000000070d600000, 0x000000070d600000| Untracked 
| 199|0x000000070d700000, 0x000000070d700000, 0x000000070d800000|  0%| F|  |TAMS 0x000000070d700000, 0x000000070d700000| Untracked 
| 200|0x000000070d800000, 0x000000070d800000, 0x000000070d900000|  0%| F|  |TAMS 0x000000070d800000, 0x000000070d800000| Untracked 
| 201|0x000000070d900000, 0x000000070d900000, 0x000000070da00000|  0%| F|  |TAMS 0x000000070d900000, 0x000000070d900000| Untracked 
| 202|0x000000070da00000, 0x000000070da00000, 0x000000070db00000|  0%| F|  |TAMS 0x000000070da00000, 0x000000070da00000| Untracked 
| 203|0x000000070db00000, 0x000000070db00000, 0x000000070dc00000|  0%| F|  |TAMS 0x000000070db00000, 0x000000070db00000| Untracked 
| 204|0x000000070dc00000, 0x000000070dc00000, 0x000000070dd00000|  0%| F|  |TAMS 0x000000070dc00000, 0x000000070dc00000| Untracked 
| 205|0x000000070dd00000, 0x000000070dd0cf18, 0x000000070de00000|  5%| S|CS|TAMS 0x000000070dd00000, 0x000000070dd00000| Complete 
| 206|0x000000070de00000, 0x000000070df00000, 0x000000070df00000|100%| S|CS|TAMS 0x000000070de00000, 0x000000070de00000| Complete 
| 207|0x000000070df00000, 0x000000070e000000, 0x000000070e000000|100%| S|CS|TAMS 0x000000070df00000, 0x000000070df00000| Complete 
| 208|0x000000070e000000, 0x000000070e100000, 0x000000070e100000|100%| S|CS|TAMS 0x000000070e000000, 0x000000070e000000| Complete 
| 209|0x000000070e100000, 0x000000070e200000, 0x000000070e200000|100%| S|CS|TAMS 0x000000070e100000, 0x000000070e100000| Complete 
| 210|0x000000070e200000, 0x000000070e300000, 0x000000070e300000|100%| S|CS|TAMS 0x000000070e200000, 0x000000070e200000| Complete 
| 211|0x000000070e300000, 0x000000070e300000, 0x000000070e400000|  0%| F|  |TAMS 0x000000070e300000, 0x000000070e300000| Untracked 
| 212|0x000000070e400000, 0x000000070e400000, 0x000000070e500000|  0%| F|  |TAMS 0x000000070e400000, 0x000000070e400000| Untracked 
| 213|0x000000070e500000, 0x000000070e500000, 0x000000070e600000|  0%| F|  |TAMS 0x000000070e500000, 0x000000070e500000| Untracked 
| 214|0x000000070e600000, 0x000000070e600000, 0x000000070e700000|  0%| F|  |TAMS 0x000000070e600000, 0x000000070e600000| Untracked 
| 215|0x000000070e700000, 0x000000070e700000, 0x000000070e800000|  0%| F|  |TAMS 0x000000070e700000, 0x000000070e700000| Untracked 
| 216|0x000000070e800000, 0x000000070e800000, 0x000000070e900000|  0%| F|  |TAMS 0x000000070e800000, 0x000000070e800000| Untracked 
| 217|0x000000070e900000, 0x000000070e900000, 0x000000070ea00000|  0%| F|  |TAMS 0x000000070e900000, 0x000000070e900000| Untracked 
| 218|0x000000070ea00000, 0x000000070ea00000, 0x000000070eb00000|  0%| F|  |TAMS 0x000000070ea00000, 0x000000070ea00000| Untracked 
| 219|0x000000070eb00000, 0x000000070eb00000, 0x000000070ec00000|  0%| F|  |TAMS 0x000000070eb00000, 0x000000070eb00000| Untracked 
| 220|0x000000070ec00000, 0x000000070ec00000, 0x000000070ed00000|  0%| F|  |TAMS 0x000000070ec00000, 0x000000070ec00000| Untracked 
| 221|0x000000070ed00000, 0x000000070ed00000, 0x000000070ee00000|  0%| F|  |TAMS 0x000000070ed00000, 0x000000070ed00000| Untracked 
| 222|0x000000070ee00000, 0x000000070ee00000, 0x000000070ef00000|  0%| F|  |TAMS 0x000000070ee00000, 0x000000070ee00000| Untracked 
| 223|0x000000070ef00000, 0x000000070ef00000, 0x000000070f000000|  0%| F|  |TAMS 0x000000070ef00000, 0x000000070ef00000| Untracked 
| 224|0x000000070f000000, 0x000000070f000000, 0x000000070f100000|  0%| F|  |TAMS 0x000000070f000000, 0x000000070f000000| Untracked 
| 225|0x000000070f100000, 0x000000070f100000, 0x000000070f200000|  0%| F|  |TAMS 0x000000070f100000, 0x000000070f100000| Untracked 
| 226|0x000000070f200000, 0x000000070f200000, 0x000000070f300000|  0%| F|  |TAMS 0x000000070f200000, 0x000000070f200000| Untracked 
| 227|0x000000070f300000, 0x000000070f300000, 0x000000070f400000|  0%| F|  |TAMS 0x000000070f300000, 0x000000070f300000| Untracked 
| 228|0x000000070f400000, 0x000000070f400000, 0x000000070f500000|  0%| F|  |TAMS 0x000000070f400000, 0x000000070f400000| Untracked 
| 229|0x000000070f500000, 0x000000070f500000, 0x000000070f600000|  0%| F|  |TAMS 0x000000070f500000, 0x000000070f500000| Untracked 
| 230|0x000000070f600000, 0x000000070f600000, 0x000000070f700000|  0%| F|  |TAMS 0x000000070f600000, 0x000000070f600000| Untracked 
| 231|0x000000070f700000, 0x000000070f700000, 0x000000070f800000|  0%| F|  |TAMS 0x000000070f700000, 0x000000070f700000| Untracked 
| 232|0x000000070f800000, 0x000000070f800000, 0x000000070f900000|  0%| F|  |TAMS 0x000000070f800000, 0x000000070f800000| Untracked 
| 233|0x000000070f900000, 0x000000070f900000, 0x000000070fa00000|  0%| F|  |TAMS 0x000000070f900000, 0x000000070f900000| Untracked 
| 234|0x000000070fa00000, 0x000000070fa00000, 0x000000070fb00000|  0%| F|  |TAMS 0x000000070fa00000, 0x000000070fa00000| Untracked 
| 235|0x000000070fb00000, 0x000000070fb00000, 0x000000070fc00000|  0%| F|  |TAMS 0x000000070fb00000, 0x000000070fb00000| Untracked 
| 236|0x000000070fc00000, 0x000000070fc00000, 0x000000070fd00000|  0%| F|  |TAMS 0x000000070fc00000, 0x000000070fc00000| Untracked 
| 237|0x000000070fd00000, 0x000000070fd00000, 0x000000070fe00000|  0%| F|  |TAMS 0x000000070fd00000, 0x000000070fd00000| Untracked 
| 238|0x000000070fe00000, 0x000000070fe00000, 0x000000070ff00000|  0%| F|  |TAMS 0x000000070fe00000, 0x000000070fe00000| Untracked 
| 239|0x000000070ff00000, 0x000000070ff00000, 0x0000000710000000|  0%| F|  |TAMS 0x000000070ff00000, 0x000000070ff00000| Untracked 
| 240|0x0000000710000000, 0x0000000710000000, 0x0000000710100000|  0%| F|  |TAMS 0x0000000710000000, 0x0000000710000000| Untracked 
| 241|0x0000000710100000, 0x0000000710100000, 0x0000000710200000|  0%| F|  |TAMS 0x0000000710100000, 0x0000000710100000| Untracked 
| 242|0x0000000710200000, 0x0000000710200000, 0x0000000710300000|  0%| F|  |TAMS 0x0000000710200000, 0x0000000710200000| Untracked 
| 243|0x0000000710300000, 0x0000000710300000, 0x0000000710400000|  0%| F|  |TAMS 0x0000000710300000, 0x0000000710300000| Untracked 
| 244|0x0000000710400000, 0x0000000710400000, 0x0000000710500000|  0%| F|  |TAMS 0x0000000710400000, 0x0000000710400000| Untracked 
| 245|0x0000000710500000, 0x0000000710500000, 0x0000000710600000|  0%| F|  |TAMS 0x0000000710500000, 0x0000000710500000| Untracked 
| 246|0x0000000710600000, 0x0000000710600000, 0x0000000710700000|  0%| F|  |TAMS 0x0000000710600000, 0x0000000710600000| Untracked 
| 247|0x0000000710700000, 0x0000000710700000, 0x0000000710800000|  0%| F|  |TAMS 0x0000000710700000, 0x0000000710700000| Untracked 
| 248|0x0000000710800000, 0x0000000710800000, 0x0000000710900000|  0%| F|  |TAMS 0x0000000710800000, 0x0000000710800000| Untracked 
| 249|0x0000000710900000, 0x000000071096d070, 0x0000000710a00000| 42%| E|  |TAMS 0x0000000710900000, 0x0000000710900000| Complete 
| 250|0x0000000710a00000, 0x0000000710b00000, 0x0000000710b00000|100%| E|CS|TAMS 0x0000000710a00000, 0x0000000710a00000| Complete 
| 251|0x0000000710b00000, 0x0000000710c00000, 0x0000000710c00000|100%| E|CS|TAMS 0x0000000710b00000, 0x0000000710b00000| Complete 
| 252|0x0000000710c00000, 0x0000000710d00000, 0x0000000710d00000|100%| E|CS|TAMS 0x0000000710c00000, 0x0000000710c00000| Complete 
| 253|0x0000000710d00000, 0x0000000710e00000, 0x0000000710e00000|100%| E|CS|TAMS 0x0000000710d00000, 0x0000000710d00000| Complete 
| 254|0x0000000710e00000, 0x0000000710f00000, 0x0000000710f00000|100%| E|CS|TAMS 0x0000000710e00000, 0x0000000710e00000| Complete 
| 255|0x0000000710f00000, 0x0000000711000000, 0x0000000711000000|100%| E|CS|TAMS 0x0000000710f00000, 0x0000000710f00000| Complete 

Card table byte_map: [0x0000027cbb140000,0x0000027cbb940000] _byte_map_base: 0x0000027cb7938000

Marking Bits (Prev, Next): (CMBitMap*) 0x0000027ca2d5da90, (CMBitMap*) 0x0000027ca2d5da58
 Prev Bits: [0x0000027cc0100000, 0x0000027cc40c0000)
 Next Bits: [0x0000027cbc140000, 0x0000027cc0100000)

Polling page: 0x0000027ca0cc0000

Metaspace:

Usage:
  Non-class:     18.22 MB capacity,    17.86 MB ( 98%) used,   308.84 KB (  2%) free+waste,    52.94 KB ( <1%) overhead. 
      Class:      2.45 MB capacity,     2.27 MB ( 93%) used,   159.57 KB (  6%) free+waste,    25.88 KB (  1%) overhead. 
       Both:     20.67 MB capacity,    20.14 MB ( 97%) used,   468.41 KB (  2%) free+waste,    78.81 KB ( <1%) overhead. 

Virtual space:
  Non-class space:       24.00 MB reserved,      18.25 MB ( 76%) committed 
      Class space:        1.00 GB reserved,       2.50 MB ( <1%) committed 
             Both:        1.02 GB reserved,      20.75 MB (  2%) committed 

Chunk freelists:
   Non-Class:  33.00 KB
       Class:  16.00 KB
        Both:  49.00 KB

MaxMetaspaceSize: 17179869184.00 GB
CompressedClassSpaceSize: 1.00 GB

CodeHeap 'non-profiled nmethods': size=120000Kb used=630Kb max_used=630Kb free=119369Kb
 bounds [0x0000027cb2ec0000, 0x0000027cb3130000, 0x0000027cba3f0000]
CodeHeap 'profiled nmethods': size=120000Kb used=3349Kb max_used=3349Kb free=116650Kb
 bounds [0x0000027cab990000, 0x0000027cabce0000, 0x0000027cb2ec0000]
CodeHeap 'non-nmethods': size=5760Kb used=1122Kb max_used=1142Kb free=4637Kb
 bounds [0x0000027cab3f0000, 0x0000027cab660000, 0x0000027cab990000]
 total_blobs=2223 nmethods=1790 adapters=344
 compilation: enabled
              stopped_count=0, restarted_count=0
 full_count=0

Compilation events (20 events):
Event: 1.554 Thread 0x0000027cc77b6800 1721       3       java.lang.reflect.Method::getParameterCount (6 bytes)
Event: 1.554 Thread 0x0000027cc77b6800 nmethod 1721 0x0000027cabcaf890 code [0x0000027cabcafa40, 0x0000027cabcafb58]
Event: 1.555 Thread 0x0000027cc77b6800 1722       3       sun.reflect.annotation.AnnotationInvocationHandler::invoke (178 bytes)
Event: 1.557 Thread 0x0000027cc77b6800 nmethod 1722 0x0000027cabcafc10 code [0x0000027cabcaff20, 0x0000027cabcb1028]
Event: 1.557 Thread 0x0000027cc77b6800 1723       3       jdk.internal.reflect.ConstantPool::getUTF8At (10 bytes)
Event: 1.557 Thread 0x0000027cc77b6800 nmethod 1723 0x0000027cabcb1590 code [0x0000027cabcb1740, 0x0000027cabcb1868]
Event: 1.557 Thread 0x0000027cc77b6800 1725       1       java.lang.Class::getAnnotationType (5 bytes)
Event: 1.557 Thread 0x0000027cc77b6800 nmethod 1725 0x0000027cb2f52090 code [0x0000027cb2f52240, 0x0000027cb2f522f8]
Event: 1.557 Thread 0x0000027cc77b6800 1726       3       java.lang.PublicMethods$MethodList::<init> (10 bytes)
Event: 1.557 Thread 0x0000027cc77b6800 nmethod 1726 0x0000027cabcb1910 code [0x0000027cabcb1ac0, 0x0000027cabcb1c78]
Event: 1.557 Thread 0x0000027cc77b6800 1727       3       java.util.HashMap::<init> (98 bytes)
Event: 1.558 Thread 0x0000027cc77b6800 nmethod 1727 0x0000027cabcb1d10 code [0x0000027cabcb2080, 0x0000027cabcb34a8]
Event: 1.560 Thread 0x0000027cc77b6800 1730   !   3       java.util.concurrent.ConcurrentHashMap::putVal (432 bytes)
Event: 1.561 Thread 0x0000027cc77b6800 nmethod 1730 0x0000027cabcb3b10 code [0x0000027cabcb3ea0, 0x0000027cabcb6158]
Event: 1.561 Thread 0x0000027cc77b6800 1733       3       ch.qos.logback.classic.Logger::getChildByName (68 bytes)
Event: 1.562 Thread 0x0000027cc77b6800 nmethod 1733 0x0000027cabcb6c10 code [0x0000027cabcb6e20, 0x0000027cabcb73a8]
Event: 1.562 Thread 0x0000027cc77b6800 1732       3       java.nio.HeapByteBuffer::ix (7 bytes)
Event: 1.562 Thread 0x0000027cc77b6800 nmethod 1732 0x0000027cabcb7590 code [0x0000027cabcb7740, 0x0000027cabcb7838]
Event: 1.562 Thread 0x0000027cc77b6800 1731       1       java.lang.reflect.Constructor::getSharedParameterTypes (5 bytes)
Event: 1.562 Thread 0x0000027cc77b6800 nmethod 1731 0x0000027cb2f52390 code [0x0000027cb2f52540, 0x0000027cb2f525f8]

GC Heap History (2 events):
Event: 0.960 GC heap before
{Heap before GC invocations=0 (full 0):
 garbage-first heap   total 262144K, used 25600K [0x0000000701000000, 0x0000000800000000)
  region size 1024K, 24 young (24576K), 0 survivors (0K)
 Metaspace       used 11696K, capacity 11897K, committed 12032K, reserved 1060864K
  class space    used 1127K, capacity 1179K, committed 1280K, reserved 1048576K
}
Event: 0.965 GC heap after
{Heap after GC invocations=1 (full 0):
 garbage-first heap   total 262144K, used 7308K [0x0000000701000000, 0x0000000800000000)
  region size 1024K, 3 young (3072K), 3 survivors (3072K)
 Metaspace       used 11696K, capacity 11897K, committed 12032K, reserved 1060864K
  class space    used 1127K, capacity 1179K, committed 1280K, reserved 1048576K
}

Deoptimization events (20 events):
Event: 1.519 Thread 0x0000027ca2cf7800 DEOPT PACKING pc=0x0000027cabc79e40 sp=0x000000d4b90fccd0
Event: 1.519 Thread 0x0000027ca2cf7800 DEOPT UNPACKING pc=0x0000027cab41705e sp=0x000000d4b90fc1e8 mode 0
Event: 1.533 Thread 0x0000027cc8202000 DEOPT PACKING pc=0x0000027cabc79e40 sp=0x000000d4bb0fc650
Event: 1.533 Thread 0x0000027cc8202000 DEOPT UNPACKING pc=0x0000027cab41705e sp=0x000000d4bb0fbb68 mode 0
Event: 1.537 Thread 0x0000027ca2cf7800 Uncommon trap: trap_request=0xffffff4d fr.pc=0x0000027cb2f42928 relative=0x00000000000002c8
Event: 1.537 Thread 0x0000027ca2cf7800 Uncommon trap: reason=unstable_if action=reinterpret pc=0x0000027cb2f42928 method=java.util.HashMap.getNode(ILjava/lang/Object;)Ljava/util/HashMap$Node; @ 129 c2
Event: 1.537 Thread 0x0000027ca2cf7800 DEOPT PACKING pc=0x0000027cb2f42928 sp=0x000000d4b90fc5a0
Event: 1.537 Thread 0x0000027ca2cf7800 DEOPT UNPACKING pc=0x0000027cab4168af sp=0x000000d4b90fc520 mode 2
Event: 1.544 Thread 0x0000027ca2cf7800 Uncommon trap: trap_request=0xffffff4d fr.pc=0x0000027cb2f265c0 relative=0x0000000000001280
Event: 1.544 Thread 0x0000027ca2cf7800 Uncommon trap: reason=unstable_if action=reinterpret pc=0x0000027cb2f265c0 method=java.util.concurrent.ConcurrentHashMap.addCount(JI)V @ 168 c2
Event: 1.544 Thread 0x0000027ca2cf7800 DEOPT PACKING pc=0x0000027cb2f265c0 sp=0x000000d4b90fcdc0
Event: 1.545 Thread 0x0000027ca2cf7800 DEOPT UNPACKING pc=0x0000027cab4168af sp=0x000000d4b90fcc90 mode 2
Event: 1.545 Thread 0x0000027cc8202000 Uncommon trap: trap_request=0xffffff4d fr.pc=0x0000027cb2f4e298 relative=0x00000000000012b8
Event: 1.545 Thread 0x0000027cc8202000 Uncommon trap: reason=unstable_if action=reinterpret pc=0x0000027cb2f4e298 method=java.util.concurrent.ConcurrentHashMap.transfer([Ljava/util/concurrent/ConcurrentHashMap$Node;[Ljava/util/concurrent/ConcurrentHashMap$Node;)V @ 273 c2
Event: 1.545 Thread 0x0000027cc8202000 DEOPT PACKING pc=0x0000027cb2f4e298 sp=0x000000d4bb0fdef0
Event: 1.545 Thread 0x0000027cc8202000 DEOPT UNPACKING pc=0x0000027cab4168af sp=0x000000d4bb0fde70 mode 2
Event: 1.551 Thread 0x0000027ca2cf7800 Uncommon trap: trap_request=0xffffff4d fr.pc=0x0000027cb2f4804c relative=0x000000000000018c
Event: 1.551 Thread 0x0000027ca2cf7800 Uncommon trap: reason=unstable_if action=reinterpret pc=0x0000027cb2f4804c method=org.springframework.util.ConcurrentReferenceHashMap$Segment.restructureIfNecessary(Z)V @ 21 c2
Event: 1.551 Thread 0x0000027ca2cf7800 DEOPT PACKING pc=0x0000027cb2f4804c sp=0x000000d4b90fe0b0
Event: 1.551 Thread 0x0000027ca2cf7800 DEOPT UNPACKING pc=0x0000027cab4168af sp=0x000000d4b90fe080 mode 2

Classes redefined (0 events):
No events

Internal exceptions (20 events):
Event: 1.142 Thread 0x0000027ca2cf7800 Exception <a 'java/lang/NoSuchMethodError'{0x00000007106a3580}: 'void java.lang.invoke.DirectMethodHandle$Holder.invokeSpecial(java.lang.Object, java.lang.Object, java.lang.Object, java.lang.Object)'> (0x00000007106a3580) thrown at [./src/hotspot/share/interpreter/linkResolver.cpp, line 773]
Event: 1.170 Thread 0x0000027ca2cf7800 Exception <a 'java/lang/NoSuchMethodError'{0x000000071048d8c8}: 'java.lang.Object java.lang.invoke.Invokers$Holder.linkToTargetMethod(java.lang.Object, java.lang.Object, java.lang.Object, java.lang.Object, java.lang.Object, java.lang.Object)'> (0x000000071048d8c8) thrown at [./src/hotspot/share/interpreter/linkResolver.cpp, line 773]
Event: 1.194 Thread 0x0000027ca2cf7800 Exception <a 'java/lang/NoSuchMethodError'{0x0000000710370ad0}: 'java.lang.Object java.lang.invoke.DirectMethodHandle$Holder.invokeSpecial(java.lang.Object, java.lang.Object, java.lang.Object, java.lang.Object, java.lang.Object, java.lang.Object, int)'> (0x0000000710370ad0) thrown at [./src/hotspot/share/interpreter/linkResolver.cpp, line 773]
Event: 1.195 Thread 0x0000027ca2cf7800 Exception <a 'java/lang/NoSuchMethodError'{0x000000071037a530}: 'java.lang.Object java.lang.invoke.DirectMethodHandle$Holder.invokeSpecial(java.lang.Object, java.lang.Object, java.lang.Object, java.lang.Object, java.lang.Object, java.lang.Object, java.lang.Object, int)'> (0x000000071037a530) thrown at [./src/hotspot/share/interpreter/linkResolver.cpp, line 773]
Event: 1.195 Thread 0x0000027ca2cf7800 Exception <a 'java/lang/NoSuchMethodError'{0x000000071037e3d8}: 'java.lang.Object java.lang.invoke.Invokers$Holder.linkToTargetMethod(java.lang.Object, java.lang.Object, java.lang.Object, java.lang.Object, java.lang.Object, int, java.lang.Object)'> (0x000000071037e3d8) thrown at [./src/hotspot/share/interpreter/linkResolver.cpp, line 773]
Event: 1.232 Thread 0x0000027ca2cf7800 Exception <a 'java/lang/NoSuchMethodError'{0x000000071010c2e0}: 'int java.lang.invoke.DirectMethodHandle$Holder.invokeInterface(java.lang.Object, java.lang.Object)'> (0x000000071010c2e0) thrown at [./src/hotspot/share/interpreter/linkResolver.cpp, line 773]
Event: 1.249 Thread 0x0000027ca2cf7800 Exception <a 'java/lang/NoSuchMethodError'{0x00000007101b54f8}: 'int java.lang.invoke.DirectMethodHandle$Holder.invokeVirtual(java.lang.Object, java.lang.Object)'> (0x00000007101b54f8) thrown at [./src/hotspot/share/interpreter/linkResolver.cpp, line 773]
Event: 1.267 Thread 0x0000027ca2cf7800 Exception <a 'java/lang/NoSuchMethodError'{0x000000071007e200}: 'java.lang.Object java.lang.invoke.DirectMethodHandle$Holder.invokeStatic(java.lang.Object, java.lang.Object, java.lang.Object, int, java.lang.Object)'> (0x000000071007e200) thrown at [./src/hotspot/share/interpreter/linkResolver.cpp, line 773]
Event: 1.267 Thread 0x0000027ca2cf7800 Exception <a 'java/lang/NoSuchMethodError'{0x0000000710084e48}: 'java.lang.Object java.lang.invoke.Invokers$Holder.linkToTargetMethod(java.lang.Object, java.lang.Object, int, java.lang.Object, java.lang.Object)'> (0x0000000710084e48) thrown at [./src/hotspot/share/interpreter/linkResolver.cpp, line 773]
Event: 1.269 Thread 0x0000027ca2cf7800 Exception <a 'java/lang/NoSuchMethodError'{0x0000000710092670}: 'int java.lang.invoke.DirectMethodHandle$Holder.invokeStatic(java.lang.Object, int, java.lang.Object, java.lang.Object)'> (0x0000000710092670) thrown at [./src/hotspot/share/interpreter/linkResolver.cpp, line 773]
Event: 1.269 Thread 0x0000027ca2cf7800 Exception <a 'java/lang/NoSuchMethodError'{0x0000000710099780}: 'java.lang.Object java.lang.invoke.DirectMethodHandle$Holder.invokeStatic(java.lang.Object, int, java.lang.Object)'> (0x0000000710099780) thrown at [./src/hotspot/share/interpreter/linkResolver.cpp, line 773]
Event: 1.269 Thread 0x0000027ca2cf7800 Exception <a 'java/lang/NoSuchMethodError'{0x000000071009db30}: 'int java.lang.invoke.DirectMethodHandle$Holder.invokeSpecialIFC(java.lang.Object, java.lang.Object, java.lang.Object, java.lang.Object)'> (0x000000071009db30) thrown at [./src/hotspot/share/interpreter/linkResolver.cpp, line 773]
Event: 1.313 Thread 0x0000027ca2cf7800 Exception <a 'java/lang/NoSuchMethodError'{0x000000070fe352c0}: 'void java.lang.invoke.DirectMethodHandle$Holder.invokeStaticInit(java.lang.Object, java.lang.Object)'> (0x000000070fe352c0) thrown at [./src/hotspot/share/interpreter/linkResolver.cpp, line 773]
Event: 1.316 Thread 0x0000027ca2cf7800 Exception <a 'java/lang/NoSuchMethodError'{0x000000070fe44c70}: 'void java.lang.invoke.DirectMethodHandle$Holder.invokeStaticInit(java.lang.Object, java.lang.Object, java.lang.Object)'> (0x000000070fe44c70) thrown at [./src/hotspot/share/interpreter/linkResolver.cpp, line 773]
Event: 1.328 Thread 0x0000027ca2cf7800 Exception <a 'java/lang/NoSuchMethodError'{0x000000070fe67088}: 'java.lang.Object java.lang.invoke.DirectMethodHandle$Holder.invokeStaticInit(java.lang.Object, java.lang.Object, java.lang.Object)'> (0x000000070fe67088) thrown at [./src/hotspot/share/interpreter/linkResolver.cpp, line 773]
Event: 1.361 Thread 0x0000027ca2cf7800 Exception <a 'java/lang/NoSuchMethodError'{0x000000070fdcea48}: 'void java.lang.invoke.DirectMethodHandle$Holder.invokeVirtual(java.lang.Object, java.lang.Object, java.lang.Object, java.lang.Object)'> (0x000000070fdcea48) thrown at [./src/hotspot/share/interpreter/linkResolver.cpp, line 773]
Event: 1.398 Thread 0x0000027ca2cf7800 Exception <a 'java/lang/NoSuchMethodError'{0x000000070fbe9190}: 'void java.lang.invoke.DirectMethodHandle$Holder.invokeSpecial(java.lang.Object, java.lang.Object, java.lang.Object, java.lang.Object, java.lang.Object)'> (0x000000070fbe9190) thrown at [./src/hotspot/share/interpreter/linkResolver.cpp, line 773]
Event: 1.409 Thread 0x0000027ca2cf7800 Exception <a 'java/lang/NoSuchMethodError'{0x000000070faae990}: 'int java.lang.invoke.DirectMethodHandle$Holder.invokeSpecialIFC(java.lang.Object, java.lang.Object, int)'> (0x000000070faae990) thrown at [./src/hotspot/share/interpreter/linkResolver.cpp, line 773]
Event: 1.517 Thread 0x0000027ca2cf7800 Exception <a 'java/lang/NoSuchMethodError'{0x000000070e921f00}: 'org.slf4j.impl.StaticMDCBinder org.slf4j.impl.StaticMDCBinder.getSingleton()'> (0x000000070e921f00) thrown at [./src/hotspot/share/interpreter/linkResolver.cpp, line 773]
Event: 1.518 Thread 0x0000027ca2cf7800 Implicit null exception at 0x0000027cb2f08c95 to 0x0000027cb2f090e8

Events (20 events):
Event: 1.559 loading class org/springframework/context/annotation/ImportSelector
Event: 1.559 loading class org/springframework/context/annotation/ImportSelector done
Event: 1.559 loading class org/hibernate/validator/internal/engine/scripting/DefaultScriptEvaluatorFactory
Event: 1.559 loading class org/hibernate/validator/internal/engine/scripting/DefaultScriptEvaluatorFactory done
Event: 1.559 loading class org/hibernate/validator/spi/scripting/AbstractCachingScriptEvaluatorFactory
Event: 1.559 loading class org/hibernate/validator/spi/scripting/AbstractCachingScriptEvaluatorFactory done
Event: 1.560 loading class org/hibernate/validator/spi/scripting/ScriptEvaluator
Event: 1.560 loading class org/hibernate/validator/spi/scripting/ScriptEvaluator done
Event: 1.560 loading class org/hibernate/validator/internal/util/logging/Log_$logger_ko_KR
Event: 1.560 loading class org/hibernate/validator/internal/util/logging/Log_$logger_ko_KR done
Event: 1.561 loading class org/hibernate/validator/internal/util/logging/Log_$logger_ko
Event: 1.561 loading class org/hibernate/validator/internal/util/logging/Log_$logger_ko done
Event: 1.561 loading class org/hibernate/validator/messageinterpolation/ExpressionLanguageFeatureLevel
Event: 1.561 loading class org/hibernate/validator/messageinterpolation/ExpressionLanguageFeatureLevel done
Event: 1.561 loading class org/springframework/context/annotation/ComponentScans
Event: 1.561 loading class org/springframework/context/annotation/ComponentScans done
Event: 1.562 loading class org/hibernate/validator/internal/engine/constraintvalidation/HibernateConstraintValidatorInitializationContextImpl
Event: 1.562 loading class org/hibernate/validator/internal/engine/constraintvalidation/HibernateConstraintValidatorInitializationContextImpl done
Event: 1.562 loading class org/hibernate/validator/internal/engine/constraintvalidation/ConstraintValidatorManagerImpl
Event: 1.562 loading class org/hibernate/validator/internal/engine/constraintvalidation/ConstraintValidatorManagerImpl done


Dynamic libraries:
0x00007ff6c6850000 - 0x00007ff6c685d000 	C:\Users\dongh\.jdks\corretto-11.0.11\bin\java.exe
0x00007ffe08630000 - 0x00007ffe08810000 	C:\Windows\SYSTEM32\ntdll.dll
0x00007ffe06b60000 - 0x00007ffe06c0e000 	C:\Windows\System32\KERNEL32.DLL
0x00007ffe04f40000 - 0x00007ffe051a6000 	C:\Windows\System32\KERNELBASE.dll
0x00007ffe051d0000 - 0x00007ffe052c4000 	C:\Windows\System32\ucrtbase.dll
0x00007ffdef3d0000 - 0x00007ffdef3e9000 	C:\Users\dongh\.jdks\corretto-11.0.11\bin\VCRUNTIME140.dll
0x00007ffdef3b0000 - 0x00007ffdef3c7000 	C:\Users\dongh\.jdks\corretto-11.0.11\bin\jli.dll
0x00007ffe06210000 - 0x00007ffe0639f000 	C:\Windows\System32\USER32.dll
0x00007ffe051b0000 - 0x00007ffe051d0000 	C:\Windows\System32\win32u.dll
0x00007ffe05f10000 - 0x00007ffe05f38000 	C:\Windows\System32\GDI32.dll
0x00007ffe04a30000 - 0x00007ffe04bc3000 	C:\Windows\System32\gdi32full.dll
0x00007ffe04bd0000 - 0x00007ffe04c6b000 	C:\Windows\System32\msvcp_win.dll
0x00007ffdfaf10000 - 0x00007ffdfb179000 	C:\Windows\WinSxS\amd64_microsoft.windows.common-controls_6595b64144ccf1df_6.0.16299.1087_none_0f9074b65a6589b7\COMCTL32.dll
0x00007ffe06170000 - 0x00007ffe0620d000 	C:\Windows\System32\msvcrt.dll
0x00007ffe06420000 - 0x00007ffe06726000 	C:\Windows\System32\combase.dll
0x00007ffe06730000 - 0x00007ffe0684f000 	C:\Windows\System32\RPCRT4.dll
0x00007ffe05a80000 - 0x00007ffe05af2000 	C:\Windows\System32\bcryptPrimitives.dll
0x00007ffe05fc0000 - 0x00007ffe05fed000 	C:\Windows\System32\IMM32.DLL
0x00007ffdcc780000 - 0x00007ffdcc81b000 	C:\Users\dongh\.jdks\corretto-11.0.11\bin\msvcp140.dll
0x00007ffdabd50000 - 0x00007ffdac89c000 	C:\Users\dongh\.jdks\corretto-11.0.11\bin\server\jvm.dll
0x00007ffe08100000 - 0x00007ffe081a1000 	C:\Windows\System32\ADVAPI32.dll
0x00007ffe05f60000 - 0x00007ffe05fbb000 	C:\Windows\System32\sechost.dll
0x00007ffe080f0000 - 0x00007ffe080f8000 	C:\Windows\System32\PSAPI.DLL
0x00007ffe00c50000 - 0x00007ffe00c5a000 	C:\Windows\SYSTEM32\VERSION.dll
0x00007ffdedc20000 - 0x00007ffdedc29000 	C:\Windows\SYSTEM32\WSOCK32.dll
0x00007ffe02d40000 - 0x00007ffe02d63000 	C:\Windows\SYSTEM32\WINMM.dll
0x00007ffe06100000 - 0x00007ffe0616c000 	C:\Windows\System32\WS2_32.dll
0x00007ffe02cb0000 - 0x00007ffe02cda000 	C:\Windows\SYSTEM32\WINMMBASE.dll
0x00007ffe04e40000 - 0x00007ffe04e8a000 	C:\Windows\System32\cfgmgr32.dll
0x00007ffe049a0000 - 0x00007ffe049b1000 	C:\Windows\System32\kernel.appcore.dll
0x00007ffdf01a0000 - 0x00007ffdf01b0000 	C:\Users\dongh\.jdks\corretto-11.0.11\bin\verify.dll
0x00007ffdf68f0000 - 0x00007ffdf6ab8000 	C:\Windows\SYSTEM32\DBGHELP.DLL
0x00007ffdf60a0000 - 0x00007ffdf60c9000 	C:\Windows\SYSTEM32\dbgcore.DLL
0x00007ffdeebb0000 - 0x00007ffdeebd8000 	C:\Users\dongh\.jdks\corretto-11.0.11\bin\java.dll
0x00007ffdf0130000 - 0x00007ffdf013a000 	C:\Users\dongh\.jdks\corretto-11.0.11\bin\jimage.dll
0x00007ffdefe80000 - 0x00007ffdefe8e000 	C:\Users\dongh\.jdks\corretto-11.0.11\bin\instrument.dll
0x00007ffdee690000 - 0x00007ffdee6a7000 	C:\Users\dongh\.jdks\corretto-11.0.11\bin\zip.dll
0x00007ffe06c10000 - 0x00007ffe08048000 	C:\Windows\System32\SHELL32.dll
0x00007ffe05bc0000 - 0x00007ffe05c66000 	C:\Windows\System32\shcore.dll
0x00007ffe052d0000 - 0x00007ffe05a17000 	C:\Windows\System32\windows.storage.dll
0x00007ffe05b60000 - 0x00007ffe05bb1000 	C:\Windows\System32\shlwapi.dll
0x00007ffe049c0000 - 0x00007ffe04a0c000 	C:\Windows\System32\powrprof.dll
0x00007ffe04980000 - 0x00007ffe0499b000 	C:\Windows\System32\profapi.dll
0x00007ffdee2c0000 - 0x00007ffdee2d9000 	C:\Users\dongh\.jdks\corretto-11.0.11\bin\net.dll
0x00007ffdfe3f0000 - 0x00007ffdfe4ce000 	C:\Windows\SYSTEM32\WINHTTP.dll
0x00007ffe041b0000 - 0x00007ffe04216000 	C:\Windows\system32\mswsock.dll
0x00007ffdedbb0000 - 0x00007ffdedbc2000 	C:\Users\dongh\.jdks\corretto-11.0.11\bin\nio.dll
0x00007ffded140000 - 0x00007ffded15a000 	C:\Program Files\JetBrains\IntelliJ IDEA Community Edition 2021.2\bin\breakgen64.dll
0x00007ffdee7d0000 - 0x00007ffdee7d9000 	C:\Users\dongh\.jdks\corretto-11.0.11\bin\management.dll
0x00007ffdee680000 - 0x00007ffdee68b000 	C:\Users\dongh\.jdks\corretto-11.0.11\bin\management_ext.dll
0x00007ffdf5650000 - 0x00007ffdf5666000 	C:\Windows\system32\napinsp.dll
0x00007ffdf5630000 - 0x00007ffdf564a000 	C:\Windows\system32\pnrpnsp.dll
0x00007ffe024c0000 - 0x00007ffe024d8000 	C:\Windows\system32\NLAapi.dll
0x00007ffe03f80000 - 0x00007ffe04036000 	C:\Windows\SYSTEM32\DNSAPI.dll
0x00007ffe05f50000 - 0x00007ffe05f58000 	C:\Windows\System32\NSI.dll
0x00007ffe03f40000 - 0x00007ffe03f79000 	C:\Windows\SYSTEM32\IPHLPAPI.DLL
0x00007ffdf3410000 - 0x00007ffdf341e000 	C:\Windows\System32\winrnr.dll
0x00007ffdfd8e0000 - 0x00007ffdfd8ea000 	C:\Windows\System32\rasadhlp.dll
0x00007ffdffd50000 - 0x00007ffdffdc0000 	C:\Windows\System32\fwpuclnt.dll
0x00007ffe04480000 - 0x00007ffe044a5000 	C:\Windows\SYSTEM32\bcrypt.dll

dbghelp: loaded successfully - version: 4.0.5 - missing functions: none
symbol engine: initialized successfully - sym options: 0x614 - pdb path: .;C:\Users\dongh\.jdks\corretto-11.0.11\bin;C:\Windows\SYSTEM32;C:\Windows\WinSxS\amd64_microsoft.windows.common-controls_6595b64144ccf1df_6.0.16299.1087_none_0f9074b65a6589b7;C:\Users\dongh\.jdks\corretto-11.0.11\bin\server;C:\Program Files\JetBrains\IntelliJ IDEA Community Edition 2021.2\bin

VM Arguments:
jvm_args: -javaagent:C:\Program Files\JetBrains\IntelliJ IDEA Community Edition 2021.2\lib\idea_rt.jar=11992:C:\Program Files\JetBrains\IntelliJ IDEA Community Edition 2021.2\bin -Dfile.encoding=UTF-8 
java_command: kosa.ion.team6.Ion6teamApplication
java_class_path (initial): C:\Users\dongh\Desktop\i-ON\teamproject\ion6team\target\classes;C:\Users\dongh\.m2\repository\org\springframework\boot\spring-boot-starter-data-jpa\2.5.5\spring-boot-starter-data-jpa-2.5.5.jar;C:\Users\dongh\.m2\repository\org\springframework\boot\spring-boot-starter-aop\2.5.5\spring-boot-starter-aop-2.5.5.jar;C:\Users\dongh\.m2\repository\org\aspectj\aspectjweaver\1.9.7\aspectjweaver-1.9.7.jar;C:\Users\dongh\.m2\repository\org\springframework\boot\spring-boot-starter-jdbc\2.5.5\spring-boot-starter-jdbc-2.5.5.jar;C:\Users\dongh\.m2\repository\com\zaxxer\HikariCP\4.0.3\HikariCP-4.0.3.jar;C:\Users\dongh\.m2\repository\org\springframework\spring-jdbc\5.3.10\spring-jdbc-5.3.10.jar;C:\Users\dongh\.m2\repository\jakarta\transaction\jakarta.transaction-api\1.3.3\jakarta.transaction-api-1.3.3.jar;C:\Users\dongh\.m2\repository\jakarta\persistence\jakarta.persistence-api\2.2.3\jakarta.persistence-api-2.2.3.jar;C:\Users\dongh\.m2\repository\org\hibernate\hibernate-core\5.4.32.Final\hibernate-core-5.4.32.Final.jar;C:\Users\dongh\.m2\repository\org\jboss\logging\jboss-logging\3.4.2.Final\jboss-logging-3.4.2.Final.jar;C:\Users\dongh\.m2\repository\org\javassist\javassist\3.27.0-GA\javassist-3.27.0-GA.jar;C:\Users\dongh\.m2\repository\net\bytebuddy\byte-buddy\1.10.22\byte-buddy-1.10.22.jar;C:\Users\dongh\.m2\repository\antlr\antlr\2.7.7\antlr-2.7.7.jar;C:\Users\dongh\.m2\repository\org\jboss\jandex\2.2.3.Final\jandex-2.2.3.Final.jar;C:\Users\dongh\.m2\repository\com\fasterxml\classmate\1.5.1\classmate-1.5.1.jar;C:\Users\dongh\.m2\repository\org\dom4j\dom4j\2.1.3\dom4j-2.1.3.jar;C:\Users\dongh\.m2\repository\org\hibernate\common\hibernate-commons-annotations\5.1.2.Final\hibernate-commons-annotations-5.1.2.Final.jar;C:\Users\dongh\.m2\repository\org\glassfish\jaxb\jaxb-runtime\2.3.5\jaxb-runtime-2.3.5.jar;C:\Users\dongh\.m2\repository\org\glassfish\jaxb\txw2\2.3.5\txw2-2.3.5.jar;C:\Users\dongh\.m2\repository\com\sun\istack\istack-commons-runtime\3.0.12\i
Launcher Type: SUN_STANDARD

[Global flags]
     intx CICompilerCount                          = 4                                         {product} {ergonomic}
     uint ConcGCThreads                            = 3                                         {product} {ergonomic}
     uint G1ConcRefinementThreads                  = 10                                        {product} {ergonomic}
   size_t G1HeapRegionSize                         = 1048576                                   {product} {ergonomic}
    uintx GCDrainStackTargetSize                   = 64                                        {product} {ergonomic}
   size_t InitialHeapSize                          = 268435456                                 {product} {ergonomic}
   size_t MarkStackSize                            = 4194304                                   {product} {ergonomic}
   size_t MaxHeapSize                              = 4278190080                                {product} {ergonomic}
   size_t MaxNewSize                               = 2566914048                                {product} {ergonomic}
   size_t MinHeapDeltaBytes                        = 1048576                                   {product} {ergonomic}
    uintx NonNMethodCodeHeapSize                   = 5836300                                {pd product} {ergonomic}
    uintx NonProfiledCodeHeapSize                  = 122910970                              {pd product} {ergonomic}
    uintx ProfiledCodeHeapSize                     = 122910970                              {pd product} {ergonomic}
    uintx ReservedCodeCacheSize                    = 251658240                              {pd product} {ergonomic}
     bool SegmentedCodeCache                       = true                                      {product} {ergonomic}
     bool UseCompressedClassPointers               = true                                 {lp64_product} {ergonomic}
     bool UseCompressedOops                        = true                                 {lp64_product} {ergonomic}
     bool UseG1GC                                  = true                                      {product} {ergonomic}
     bool UseLargePagesIndividualAllocation        = false                                  {pd product} {ergonomic}

Logging:
Log output configuration:
 #0: stdout all=warning uptime,level,tags
 #1: stderr all=off uptime,level,tags

Environment Variables:
JAVA_HOME=C:\Program Files\Java\jdk1.8.0_301
CLASSPATH=.;
PATH=C:\WINDOWS.X64_193000_db_home\bin;C:\Program Files\Common Files\Oracle\Java\javapath;C:\Program Files (x86)\Common Files\Oracle\Java\javapath;C:\Program Files\Microsoft MPI\Bin\;C:\Windows\system32;C:\Windows;C:\Windows\System32\Wbem;C:\Windows\System32\WindowsPowerShell\v1.0\;C:\Program Files (x86)\NVIDIA Corporation\PhysX\Common;C:\Program Files\dotnet\;C:\Program Files\Microsoft SQL Server\130\Tools\Binn\;C:\Program Files\Common Files\Autodesk Shared\;C:\Program Files\Android\Android Studio\jre\bin;C:\Program Files (x86)\Windows Live\Shared;C:\Program Files\NVIDIA Corporation\NVIDIA NvDLISR;C:\Program Files\Java\jdk1.8.0_301\bin;C:\Program Files\MySQL\MySQL Server 8.0\bin;C:\Program Files\Git\cmd;C:\Users\dongh\Desktop\springStudy\apache-tomcat-9.0.53\bin;C:\Program Files\nodejs\;C:\Program Files\MySQL\MySQL Shell 8.0\bin\;C:\Users\dongh\AppData\Local\Microsoft\WindowsApps;C:\Program Files\Bandizip\;C:\opencv\build\x64\vc14\bin;;C:\Users\dongh\AppData\Local\afreeca;C:\Program Files\JetBrains\IntelliJ IDEA Community Edition 2021.2\bin;;C:\Users\dongh\AppData\Local\Programs\Microsoft VS Code\bin;C:\Users\dongh\AppData\Roaming\npm
USERNAME=dongh
OS=Windows_NT
PROCESSOR_IDENTIFIER=AMD64 Family 23 Model 1 Stepping 1, AuthenticAMD



---------------  S Y S T E M  ---------------

OS: Windows 10 , 64 bit Build 16299 (10.0.16299.1087)
OS uptime: 0 days 1:27 hours

CPU:total 12 (initial active 12) (12 cores per cpu, 2 threads per core) family 23 model 1 stepping 1 microcode 0x8001126, cmov, cx8, fxsr, mmx, sse, sse2, sse3, ssse3, sse4.1, sse4.2, popcnt, avx, avx2, aes, clmul, mmxext, 3dnowpref, lzcnt, sse4a, ht, tsc, tscinvbit, tscinv, bmi1, bmi2, 

Memory: 4k page, system-wide physical 16315M (5539M free)
TotalPageFile size 16315M (AvailPageFile size 3M)
current process WorkingSet (physical memory assigned to process): 134M, peak: 134M
current process commit charge ("private bytes"): 380M, peak: 381M

vm_info: OpenJDK 64-Bit Server VM (11.0.11+9-LTS) for windows-amd64 JRE (11.0.11+9-LTS), built on Apr 14 2021 00:00:20 by "Administrator" with MS VC++ 15.9 (VS2017)

END.
