#
# There is insufficient memory for the Java Runtime Environment to continue.
# Native memory allocation (malloc) failed to allocate 1912016 bytes for Chunk::new
# Possible reasons:
#   The system is out of physical RAM or swap space
#   The process is running with CompressedOops enabled, and the Java Heap may be blocking the growth of the native heap
# Possible solutions:
#   Reduce memory load on the system
#   Increase physical memory or swap space
#   Check if swap backing store is full
#   Decrease Java heap size (-Xmx/-Xms)
#   Decrease number of Java threads
#   Decrease Java thread stack sizes (-Xss)
#   Set larger code cache with -XX:ReservedCodeCacheSize=
#   JVM is running with Zero Based Compressed Oops mode in which the Java heap is
#     placed in the first 32GB address space. The Java Heap base address is the
#     maximum limit for the native heap growth. Please use -XX:HeapBaseMinAddress
#     to set the Java Heap base and to place the Java Heap above 32GB virtual address.
# This output file may be truncated or incomplete.
#
#  Out of Memory Error (./src/hotspot/share/memory/arena.cpp:197), pid=11336, tid=19676
#
# JRE version: OpenJDK Runtime Environment Corretto-11.0.11.9.1 (11.0.11+9) (build 11.0.11+9-LTS)
# Java VM: OpenJDK 64-Bit Server VM Corretto-11.0.11.9.1 (11.0.11+9-LTS, mixed mode, tiered, compressed oops, g1 gc, windows-amd64)
# No core dump will be written. Minidumps are not enabled by default on client versions of Windows
#

---------------  S U M M A R Y ------------

Command Line: -javaagent:C:\Program Files\JetBrains\IntelliJ IDEA Community Edition 2021.2\lib\idea_rt.jar=7839:C:\Program Files\JetBrains\IntelliJ IDEA Community Edition 2021.2\bin -Dfile.encoding=UTF-8 kosa.ion.team6.Ion6teamApplication

Host: AMD Ryzen 5 1600 Six-Core Processor            , 12 cores, 15G,  Windows 10 , 64 bit Build 16299 (10.0.16299.1087)
Time: Fri Oct 29 16:02:38 2021 ¢¥eCN©öI¡¾©ö C¡ÍA¨ª¨öA elapsed time: 7.058183 seconds (0d 0h 0m 7s)

---------------  T H R E A D  ---------------

Current thread (0x0000019464c9f800):  JavaThread "C2 CompilerThread1" daemon [_thread_in_native, id=19676, stack(0x0000002d6be00000,0x0000002d6bf00000)]


Current CompileTask:
C2:   7058 5239       4       org.springframework.core.annotation.TypeMappedAnnotations$MergedAnnotationFinder::doWithAnnotations (75 bytes)

Stack: [0x0000002d6be00000,0x0000002d6bf00000]
Native frames: (J=compiled Java code, j=interpreted, Vv=VM code, C=native code)
V  [jvm.dll+0x5f867a]
V  [jvm.dll+0x78124e]
V  [jvm.dll+0x78291f]
V  [jvm.dll+0x782fe3]
V  [jvm.dll+0x246e88]
V  [jvm.dll+0xbe2ac]
V  [jvm.dll+0xbe9ac]
V  [jvm.dll+0x34c7e7]
V  [jvm.dll+0x31a083]
V  [jvm.dll+0x3193ba]
V  [jvm.dll+0x2009c5]
V  [jvm.dll+0x1ffbaf]
V  [jvm.dll+0x184b4c]
V  [jvm.dll+0x20ee67]
V  [jvm.dll+0x20d04b]
V  [jvm.dll+0x745629]
V  [jvm.dll+0x73e694]
V  [jvm.dll+0x5f74f6]
C  [ucrtbase.dll+0x1fa95]
C  [KERNEL32.DLL+0x137e4]
C  [ntdll.dll+0x6cb81]


---------------  P R O C E S S  ---------------

Threads class SMR info:
_java_thread_list=0x00000194644adee0, length=21, elements={
0x000001943f839800, 0x0000019464247800, 0x0000019464271800, 0x00000194642d3800,
0x00000194642d7000, 0x00000194642e5800, 0x00000194642f4000, 0x00000194642f6000,
0x00000194642e4000, 0x00000194642e0000, 0x00000194642e2800, 0x00000194642e6800,
0x00000194642e1000, 0x00000194642e1800, 0x00000194642e3000, 0x00000194642e5000,
0x0000019468778800, 0x000001946877c000, 0x0000019468776000, 0x0000019464c9f800,
0x000001946a821800
}

Java Threads: ( => current thread )
  0x000001943f839800 JavaThread "main" [_thread_in_Java, id=27500, stack(0x0000002d69100000,0x0000002d69200000)]
  0x0000019464247800 JavaThread "Reference Handler" daemon [_thread_blocked, id=28036, stack(0x0000002d69800000,0x0000002d69900000)]
  0x0000019464271800 JavaThread "Finalizer" daemon [_thread_blocked, id=12404, stack(0x0000002d69900000,0x0000002d69a00000)]
  0x00000194642d3800 JavaThread "Signal Dispatcher" daemon [_thread_blocked, id=14460, stack(0x0000002d69b00000,0x0000002d69c00000)]
  0x00000194642d7000 JavaThread "Attach Listener" daemon [_thread_blocked, id=21676, stack(0x0000002d69c00000,0x0000002d69d00000)]
  0x00000194642e5800 JavaThread "Service Thread" daemon [_thread_blocked, id=16892, stack(0x0000002d69d00000,0x0000002d69e00000)]
  0x00000194642f4000 JavaThread "C2 CompilerThread0" daemon [_thread_in_native, id=12860, stack(0x0000002d69e00000,0x0000002d69f00000)]
  0x00000194642f6000 JavaThread "C1 CompilerThread0" daemon [_thread_in_vm, id=25356, stack(0x0000002d69f00000,0x0000002d6a000000)]
  0x00000194642e4000 JavaThread "Sweeper thread" daemon [_thread_blocked, id=19084, stack(0x0000002d6a000000,0x0000002d6a100000)]
  0x00000194642e0000 JavaThread "Common-Cleaner" daemon [_thread_blocked, id=27204, stack(0x0000002d6a100000,0x0000002d6a200000)]
  0x00000194642e2800 JavaThread "Monitor Ctrl-Break" daemon [_thread_in_native, id=14044, stack(0x0000002d6a200000,0x0000002d6a300000)]
  0x00000194642e6800 JavaThread "Catalina-utility-1" [_thread_blocked, id=23216, stack(0x0000002d6b200000,0x0000002d6b300000)]
  0x00000194642e1000 JavaThread "Catalina-utility-2" [_thread_blocked, id=20564, stack(0x0000002d6b300000,0x0000002d6b400000)]
  0x00000194642e1800 JavaThread "container-0" [_thread_blocked, id=20848, stack(0x0000002d6b400000,0x0000002d6b500000)]
  0x00000194642e3000 JavaThread "Timer-0" daemon [_thread_blocked, id=15620, stack(0x0000002d6b500000,0x0000002d6b600000)]
  0x00000194642e5000 JavaThread "oracle.jdbc.driver.BlockSource.ThreadedCachingBlockSource.BlockReleaser" daemon [_thread_blocked, id=21792, stack(0x0000002d6b600000,0x0000002d6b700000)]
  0x0000019468778800 JavaThread "InterruptTimer" daemon [_thread_blocked, id=10736, stack(0x0000002d6b700000,0x0000002d6b800000)]
  0x000001946877c000 JavaThread "HikariPool-1 housekeeper" daemon [_thread_blocked, id=26136, stack(0x0000002d6b900000,0x0000002d6ba00000)]
  0x0000019468776000 JavaThread "HikariPool-1 connection adder" daemon [_thread_blocked, id=20808, stack(0x0000002d6ba00000,0x0000002d6bb00000)]
=>0x0000019464c9f800 JavaThread "C2 CompilerThread1" daemon [_thread_in_native, id=19676, stack(0x0000002d6be00000,0x0000002d6bf00000)]
  0x000001946a821800 JavaThread "C2 CompilerThread2" daemon [_thread_in_native, id=13676, stack(0x0000002d6bf00000,0x0000002d6c000000)]

Other Threads:
  0x0000019464244000 VMThread "VM Thread" [stack: 0x0000002d69700000,0x0000002d69800000] [id=20124]
  0x000001946477f800 WatcherThread [stack: 0x0000002d6a300000,0x0000002d6a400000] [id=26388]
  0x000001943f852000 GCTaskThread "GC Thread#0" [stack: 0x0000002d69200000,0x0000002d69300000] [id=24452]
  0x000001946539f800 GCTaskThread "GC Thread#1" [stack: 0x0000002d6a600000,0x0000002d6a700000] [id=26564]
  0x00000194650f4000 GCTaskThread "GC Thread#2" [stack: 0x0000002d6a700000,0x0000002d6a800000] [id=25976]
  0x0000019465e80800 GCTaskThread "GC Thread#3" [stack: 0x0000002d6a800000,0x0000002d6a900000] [id=26968]
  0x0000019465e81800 GCTaskThread "GC Thread#4" [stack: 0x0000002d6a900000,0x0000002d6aa00000] [id=20316]
  0x0000019464c61800 GCTaskThread "GC Thread#5" [stack: 0x0000002d6aa00000,0x0000002d6ab00000] [id=15888]
  0x0000019465db1800 GCTaskThread "GC Thread#6" [stack: 0x0000002d6bb00000,0x0000002d6bc00000] [id=23876]
  0x0000019465db6000 GCTaskThread "GC Thread#7" [stack: 0x0000002d6bc00000,0x0000002d6bd00000] [id=26764]
  0x000001943f8b0000 ConcurrentGCThread "G1 Main Marker" [stack: 0x0000002d69300000,0x0000002d69400000] [id=16880]
  0x000001943f8b1800 ConcurrentGCThread "G1 Conc#0" [stack: 0x0000002d69400000,0x0000002d69500000] [id=18032]
  0x0000019465db4800 ConcurrentGCThread "G1 Conc#1" [stack: 0x0000002d6af00000,0x0000002d6b000000] [id=12420]
  0x0000019465db5000 ConcurrentGCThread "G1 Conc#2" [stack: 0x0000002d6b000000,0x0000002d6b100000] [id=25524]
  0x00000194638ab800 ConcurrentGCThread "G1 Refine#0" [stack: 0x0000002d69500000,0x0000002d69600000] [id=27328]
  0x00000194638ae800 ConcurrentGCThread "G1 Young RemSet Sampling" [stack: 0x0000002d69600000,0x0000002d69700000] [id=24140]

Threads with active compile tasks:
C2 CompilerThread0   7079 5238       4       org.springframework.core.annotation.TypeMappedAnnotations::get (8 bytes)
C1 CompilerThread0   7079 5439       2       org.springframework.asm.MethodWriter::visitFrameEnd (53 bytes)
C2 CompilerThread1   7080 5239       4       org.springframework.core.annotation.TypeMappedAnnotations$MergedAnnotationFinder::doWithAnnotations (75 bytes)
C2 CompilerThread2   7080 5234       4       org.springframework.core.annotation.AnnotationsScanner::processMethod (116 bytes)

VM state:not at safepoint (normal execution)

VM Mutex/Monitor currently owned by a thread: None

Heap address: 0x0000000701000000, size: 4080 MB, Compressed Oops mode: Zero based, Oop shift amount: 3
Narrow klass base: 0x0000000800000000, Narrow klass shift: 0
Compressed class space size: 1073741824 Address: 0x0000000800000000

Heap:
 garbage-first heap   total 315392K, used 102185K [0x0000000701000000, 0x0000000800000000)
  region size 1024K, 92 young (94208K), 13 survivors (13312K)
 Metaspace       used 68245K, capacity 69878K, committed 70144K, reserved 1110016K
  class space    used 8777K, capacity 9430K, committed 9472K, reserved 1048576K
Heap Regions: E=young(eden), S=young(survivor), O=old, HS=humongous(starts), HC=humongous(continues), CS=collection set, F=free, A=archive, TAMS=top-at-mark-start (previous, next)
|   0|0x0000000701000000, 0x0000000701100000, 0x0000000701100000|100%|HS|  |TAMS 0x0000000701100000, 0x0000000701000000| Complete 
|   1|0x0000000701100000, 0x0000000701200000, 0x0000000701200000|100%| O|  |TAMS 0x0000000701200000, 0x0000000701100000| Untracked 
|   2|0x0000000701200000, 0x0000000701300000, 0x0000000701300000|100%| O|  |TAMS 0x0000000701300000, 0x0000000701200000| Untracked 
|   3|0x0000000701300000, 0x0000000701400000, 0x0000000701400000|100%| O|  |TAMS 0x0000000701400000, 0x0000000701300000| Untracked 
|   4|0x0000000701400000, 0x0000000701500000, 0x0000000701500000|100%| O|  |TAMS 0x0000000701500000, 0x0000000701400000| Untracked 
|   5|0x0000000701500000, 0x0000000701600000, 0x0000000701600000|100%| O|  |TAMS 0x0000000701600000, 0x0000000701500000| Untracked 
|   6|0x0000000701600000, 0x0000000701700000, 0x0000000701700000|100%| O|  |TAMS 0x0000000701700000, 0x0000000701600000| Untracked 
|   7|0x0000000701700000, 0x0000000701800000, 0x0000000701800000|100%| O|  |TAMS 0x0000000701800000, 0x0000000701700000| Untracked 
|   8|0x0000000701800000, 0x00000007018f9400, 0x0000000701900000| 97%| O|  |TAMS 0x00000007018f9400, 0x0000000701800000| Untracked 
|   9|0x0000000701900000, 0x0000000701900000, 0x0000000701a00000|  0%| F|  |TAMS 0x0000000701900000, 0x0000000701900000| Untracked 
|  10|0x0000000701a00000, 0x0000000701a00000, 0x0000000701b00000|  0%| F|  |TAMS 0x0000000701a00000, 0x0000000701a00000| Untracked 
|  11|0x0000000701b00000, 0x0000000701b00000, 0x0000000701c00000|  0%| F|  |TAMS 0x0000000701b00000, 0x0000000701b00000| Untracked 
|  12|0x0000000701c00000, 0x0000000701c00000, 0x0000000701d00000|  0%| F|  |TAMS 0x0000000701c00000, 0x0000000701c00000| Untracked 
|  13|0x0000000701d00000, 0x0000000701d00000, 0x0000000701e00000|  0%| F|  |TAMS 0x0000000701d00000, 0x0000000701d00000| Untracked 
|  14|0x0000000701e00000, 0x0000000701e00000, 0x0000000701f00000|  0%| F|  |TAMS 0x0000000701e00000, 0x0000000701e00000| Untracked 
|  15|0x0000000701f00000, 0x0000000701f00000, 0x0000000702000000|  0%| F|  |TAMS 0x0000000701f00000, 0x0000000701f00000| Untracked 
|  16|0x0000000702000000, 0x0000000702000000, 0x0000000702100000|  0%| F|  |TAMS 0x0000000702000000, 0x0000000702000000| Untracked 
|  17|0x0000000702100000, 0x0000000702100000, 0x0000000702200000|  0%| F|  |TAMS 0x0000000702100000, 0x0000000702100000| Untracked 
|  18|0x0000000702200000, 0x0000000702200000, 0x0000000702300000|  0%| F|  |TAMS 0x0000000702200000, 0x0000000702200000| Untracked 
|  19|0x0000000702300000, 0x0000000702300000, 0x0000000702400000|  0%| F|  |TAMS 0x0000000702300000, 0x0000000702300000| Untracked 
|  20|0x0000000702400000, 0x0000000702400000, 0x0000000702500000|  0%| F|  |TAMS 0x0000000702400000, 0x0000000702400000| Untracked 
|  21|0x0000000702500000, 0x0000000702500000, 0x0000000702600000|  0%| F|  |TAMS 0x0000000702500000, 0x0000000702500000| Untracked 
|  22|0x0000000702600000, 0x0000000702600000, 0x0000000702700000|  0%| F|  |TAMS 0x0000000702600000, 0x0000000702600000| Untracked 
|  23|0x0000000702700000, 0x0000000702700000, 0x0000000702800000|  0%| F|  |TAMS 0x0000000702700000, 0x0000000702700000| Untracked 
|  24|0x0000000702800000, 0x0000000702800000, 0x0000000702900000|  0%| F|  |TAMS 0x0000000702800000, 0x0000000702800000| Untracked 
|  25|0x0000000702900000, 0x0000000702900000, 0x0000000702a00000|  0%| F|  |TAMS 0x0000000702900000, 0x0000000702900000| Untracked 
|  26|0x0000000702a00000, 0x0000000702a00000, 0x0000000702b00000|  0%| F|  |TAMS 0x0000000702a00000, 0x0000000702a00000| Untracked 
|  27|0x0000000702b00000, 0x0000000702b00000, 0x0000000702c00000|  0%| F|  |TAMS 0x0000000702b00000, 0x0000000702b00000| Untracked 
|  28|0x0000000702c00000, 0x0000000702c00000, 0x0000000702d00000|  0%| F|  |TAMS 0x0000000702c00000, 0x0000000702c00000| Untracked 
|  29|0x0000000702d00000, 0x0000000702d00000, 0x0000000702e00000|  0%| F|  |TAMS 0x0000000702d00000, 0x0000000702d00000| Untracked 
|  30|0x0000000702e00000, 0x0000000702e00000, 0x0000000702f00000|  0%| F|  |TAMS 0x0000000702e00000, 0x0000000702e00000| Untracked 
|  31|0x0000000702f00000, 0x0000000702f00000, 0x0000000703000000|  0%| F|  |TAMS 0x0000000702f00000, 0x0000000702f00000| Untracked 
|  32|0x0000000703000000, 0x0000000703000000, 0x0000000703100000|  0%| F|  |TAMS 0x0000000703000000, 0x0000000703000000| Untracked 
|  33|0x0000000703100000, 0x0000000703100000, 0x0000000703200000|  0%| F|  |TAMS 0x0000000703100000, 0x0000000703100000| Untracked 
|  34|0x0000000703200000, 0x0000000703200000, 0x0000000703300000|  0%| F|  |TAMS 0x0000000703200000, 0x0000000703200000| Untracked 
|  35|0x0000000703300000, 0x0000000703300000, 0x0000000703400000|  0%| F|  |TAMS 0x0000000703300000, 0x0000000703300000| Untracked 
|  36|0x0000000703400000, 0x0000000703400000, 0x0000000703500000|  0%| F|  |TAMS 0x0000000703400000, 0x0000000703400000| Untracked 
|  37|0x0000000703500000, 0x0000000703500000, 0x0000000703600000|  0%| F|  |TAMS 0x0000000703500000, 0x0000000703500000| Untracked 
|  38|0x0000000703600000, 0x0000000703600000, 0x0000000703700000|  0%| F|  |TAMS 0x0000000703600000, 0x0000000703600000| Untracked 
|  39|0x0000000703700000, 0x0000000703700000, 0x0000000703800000|  0%| F|  |TAMS 0x0000000703700000, 0x0000000703700000| Untracked 
|  40|0x0000000703800000, 0x0000000703800000, 0x0000000703900000|  0%| F|  |TAMS 0x0000000703800000, 0x0000000703800000| Untracked 
|  41|0x0000000703900000, 0x0000000703900000, 0x0000000703a00000|  0%| F|  |TAMS 0x0000000703900000, 0x0000000703900000| Untracked 
|  42|0x0000000703a00000, 0x0000000703a00000, 0x0000000703b00000|  0%| F|  |TAMS 0x0000000703a00000, 0x0000000703a00000| Untracked 
|  43|0x0000000703b00000, 0x0000000703b00000, 0x0000000703c00000|  0%| F|  |TAMS 0x0000000703b00000, 0x0000000703b00000| Untracked 
|  44|0x0000000703c00000, 0x0000000703c00000, 0x0000000703d00000|  0%| F|  |TAMS 0x0000000703c00000, 0x0000000703c00000| Untracked 
|  45|0x0000000703d00000, 0x0000000703d00000, 0x0000000703e00000|  0%| F|  |TAMS 0x0000000703d00000, 0x0000000703d00000| Untracked 
|  46|0x0000000703e00000, 0x0000000703e00000, 0x0000000703f00000|  0%| F|  |TAMS 0x0000000703e00000, 0x0000000703e00000| Untracked 
|  47|0x0000000703f00000, 0x0000000703f00000, 0x0000000704000000|  0%| F|  |TAMS 0x0000000703f00000, 0x0000000703f00000| Untracked 
|  48|0x0000000704000000, 0x0000000704000000, 0x0000000704100000|  0%| F|  |TAMS 0x0000000704000000, 0x0000000704000000| Untracked 
|  49|0x0000000704100000, 0x0000000704100000, 0x0000000704200000|  0%| F|  |TAMS 0x0000000704100000, 0x0000000704100000| Untracked 
|  50|0x0000000704200000, 0x0000000704200000, 0x0000000704300000|  0%| F|  |TAMS 0x0000000704200000, 0x0000000704200000| Untracked 
|  51|0x0000000704300000, 0x0000000704300000, 0x0000000704400000|  0%| F|  |TAMS 0x0000000704300000, 0x0000000704300000| Untracked 
|  52|0x0000000704400000, 0x0000000704400000, 0x0000000704500000|  0%| F|  |TAMS 0x0000000704400000, 0x0000000704400000| Untracked 
|  53|0x0000000704500000, 0x0000000704500000, 0x0000000704600000|  0%| F|  |TAMS 0x0000000704500000, 0x0000000704500000| Untracked 
|  54|0x0000000704600000, 0x0000000704600000, 0x0000000704700000|  0%| F|  |TAMS 0x0000000704600000, 0x0000000704600000| Untracked 
|  55|0x0000000704700000, 0x0000000704700000, 0x0000000704800000|  0%| F|  |TAMS 0x0000000704700000, 0x0000000704700000| Untracked 
|  56|0x0000000704800000, 0x0000000704800000, 0x0000000704900000|  0%| F|  |TAMS 0x0000000704800000, 0x0000000704800000| Untracked 
|  57|0x0000000704900000, 0x0000000704900000, 0x0000000704a00000|  0%| F|  |TAMS 0x0000000704900000, 0x0000000704900000| Untracked 
|  58|0x0000000704a00000, 0x0000000704a00000, 0x0000000704b00000|  0%| F|  |TAMS 0x0000000704a00000, 0x0000000704a00000| Untracked 
|  59|0x0000000704b00000, 0x0000000704b00000, 0x0000000704c00000|  0%| F|  |TAMS 0x0000000704b00000, 0x0000000704b00000| Untracked 
|  60|0x0000000704c00000, 0x0000000704c00000, 0x0000000704d00000|  0%| F|  |TAMS 0x0000000704c00000, 0x0000000704c00000| Untracked 
|  61|0x0000000704d00000, 0x0000000704d00000, 0x0000000704e00000|  0%| F|  |TAMS 0x0000000704d00000, 0x0000000704d00000| Untracked 
|  62|0x0000000704e00000, 0x0000000704e00000, 0x0000000704f00000|  0%| F|  |TAMS 0x0000000704e00000, 0x0000000704e00000| Untracked 
|  63|0x0000000704f00000, 0x0000000704f00000, 0x0000000705000000|  0%| F|  |TAMS 0x0000000704f00000, 0x0000000704f00000| Untracked 
|  64|0x0000000705000000, 0x0000000705000000, 0x0000000705100000|  0%| F|  |TAMS 0x0000000705000000, 0x0000000705000000| Untracked 
|  65|0x0000000705100000, 0x0000000705100000, 0x0000000705200000|  0%| F|  |TAMS 0x0000000705100000, 0x0000000705100000| Untracked 
|  66|0x0000000705200000, 0x0000000705200000, 0x0000000705300000|  0%| F|  |TAMS 0x0000000705200000, 0x0000000705200000| Untracked 
|  67|0x0000000705300000, 0x0000000705300000, 0x0000000705400000|  0%| F|  |TAMS 0x0000000705300000, 0x0000000705300000| Untracked 
|  68|0x0000000705400000, 0x0000000705400000, 0x0000000705500000|  0%| F|  |TAMS 0x0000000705400000, 0x0000000705400000| Untracked 
|  69|0x0000000705500000, 0x0000000705500000, 0x0000000705600000|  0%| F|  |TAMS 0x0000000705500000, 0x0000000705500000| Untracked 
|  70|0x0000000705600000, 0x0000000705600000, 0x0000000705700000|  0%| F|  |TAMS 0x0000000705600000, 0x0000000705600000| Untracked 
|  71|0x0000000705700000, 0x0000000705700000, 0x0000000705800000|  0%| F|  |TAMS 0x0000000705700000, 0x0000000705700000| Untracked 
|  72|0x0000000705800000, 0x0000000705800000, 0x0000000705900000|  0%| F|  |TAMS 0x0000000705800000, 0x0000000705800000| Untracked 
|  73|0x0000000705900000, 0x0000000705900000, 0x0000000705a00000|  0%| F|  |TAMS 0x0000000705900000, 0x0000000705900000| Untracked 
|  74|0x0000000705a00000, 0x0000000705a00000, 0x0000000705b00000|  0%| F|  |TAMS 0x0000000705a00000, 0x0000000705a00000| Untracked 
|  75|0x0000000705b00000, 0x0000000705b00000, 0x0000000705c00000|  0%| F|  |TAMS 0x0000000705b00000, 0x0000000705b00000| Untracked 
|  76|0x0000000705c00000, 0x0000000705c00000, 0x0000000705d00000|  0%| F|  |TAMS 0x0000000705c00000, 0x0000000705c00000| Untracked 
|  77|0x0000000705d00000, 0x0000000705d00000, 0x0000000705e00000|  0%| F|  |TAMS 0x0000000705d00000, 0x0000000705d00000| Untracked 
|  78|0x0000000705e00000, 0x0000000705e00000, 0x0000000705f00000|  0%| F|  |TAMS 0x0000000705e00000, 0x0000000705e00000| Untracked 
|  79|0x0000000705f00000, 0x0000000705f00000, 0x0000000706000000|  0%| F|  |TAMS 0x0000000705f00000, 0x0000000705f00000| Untracked 
|  80|0x0000000706000000, 0x0000000706000000, 0x0000000706100000|  0%| F|  |TAMS 0x0000000706000000, 0x0000000706000000| Untracked 
|  81|0x0000000706100000, 0x0000000706100000, 0x0000000706200000|  0%| F|  |TAMS 0x0000000706100000, 0x0000000706100000| Untracked 
|  82|0x0000000706200000, 0x0000000706200000, 0x0000000706300000|  0%| F|  |TAMS 0x0000000706200000, 0x0000000706200000| Untracked 
|  83|0x0000000706300000, 0x0000000706300000, 0x0000000706400000|  0%| F|  |TAMS 0x0000000706300000, 0x0000000706300000| Untracked 
|  84|0x0000000706400000, 0x0000000706400000, 0x0000000706500000|  0%| F|  |TAMS 0x0000000706400000, 0x0000000706400000| Untracked 
|  85|0x0000000706500000, 0x0000000706500000, 0x0000000706600000|  0%| F|  |TAMS 0x0000000706500000, 0x0000000706500000| Untracked 
|  86|0x0000000706600000, 0x0000000706600000, 0x0000000706700000|  0%| F|  |TAMS 0x0000000706600000, 0x0000000706600000| Untracked 
|  87|0x0000000706700000, 0x0000000706700000, 0x0000000706800000|  0%| F|  |TAMS 0x0000000706700000, 0x0000000706700000| Untracked 
|  88|0x0000000706800000, 0x0000000706800000, 0x0000000706900000|  0%| F|  |TAMS 0x0000000706800000, 0x0000000706800000| Untracked 
|  89|0x0000000706900000, 0x0000000706900000, 0x0000000706a00000|  0%| F|  |TAMS 0x0000000706900000, 0x0000000706900000| Untracked 
|  90|0x0000000706a00000, 0x0000000706a00000, 0x0000000706b00000|  0%| F|  |TAMS 0x0000000706a00000, 0x0000000706a00000| Untracked 
|  91|0x0000000706b00000, 0x0000000706b00000, 0x0000000706c00000|  0%| F|  |TAMS 0x0000000706b00000, 0x0000000706b00000| Untracked 
|  92|0x0000000706c00000, 0x0000000706c00000, 0x0000000706d00000|  0%| F|  |TAMS 0x0000000706c00000, 0x0000000706c00000| Untracked 
|  93|0x0000000706d00000, 0x0000000706d00000, 0x0000000706e00000|  0%| F|  |TAMS 0x0000000706d00000, 0x0000000706d00000| Untracked 
|  94|0x0000000706e00000, 0x0000000706e00000, 0x0000000706f00000|  0%| F|  |TAMS 0x0000000706e00000, 0x0000000706e00000| Untracked 
|  95|0x0000000706f00000, 0x0000000706f00000, 0x0000000707000000|  0%| F|  |TAMS 0x0000000706f00000, 0x0000000706f00000| Untracked 
|  96|0x0000000707000000, 0x0000000707000000, 0x0000000707100000|  0%| F|  |TAMS 0x0000000707000000, 0x0000000707000000| Untracked 
|  97|0x0000000707100000, 0x0000000707100000, 0x0000000707200000|  0%| F|  |TAMS 0x0000000707100000, 0x0000000707100000| Untracked 
|  98|0x0000000707200000, 0x0000000707200000, 0x0000000707300000|  0%| F|  |TAMS 0x0000000707200000, 0x0000000707200000| Untracked 
|  99|0x0000000707300000, 0x0000000707300000, 0x0000000707400000|  0%| F|  |TAMS 0x0000000707300000, 0x0000000707300000| Untracked 
| 100|0x0000000707400000, 0x0000000707400000, 0x0000000707500000|  0%| F|  |TAMS 0x0000000707400000, 0x0000000707400000| Untracked 
| 101|0x0000000707500000, 0x0000000707500000, 0x0000000707600000|  0%| F|  |TAMS 0x0000000707500000, 0x0000000707500000| Untracked 
| 102|0x0000000707600000, 0x0000000707600000, 0x0000000707700000|  0%| F|  |TAMS 0x0000000707600000, 0x0000000707600000| Untracked 
| 103|0x0000000707700000, 0x0000000707700000, 0x0000000707800000|  0%| F|  |TAMS 0x0000000707700000, 0x0000000707700000| Untracked 
| 104|0x0000000707800000, 0x0000000707800000, 0x0000000707900000|  0%| F|  |TAMS 0x0000000707800000, 0x0000000707800000| Untracked 
| 105|0x0000000707900000, 0x0000000707900000, 0x0000000707a00000|  0%| F|  |TAMS 0x0000000707900000, 0x0000000707900000| Untracked 
| 106|0x0000000707a00000, 0x0000000707a00000, 0x0000000707b00000|  0%| F|  |TAMS 0x0000000707a00000, 0x0000000707a00000| Untracked 
| 107|0x0000000707b00000, 0x0000000707b00000, 0x0000000707c00000|  0%| F|  |TAMS 0x0000000707b00000, 0x0000000707b00000| Untracked 
| 108|0x0000000707c00000, 0x0000000707c00000, 0x0000000707d00000|  0%| F|  |TAMS 0x0000000707c00000, 0x0000000707c00000| Untracked 
| 109|0x0000000707d00000, 0x0000000707d00000, 0x0000000707e00000|  0%| F|  |TAMS 0x0000000707d00000, 0x0000000707d00000| Untracked 
| 110|0x0000000707e00000, 0x0000000707e00000, 0x0000000707f00000|  0%| F|  |TAMS 0x0000000707e00000, 0x0000000707e00000| Untracked 
| 111|0x0000000707f00000, 0x0000000707f00000, 0x0000000708000000|  0%| F|  |TAMS 0x0000000707f00000, 0x0000000707f00000| Untracked 
| 112|0x0000000708000000, 0x0000000708000000, 0x0000000708100000|  0%| F|  |TAMS 0x0000000708000000, 0x0000000708000000| Untracked 
| 113|0x0000000708100000, 0x0000000708100000, 0x0000000708200000|  0%| F|  |TAMS 0x0000000708100000, 0x0000000708100000| Untracked 
| 114|0x0000000708200000, 0x0000000708200000, 0x0000000708300000|  0%| F|  |TAMS 0x0000000708200000, 0x0000000708200000| Untracked 
| 115|0x0000000708300000, 0x0000000708300000, 0x0000000708400000|  0%| F|  |TAMS 0x0000000708300000, 0x0000000708300000| Untracked 
| 116|0x0000000708400000, 0x0000000708400000, 0x0000000708500000|  0%| F|  |TAMS 0x0000000708400000, 0x0000000708400000| Untracked 
| 117|0x0000000708500000, 0x0000000708500000, 0x0000000708600000|  0%| F|  |TAMS 0x0000000708500000, 0x0000000708500000| Untracked 
| 118|0x0000000708600000, 0x0000000708600000, 0x0000000708700000|  0%| F|  |TAMS 0x0000000708600000, 0x0000000708600000| Untracked 
| 119|0x0000000708700000, 0x0000000708700000, 0x0000000708800000|  0%| F|  |TAMS 0x0000000708700000, 0x0000000708700000| Untracked 
| 120|0x0000000708800000, 0x0000000708800000, 0x0000000708900000|  0%| F|  |TAMS 0x0000000708800000, 0x0000000708800000| Untracked 
| 121|0x0000000708900000, 0x0000000708900000, 0x0000000708a00000|  0%| F|  |TAMS 0x0000000708900000, 0x0000000708900000| Untracked 
| 122|0x0000000708a00000, 0x0000000708a00000, 0x0000000708b00000|  0%| F|  |TAMS 0x0000000708a00000, 0x0000000708a00000| Untracked 
| 123|0x0000000708b00000, 0x0000000708b00000, 0x0000000708c00000|  0%| F|  |TAMS 0x0000000708b00000, 0x0000000708b00000| Untracked 
| 124|0x0000000708c00000, 0x0000000708c00000, 0x0000000708d00000|  0%| F|  |TAMS 0x0000000708c00000, 0x0000000708c00000| Untracked 
| 125|0x0000000708d00000, 0x0000000708d00000, 0x0000000708e00000|  0%| F|  |TAMS 0x0000000708d00000, 0x0000000708d00000| Untracked 
| 126|0x0000000708e00000, 0x0000000708e00000, 0x0000000708f00000|  0%| F|  |TAMS 0x0000000708e00000, 0x0000000708e00000| Untracked 
| 127|0x0000000708f00000, 0x0000000708f00000, 0x0000000709000000|  0%| F|  |TAMS 0x0000000708f00000, 0x0000000708f00000| Untracked 
| 128|0x0000000709000000, 0x0000000709000000, 0x0000000709100000|  0%| F|  |TAMS 0x0000000709000000, 0x0000000709000000| Untracked 
| 129|0x0000000709100000, 0x0000000709100000, 0x0000000709200000|  0%| F|  |TAMS 0x0000000709100000, 0x0000000709100000| Untracked 
| 130|0x0000000709200000, 0x0000000709200000, 0x0000000709300000|  0%| F|  |TAMS 0x0000000709200000, 0x0000000709200000| Untracked 
| 131|0x0000000709300000, 0x0000000709300000, 0x0000000709400000|  0%| F|  |TAMS 0x0000000709300000, 0x0000000709300000| Untracked 
| 132|0x0000000709400000, 0x0000000709400000, 0x0000000709500000|  0%| F|  |TAMS 0x0000000709400000, 0x0000000709400000| Untracked 
| 133|0x0000000709500000, 0x0000000709500000, 0x0000000709600000|  0%| F|  |TAMS 0x0000000709500000, 0x0000000709500000| Untracked 
| 134|0x0000000709600000, 0x0000000709600000, 0x0000000709700000|  0%| F|  |TAMS 0x0000000709600000, 0x0000000709600000| Untracked 
| 135|0x0000000709700000, 0x0000000709700000, 0x0000000709800000|  0%| F|  |TAMS 0x0000000709700000, 0x0000000709700000| Untracked 
| 136|0x0000000709800000, 0x0000000709800000, 0x0000000709900000|  0%| F|  |TAMS 0x0000000709800000, 0x0000000709800000| Untracked 
| 137|0x0000000709900000, 0x0000000709900000, 0x0000000709a00000|  0%| F|  |TAMS 0x0000000709900000, 0x0000000709900000| Untracked 
| 138|0x0000000709a00000, 0x0000000709a00000, 0x0000000709b00000|  0%| F|  |TAMS 0x0000000709a00000, 0x0000000709a00000| Untracked 
| 139|0x0000000709b00000, 0x0000000709b00000, 0x0000000709c00000|  0%| F|  |TAMS 0x0000000709b00000, 0x0000000709b00000| Untracked 
| 140|0x0000000709c00000, 0x0000000709c00000, 0x0000000709d00000|  0%| F|  |TAMS 0x0000000709c00000, 0x0000000709c00000| Untracked 
| 141|0x0000000709d00000, 0x0000000709d00000, 0x0000000709e00000|  0%| F|  |TAMS 0x0000000709d00000, 0x0000000709d00000| Untracked 
| 142|0x0000000709e00000, 0x0000000709e00000, 0x0000000709f00000|  0%| F|  |TAMS 0x0000000709e00000, 0x0000000709e00000| Untracked 
| 143|0x0000000709f00000, 0x0000000709f00000, 0x000000070a000000|  0%| F|  |TAMS 0x0000000709f00000, 0x0000000709f00000| Untracked 
| 144|0x000000070a000000, 0x000000070a000000, 0x000000070a100000|  0%| F|  |TAMS 0x000000070a000000, 0x000000070a000000| Untracked 
| 145|0x000000070a100000, 0x000000070a100000, 0x000000070a200000|  0%| F|  |TAMS 0x000000070a100000, 0x000000070a100000| Untracked 
| 146|0x000000070a200000, 0x000000070a200000, 0x000000070a300000|  0%| F|  |TAMS 0x000000070a200000, 0x000000070a200000| Untracked 
| 147|0x000000070a300000, 0x000000070a300000, 0x000000070a400000|  0%| F|  |TAMS 0x000000070a300000, 0x000000070a300000| Untracked 
| 148|0x000000070a400000, 0x000000070a400000, 0x000000070a500000|  0%| F|  |TAMS 0x000000070a400000, 0x000000070a400000| Untracked 
| 149|0x000000070a500000, 0x000000070a500000, 0x000000070a600000|  0%| F|  |TAMS 0x000000070a500000, 0x000000070a500000| Untracked 
| 150|0x000000070a600000, 0x000000070a600000, 0x000000070a700000|  0%| F|  |TAMS 0x000000070a600000, 0x000000070a600000| Untracked 
| 151|0x000000070a700000, 0x000000070a700000, 0x000000070a800000|  0%| F|  |TAMS 0x000000070a700000, 0x000000070a700000| Untracked 
| 152|0x000000070a800000, 0x000000070a800000, 0x000000070a900000|  0%| F|  |TAMS 0x000000070a800000, 0x000000070a800000| Untracked 
| 153|0x000000070a900000, 0x000000070a900000, 0x000000070aa00000|  0%| F|  |TAMS 0x000000070a900000, 0x000000070a900000| Untracked 
| 154|0x000000070aa00000, 0x000000070aa00000, 0x000000070ab00000|  0%| F|  |TAMS 0x000000070aa00000, 0x000000070aa00000| Untracked 
| 155|0x000000070ab00000, 0x000000070ab00000, 0x000000070ac00000|  0%| F|  |TAMS 0x000000070ab00000, 0x000000070ab00000| Untracked 
| 156|0x000000070ac00000, 0x000000070ac00000, 0x000000070ad00000|  0%| F|  |TAMS 0x000000070ac00000, 0x000000070ac00000| Untracked 
| 157|0x000000070ad00000, 0x000000070ad00000, 0x000000070ae00000|  0%| F|  |TAMS 0x000000070ad00000, 0x000000070ad00000| Untracked 
| 158|0x000000070ae00000, 0x000000070ae00000, 0x000000070af00000|  0%| F|  |TAMS 0x000000070ae00000, 0x000000070ae00000| Untracked 
| 159|0x000000070af00000, 0x000000070af00000, 0x000000070b000000|  0%| F|  |TAMS 0x000000070af00000, 0x000000070af00000| Untracked 
| 160|0x000000070b000000, 0x000000070b000000, 0x000000070b100000|  0%| F|  |TAMS 0x000000070b000000, 0x000000070b000000| Untracked 
| 161|0x000000070b100000, 0x000000070b100000, 0x000000070b200000|  0%| F|  |TAMS 0x000000070b100000, 0x000000070b100000| Untracked 
| 162|0x000000070b200000, 0x000000070b200000, 0x000000070b300000|  0%| F|  |TAMS 0x000000070b200000, 0x000000070b200000| Untracked 
| 163|0x000000070b300000, 0x000000070b300000, 0x000000070b400000|  0%| F|  |TAMS 0x000000070b300000, 0x000000070b300000| Untracked 
| 164|0x000000070b400000, 0x000000070b400000, 0x000000070b500000|  0%| F|  |TAMS 0x000000070b400000, 0x000000070b400000| Untracked 
| 165|0x000000070b500000, 0x000000070b500000, 0x000000070b600000|  0%| F|  |TAMS 0x000000070b500000, 0x000000070b500000| Untracked 
| 166|0x000000070b600000, 0x000000070b600000, 0x000000070b700000|  0%| F|  |TAMS 0x000000070b600000, 0x000000070b600000| Untracked 
| 167|0x000000070b700000, 0x000000070b700000, 0x000000070b800000|  0%| F|  |TAMS 0x000000070b700000, 0x000000070b700000| Untracked 
| 168|0x000000070b800000, 0x000000070b800000, 0x000000070b900000|  0%| F|  |TAMS 0x000000070b800000, 0x000000070b800000| Untracked 
| 169|0x000000070b900000, 0x000000070b900000, 0x000000070ba00000|  0%| F|  |TAMS 0x000000070b900000, 0x000000070b900000| Untracked 
| 170|0x000000070ba00000, 0x000000070ba00000, 0x000000070bb00000|  0%| F|  |TAMS 0x000000070ba00000, 0x000000070ba00000| Untracked 
| 171|0x000000070bb00000, 0x000000070bb00000, 0x000000070bc00000|  0%| F|  |TAMS 0x000000070bb00000, 0x000000070bb00000| Untracked 
| 172|0x000000070bc00000, 0x000000070bc00000, 0x000000070bd00000|  0%| F|  |TAMS 0x000000070bc00000, 0x000000070bc00000| Untracked 
| 173|0x000000070bd00000, 0x000000070bd00000, 0x000000070be00000|  0%| F|  |TAMS 0x000000070bd00000, 0x000000070bd00000| Untracked 
| 174|0x000000070be00000, 0x000000070be00000, 0x000000070bf00000|  0%| F|  |TAMS 0x000000070be00000, 0x000000070be00000| Untracked 
| 175|0x000000070bf00000, 0x000000070bf00000, 0x000000070c000000|  0%| F|  |TAMS 0x000000070bf00000, 0x000000070bf00000| Untracked 
| 176|0x000000070c000000, 0x000000070c000000, 0x000000070c100000|  0%| F|  |TAMS 0x000000070c000000, 0x000000070c000000| Untracked 
| 177|0x000000070c100000, 0x000000070c100000, 0x000000070c200000|  0%| F|  |TAMS 0x000000070c100000, 0x000000070c100000| Untracked 
| 178|0x000000070c200000, 0x000000070c200000, 0x000000070c300000|  0%| F|  |TAMS 0x000000070c200000, 0x000000070c200000| Untracked 
| 179|0x000000070c300000, 0x000000070c300000, 0x000000070c400000|  0%| F|  |TAMS 0x000000070c300000, 0x000000070c300000| Untracked 
| 180|0x000000070c400000, 0x000000070c400000, 0x000000070c500000|  0%| F|  |TAMS 0x000000070c400000, 0x000000070c400000| Untracked 
| 181|0x000000070c500000, 0x000000070c500000, 0x000000070c600000|  0%| F|  |TAMS 0x000000070c500000, 0x000000070c500000| Untracked 
| 182|0x000000070c600000, 0x000000070c600000, 0x000000070c700000|  0%| F|  |TAMS 0x000000070c600000, 0x000000070c600000| Untracked 
| 183|0x000000070c700000, 0x000000070c700000, 0x000000070c800000|  0%| F|  |TAMS 0x000000070c700000, 0x000000070c700000| Untracked 
| 184|0x000000070c800000, 0x000000070c800000, 0x000000070c900000|  0%| F|  |TAMS 0x000000070c800000, 0x000000070c800000| Untracked 
| 185|0x000000070c900000, 0x000000070c900000, 0x000000070ca00000|  0%| F|  |TAMS 0x000000070c900000, 0x000000070c900000| Untracked 
| 186|0x000000070ca00000, 0x000000070ca00000, 0x000000070cb00000|  0%| F|  |TAMS 0x000000070ca00000, 0x000000070ca00000| Untracked 
| 187|0x000000070cb00000, 0x000000070cb00000, 0x000000070cc00000|  0%| F|  |TAMS 0x000000070cb00000, 0x000000070cb00000| Untracked 
| 188|0x000000070cc00000, 0x000000070cc00000, 0x000000070cd00000|  0%| F|  |TAMS 0x000000070cc00000, 0x000000070cc00000| Untracked 
| 189|0x000000070cd00000, 0x000000070cd00000, 0x000000070ce00000|  0%| F|  |TAMS 0x000000070cd00000, 0x000000070cd00000| Untracked 
| 190|0x000000070ce00000, 0x000000070ce00000, 0x000000070cf00000|  0%| F|  |TAMS 0x000000070ce00000, 0x000000070ce00000| Untracked 
| 191|0x000000070cf00000, 0x000000070cf00000, 0x000000070d000000|  0%| F|  |TAMS 0x000000070cf00000, 0x000000070cf00000| Untracked 
| 192|0x000000070d000000, 0x000000070d000000, 0x000000070d100000|  0%| F|  |TAMS 0x000000070d000000, 0x000000070d000000| Untracked 
| 193|0x000000070d100000, 0x000000070d100000, 0x000000070d200000|  0%| F|  |TAMS 0x000000070d100000, 0x000000070d100000| Untracked 
| 194|0x000000070d200000, 0x000000070d200000, 0x000000070d300000|  0%| F|  |TAMS 0x000000070d200000, 0x000000070d200000| Untracked 
| 195|0x000000070d300000, 0x000000070d300000, 0x000000070d400000|  0%| F|  |TAMS 0x000000070d300000, 0x000000070d300000| Untracked 
| 196|0x000000070d400000, 0x000000070d400000, 0x000000070d500000|  0%| F|  |TAMS 0x000000070d400000, 0x000000070d400000| Untracked 
| 197|0x000000070d500000, 0x000000070d500000, 0x000000070d600000|  0%| F|  |TAMS 0x000000070d500000, 0x000000070d500000| Untracked 
| 198|0x000000070d600000, 0x000000070d600000, 0x000000070d700000|  0%| F|  |TAMS 0x000000070d600000, 0x000000070d600000| Untracked 
| 199|0x000000070d700000, 0x000000070d700000, 0x000000070d800000|  0%| F|  |TAMS 0x000000070d700000, 0x000000070d700000| Untracked 
| 200|0x000000070d800000, 0x000000070d800000, 0x000000070d900000|  0%| F|  |TAMS 0x000000070d800000, 0x000000070d800000| Untracked 
| 201|0x000000070d900000, 0x000000070d900000, 0x000000070da00000|  0%| F|  |TAMS 0x000000070d900000, 0x000000070d900000| Untracked 
| 202|0x000000070da00000, 0x000000070da00000, 0x000000070db00000|  0%| F|  |TAMS 0x000000070da00000, 0x000000070da00000| Untracked 
| 203|0x000000070db00000, 0x000000070db00000, 0x000000070dc00000|  0%| F|  |TAMS 0x000000070db00000, 0x000000070db00000| Untracked 
| 204|0x000000070dc00000, 0x000000070dc00000, 0x000000070dd00000|  0%| F|  |TAMS 0x000000070dc00000, 0x000000070dc00000| Untracked 
| 205|0x000000070dd00000, 0x000000070dd00000, 0x000000070de00000|  0%| F|  |TAMS 0x000000070dd00000, 0x000000070dd00000| Untracked 
| 206|0x000000070de00000, 0x000000070de00000, 0x000000070df00000|  0%| F|  |TAMS 0x000000070de00000, 0x000000070de00000| Untracked 
| 207|0x000000070df00000, 0x000000070df00000, 0x000000070e000000|  0%| F|  |TAMS 0x000000070df00000, 0x000000070df00000| Untracked 
| 208|0x000000070e000000, 0x000000070e000000, 0x000000070e100000|  0%| F|  |TAMS 0x000000070e000000, 0x000000070e000000| Untracked 
| 209|0x000000070e100000, 0x000000070e100000, 0x000000070e200000|  0%| F|  |TAMS 0x000000070e100000, 0x000000070e100000| Untracked 
| 210|0x000000070e200000, 0x000000070e200000, 0x000000070e300000|  0%| F|  |TAMS 0x000000070e200000, 0x000000070e200000| Untracked 
| 211|0x000000070e300000, 0x000000070e300000, 0x000000070e400000|  0%| F|  |TAMS 0x000000070e300000, 0x000000070e300000| Untracked 
| 212|0x000000070e400000, 0x000000070e400000, 0x000000070e500000|  0%| F|  |TAMS 0x000000070e400000, 0x000000070e400000| Untracked 
| 213|0x000000070e500000, 0x000000070e500000, 0x000000070e600000|  0%| F|  |TAMS 0x000000070e500000, 0x000000070e500000| Untracked 
| 214|0x000000070e600000, 0x000000070e680800, 0x000000070e700000| 50%| E|  |TAMS 0x000000070e600000, 0x000000070e600000| Complete 
| 215|0x000000070e700000, 0x000000070e800000, 0x000000070e800000|100%| E|CS|TAMS 0x000000070e700000, 0x000000070e700000| Complete 
| 216|0x000000070e800000, 0x000000070e900000, 0x000000070e900000|100%| E|CS|TAMS 0x000000070e800000, 0x000000070e800000| Complete 
| 217|0x000000070e900000, 0x000000070ea00000, 0x000000070ea00000|100%| E|CS|TAMS 0x000000070e900000, 0x000000070e900000| Complete 
| 218|0x000000070ea00000, 0x000000070eb00000, 0x000000070eb00000|100%| E|CS|TAMS 0x000000070ea00000, 0x000000070ea00000| Complete 
| 219|0x000000070eb00000, 0x000000070ec00000, 0x000000070ec00000|100%| E|CS|TAMS 0x000000070eb00000, 0x000000070eb00000| Complete 
| 220|0x000000070ec00000, 0x000000070ed00000, 0x000000070ed00000|100%| E|CS|TAMS 0x000000070ec00000, 0x000000070ec00000| Complete 
| 221|0x000000070ed00000, 0x000000070ee00000, 0x000000070ee00000|100%| E|CS|TAMS 0x000000070ed00000, 0x000000070ed00000| Complete 
| 222|0x000000070ee00000, 0x000000070ef00000, 0x000000070ef00000|100%| E|CS|TAMS 0x000000070ee00000, 0x000000070ee00000| Complete 
| 223|0x000000070ef00000, 0x000000070f000000, 0x000000070f000000|100%| E|CS|TAMS 0x000000070ef00000, 0x000000070ef00000| Complete 
| 224|0x000000070f000000, 0x000000070f100000, 0x000000070f100000|100%| E|CS|TAMS 0x000000070f000000, 0x000000070f000000| Complete 
| 225|0x000000070f100000, 0x000000070f200000, 0x000000070f200000|100%| E|CS|TAMS 0x000000070f100000, 0x000000070f100000| Complete 
| 226|0x000000070f200000, 0x000000070f300000, 0x000000070f300000|100%| E|CS|TAMS 0x000000070f200000, 0x000000070f200000| Complete 
| 227|0x000000070f300000, 0x000000070f400000, 0x000000070f400000|100%| E|CS|TAMS 0x000000070f300000, 0x000000070f300000| Complete 
| 228|0x000000070f400000, 0x000000070f500000, 0x000000070f500000|100%| E|CS|TAMS 0x000000070f400000, 0x000000070f400000| Complete 
| 229|0x000000070f500000, 0x000000070f600000, 0x000000070f600000|100%| E|CS|TAMS 0x000000070f500000, 0x000000070f500000| Complete 
| 230|0x000000070f600000, 0x000000070f700000, 0x000000070f700000|100%| E|CS|TAMS 0x000000070f600000, 0x000000070f600000| Complete 
| 231|0x000000070f700000, 0x000000070f800000, 0x000000070f800000|100%| E|CS|TAMS 0x000000070f700000, 0x000000070f700000| Complete 
| 232|0x000000070f800000, 0x000000070f900000, 0x000000070f900000|100%| E|CS|TAMS 0x000000070f800000, 0x000000070f800000| Complete 
| 233|0x000000070f900000, 0x000000070fa00000, 0x000000070fa00000|100%| E|CS|TAMS 0x000000070f900000, 0x000000070f900000| Complete 
| 234|0x000000070fa00000, 0x000000070fb00000, 0x000000070fb00000|100%| E|CS|TAMS 0x000000070fa00000, 0x000000070fa00000| Complete 
| 235|0x000000070fb00000, 0x000000070fc00000, 0x000000070fc00000|100%| E|CS|TAMS 0x000000070fb00000, 0x000000070fb00000| Complete 
| 236|0x000000070fc00000, 0x000000070fd00000, 0x000000070fd00000|100%| E|CS|TAMS 0x000000070fc00000, 0x000000070fc00000| Complete 
| 237|0x000000070fd00000, 0x000000070fe00000, 0x000000070fe00000|100%| E|CS|TAMS 0x000000070fd00000, 0x000000070fd00000| Complete 
| 238|0x000000070fe00000, 0x000000070ff00000, 0x000000070ff00000|100%| E|CS|TAMS 0x000000070fe00000, 0x000000070fe00000| Complete 
| 239|0x000000070ff00000, 0x0000000710000000, 0x0000000710000000|100%| E|CS|TAMS 0x000000070ff00000, 0x000000070ff00000| Complete 
| 240|0x0000000710000000, 0x0000000710100000, 0x0000000710100000|100%| E|CS|TAMS 0x0000000710000000, 0x0000000710000000| Complete 
| 241|0x0000000710100000, 0x0000000710200000, 0x0000000710200000|100%| E|CS|TAMS 0x0000000710100000, 0x0000000710100000| Complete 
| 242|0x0000000710200000, 0x0000000710300000, 0x0000000710300000|100%| E|CS|TAMS 0x0000000710200000, 0x0000000710200000| Complete 
| 243|0x0000000710300000, 0x0000000710400000, 0x0000000710400000|100%| E|CS|TAMS 0x0000000710300000, 0x0000000710300000| Complete 
| 244|0x0000000710400000, 0x0000000710500000, 0x0000000710500000|100%| E|CS|TAMS 0x0000000710400000, 0x0000000710400000| Complete 
| 245|0x0000000710500000, 0x0000000710600000, 0x0000000710600000|100%| E|CS|TAMS 0x0000000710500000, 0x0000000710500000| Complete 
| 246|0x0000000710600000, 0x0000000710700000, 0x0000000710700000|100%| E|CS|TAMS 0x0000000710600000, 0x0000000710600000| Complete 
| 247|0x0000000710700000, 0x0000000710800000, 0x0000000710800000|100%| E|CS|TAMS 0x0000000710700000, 0x0000000710700000| Complete 
| 248|0x0000000710800000, 0x0000000710900000, 0x0000000710900000|100%| E|CS|TAMS 0x0000000710800000, 0x0000000710800000| Complete 
| 249|0x0000000710900000, 0x0000000710a00000, 0x0000000710a00000|100%| E|CS|TAMS 0x0000000710900000, 0x0000000710900000| Complete 
| 250|0x0000000710a00000, 0x0000000710b00000, 0x0000000710b00000|100%| E|CS|TAMS 0x0000000710a00000, 0x0000000710a00000| Complete 
| 251|0x0000000710b00000, 0x0000000710c00000, 0x0000000710c00000|100%| E|CS|TAMS 0x0000000710b00000, 0x0000000710b00000| Complete 
| 252|0x0000000710c00000, 0x0000000710d00000, 0x0000000710d00000|100%| E|CS|TAMS 0x0000000710c00000, 0x0000000710c00000| Complete 
| 253|0x0000000710d00000, 0x0000000710e00000, 0x0000000710e00000|100%| E|CS|TAMS 0x0000000710d00000, 0x0000000710d00000| Complete 
| 254|0x0000000710e00000, 0x0000000710f00000, 0x0000000710f00000|100%| E|CS|TAMS 0x0000000710e00000, 0x0000000710e00000| Complete 
| 255|0x0000000710f00000, 0x0000000711000000, 0x0000000711000000|100%| E|CS|TAMS 0x0000000710f00000, 0x0000000710f00000| Complete 
| 256|0x0000000711000000, 0x0000000711100000, 0x0000000711100000|100%| E|CS|TAMS 0x0000000711000000, 0x0000000711000000| Complete 
| 257|0x0000000711100000, 0x0000000711200000, 0x0000000711200000|100%| E|CS|TAMS 0x0000000711100000, 0x0000000711100000| Complete 
| 258|0x0000000711200000, 0x0000000711300000, 0x0000000711300000|100%| E|CS|TAMS 0x0000000711200000, 0x0000000711200000| Complete 
| 259|0x0000000711300000, 0x0000000711400000, 0x0000000711400000|100%| E|CS|TAMS 0x0000000711300000, 0x0000000711300000| Complete 
| 260|0x0000000711400000, 0x0000000711500000, 0x0000000711500000|100%| E|CS|TAMS 0x0000000711400000, 0x0000000711400000| Complete 
| 261|0x0000000711500000, 0x0000000711600000, 0x0000000711600000|100%| E|CS|TAMS 0x0000000711500000, 0x0000000711500000| Complete 
| 262|0x0000000711600000, 0x0000000711700000, 0x0000000711700000|100%| E|CS|TAMS 0x0000000711600000, 0x0000000711600000| Complete 
| 263|0x0000000711700000, 0x0000000711800000, 0x0000000711800000|100%| E|CS|TAMS 0x0000000711700000, 0x0000000711700000| Complete 
| 264|0x0000000711800000, 0x0000000711900000, 0x0000000711900000|100%| E|CS|TAMS 0x0000000711800000, 0x0000000711800000| Complete 
| 265|0x0000000711900000, 0x0000000711a00000, 0x0000000711a00000|100%| E|CS|TAMS 0x0000000711900000, 0x0000000711900000| Complete 
| 266|0x0000000711a00000, 0x0000000711b00000, 0x0000000711b00000|100%| E|CS|TAMS 0x0000000711a00000, 0x0000000711a00000| Complete 
| 267|0x0000000711b00000, 0x0000000711c00000, 0x0000000711c00000|100%| E|CS|TAMS 0x0000000711b00000, 0x0000000711b00000| Complete 
| 268|0x0000000711c00000, 0x0000000711d00000, 0x0000000711d00000|100%| E|CS|TAMS 0x0000000711c00000, 0x0000000711c00000| Complete 
| 269|0x0000000711d00000, 0x0000000711e00000, 0x0000000711e00000|100%| E|CS|TAMS 0x0000000711d00000, 0x0000000711d00000| Complete 
| 270|0x0000000711e00000, 0x0000000711f00000, 0x0000000711f00000|100%| E|CS|TAMS 0x0000000711e00000, 0x0000000711e00000| Complete 
| 271|0x0000000711f00000, 0x0000000712000000, 0x0000000712000000|100%| E|CS|TAMS 0x0000000711f00000, 0x0000000711f00000| Complete 
| 272|0x0000000712000000, 0x00000007120d11d8, 0x0000000712100000| 81%| S|CS|TAMS 0x0000000712000000, 0x0000000712000000| Complete 
| 273|0x0000000712100000, 0x0000000712200000, 0x0000000712200000|100%| S|CS|TAMS 0x0000000712100000, 0x0000000712100000| Complete 
| 274|0x0000000712200000, 0x0000000712300000, 0x0000000712300000|100%| S|CS|TAMS 0x0000000712200000, 0x0000000712200000| Complete 
| 275|0x0000000712300000, 0x0000000712400000, 0x0000000712400000|100%| S|CS|TAMS 0x0000000712300000, 0x0000000712300000| Complete 
| 276|0x0000000712400000, 0x0000000712500000, 0x0000000712500000|100%| S|CS|TAMS 0x0000000712400000, 0x0000000712400000| Complete 
| 277|0x0000000712500000, 0x0000000712600000, 0x0000000712600000|100%| S|CS|TAMS 0x0000000712500000, 0x0000000712500000| Complete 
| 278|0x0000000712600000, 0x0000000712700000, 0x0000000712700000|100%| S|CS|TAMS 0x0000000712600000, 0x0000000712600000| Complete 
| 279|0x0000000712700000, 0x0000000712800000, 0x0000000712800000|100%| S|CS|TAMS 0x0000000712700000, 0x0000000712700000| Complete 
| 280|0x0000000712800000, 0x0000000712900000, 0x0000000712900000|100%| S|CS|TAMS 0x0000000712800000, 0x0000000712800000| Complete 
| 281|0x0000000712900000, 0x0000000712a00000, 0x0000000712a00000|100%| S|CS|TAMS 0x0000000712900000, 0x0000000712900000| Complete 
| 282|0x0000000712a00000, 0x0000000712b00000, 0x0000000712b00000|100%| S|CS|TAMS 0x0000000712a00000, 0x0000000712a00000| Complete 
| 283|0x0000000712b00000, 0x0000000712c00000, 0x0000000712c00000|100%| S|CS|TAMS 0x0000000712b00000, 0x0000000712b00000| Complete 
| 284|0x0000000712c00000, 0x0000000712d00000, 0x0000000712d00000|100%| S|CS|TAMS 0x0000000712c00000, 0x0000000712c00000| Complete 
| 285|0x0000000712d00000, 0x0000000712e00000, 0x0000000712e00000|100%| E|CS|TAMS 0x0000000712d00000, 0x0000000712d00000| Complete 
| 286|0x0000000712e00000, 0x0000000712f00000, 0x0000000712f00000|100%| E|CS|TAMS 0x0000000712e00000, 0x0000000712e00000| Complete 
| 287|0x0000000712f00000, 0x0000000713000000, 0x0000000713000000|100%| E|CS|TAMS 0x0000000712f00000, 0x0000000712f00000| Complete 
| 288|0x0000000713000000, 0x0000000713100000, 0x0000000713100000|100%| E|CS|TAMS 0x0000000713000000, 0x0000000713000000| Complete 
| 289|0x0000000713100000, 0x0000000713200000, 0x0000000713200000|100%| E|CS|TAMS 0x0000000713100000, 0x0000000713100000| Complete 
| 290|0x0000000713200000, 0x0000000713300000, 0x0000000713300000|100%| E|CS|TAMS 0x0000000713200000, 0x0000000713200000| Complete 
| 291|0x0000000713300000, 0x0000000713400000, 0x0000000713400000|100%| E|CS|TAMS 0x0000000713300000, 0x0000000713300000| Complete 
| 292|0x0000000713400000, 0x0000000713500000, 0x0000000713500000|100%| E|CS|TAMS 0x0000000713400000, 0x0000000713400000| Complete 
| 293|0x0000000713500000, 0x0000000713600000, 0x0000000713600000|100%| E|CS|TAMS 0x0000000713500000, 0x0000000713500000| Complete 
| 294|0x0000000713600000, 0x0000000713700000, 0x0000000713700000|100%| E|CS|TAMS 0x0000000713600000, 0x0000000713600000| Complete 
| 295|0x0000000713700000, 0x0000000713800000, 0x0000000713800000|100%| E|CS|TAMS 0x0000000713700000, 0x0000000713700000| Complete 
| 296|0x0000000713800000, 0x0000000713900000, 0x0000000713900000|100%| E|CS|TAMS 0x0000000713800000, 0x0000000713800000| Complete 
| 297|0x0000000713900000, 0x0000000713a00000, 0x0000000713a00000|100%| E|CS|TAMS 0x0000000713900000, 0x0000000713900000| Complete 
| 298|0x0000000713a00000, 0x0000000713b00000, 0x0000000713b00000|100%| E|CS|TAMS 0x0000000713a00000, 0x0000000713a00000| Complete 
| 299|0x0000000713b00000, 0x0000000713c00000, 0x0000000713c00000|100%| E|CS|TAMS 0x0000000713b00000, 0x0000000713b00000| Complete 
| 300|0x0000000713c00000, 0x0000000713d00000, 0x0000000713d00000|100%| E|CS|TAMS 0x0000000713c00000, 0x0000000713c00000| Complete 
| 301|0x0000000713d00000, 0x0000000713e00000, 0x0000000713e00000|100%| E|CS|TAMS 0x0000000713d00000, 0x0000000713d00000| Complete 
| 302|0x0000000713e00000, 0x0000000713f00000, 0x0000000713f00000|100%| E|CS|TAMS 0x0000000713e00000, 0x0000000713e00000| Complete 
| 303|0x0000000713f00000, 0x0000000714000000, 0x0000000714000000|100%| E|CS|TAMS 0x0000000713f00000, 0x0000000713f00000| Complete 
| 304|0x0000000714000000, 0x0000000714100000, 0x0000000714100000|100%| E|CS|TAMS 0x0000000714000000, 0x0000000714000000| Complete 
| 305|0x0000000714100000, 0x0000000714200000, 0x0000000714200000|100%| E|CS|TAMS 0x0000000714100000, 0x0000000714100000| Complete 
| 306|0x0000000714200000, 0x0000000714300000, 0x0000000714300000|100%| E|CS|TAMS 0x0000000714200000, 0x0000000714200000| Complete 
| 307|0x0000000714300000, 0x0000000714400000, 0x0000000714400000|100%| E|CS|TAMS 0x0000000714300000, 0x0000000714300000| Complete 

Card table byte_map: [0x0000019457c90000,0x0000019458490000] _byte_map_base: 0x0000019454488000

Marking Bits (Prev, Next): (CMBitMap*) 0x000001943f89f500, (CMBitMap*) 0x000001943f89f4c8
 Prev Bits: [0x000001945cc50000, 0x0000019460c10000)
 Next Bits: [0x0000019458c90000, 0x000001945cc50000)

Polling page: 0x000001943d5a0000

Metaspace:

Usage:
  Non-class:     59.22 MB capacity,    58.28 MB ( 98%) used,   756.13 KB (  1%) free+waste,   208.50 KB ( <1%) overhead. 
      Class:      9.24 MB capacity,     8.60 MB ( 93%) used,   560.04 KB (  6%) free+waste,    97.88 KB (  1%) overhead. 
       Both:     68.46 MB capacity,    66.88 MB ( 98%) used,     1.29 MB (  2%) free+waste,   306.38 KB ( <1%) overhead. 

Virtual space:
  Non-class space:       60.00 MB reserved,      59.25 MB ( 99%) committed 
      Class space:        1.00 GB reserved,       9.25 MB ( <1%) committed 
             Both:        1.06 GB reserved,      68.50 MB (  6%) committed 

Chunk freelists:
   Non-Class:  30.00 KB
       Class:  9.00 KB
        Both:  39.00 KB

MaxMetaspaceSize: 17179869184.00 GB
CompressedClassSpaceSize: 1.00 GB

CodeHeap 'non-profiled nmethods': size=120000Kb used=3449Kb max_used=3449Kb free=116550Kb
 bounds [0x000001944fa00000, 0x000001944fd60000, 0x0000019456f30000]
CodeHeap 'profiled nmethods': size=120000Kb used=12076Kb max_used=12076Kb free=107923Kb
 bounds [0x00000194484d0000, 0x00000194490a0000, 0x000001944fa00000]
CodeHeap 'non-nmethods': size=5760Kb used=1258Kb max_used=1320Kb free=4501Kb
 bounds [0x0000019447f30000, 0x00000194481a0000, 0x00000194484d0000]
 total_blobs=6046 nmethods=5415 adapters=542
 compilation: enabled
              stopped_count=0, restarted_count=0
 full_count=0

Compilation events (20 events):
Event: 6.987 Thread 0x00000194642f6000 5397       1       org.springframework.beans.PropertyEditorRegistrySupport::setConversionService (6 bytes)
Event: 6.988 Thread 0x00000194642f6000 nmethod 5397 0x000001944fd5d990 code [0x000001944fd5db40, 0x000001944fd5dc58]
Event: 6.988 Thread 0x00000194642f6000 5398       2       org.springframework.core.annotation.AnnotatedElementUtils::hasAnnotation (38 bytes)
Event: 6.989 Thread 0x00000194642f6000 nmethod 5398 0x000001944907b190 code [0x000001944907b3c0, 0x000001944907b7b8]
Event: 6.990 Thread 0x00000194642f6000 5399       2       org.springframework.beans.factory.support.AbstractAutowireCapableBeanFactory::determineTargetType (60 bytes)
Event: 6.991 Thread 0x00000194642f6000 nmethod 5399 0x000001944907ba10 code [0x000001944907bbe0, 0x000001944907be98]
Event: 6.991 Thread 0x00000194642f6000 5402       2       org.springframework.beans.factory.support.AbstractAutowireCapableBeanFactory::predictBeanType (126 bytes)
Event: 6.991 Thread 0x00000194642f6000 nmethod 5402 0x000001944907c090 code [0x000001944907c2c0, 0x000001944907c728]
Event: 6.991 Thread 0x00000194642f6000 5400       2       org.springframework.beans.factory.support.AbstractBeanFactory::isTypeMatch (607 bytes)
Event: 6.993 Thread 0x00000194642f6000 nmethod 5400 0x000001944907ca10 code [0x000001944907ce20, 0x000001944907e538]
Event: 6.993 Thread 0x00000194642f6000 5401       2       org.springframework.aop.framework.autoproxy.AbstractAutoProxyCreator::getCacheKey (42 bytes)
Event: 6.994 Thread 0x00000194642f6000 nmethod 5401 0x000001944907f210 code [0x000001944907f420, 0x000001944907f838]
Event: 7.003 Thread 0x00000194642f6000 5406       2       java.lang.Exception::<init> (6 bytes)
Event: 7.004 Thread 0x00000194642f6000 nmethod 5406 0x000001944907fa90 code [0x000001944907fc60, 0x000001944907ff48]
Event: 7.031 Thread 0x00000194642f6000 5407       2       org.springframework.asm.ClassReader::readShort (27 bytes)
Event: 7.031 Thread 0x00000194642f6000 nmethod 5407 0x0000019449080010 code [0x00000194490801c0, 0x0000019449080338]
Event: 7.031 Thread 0x00000194642f6000 5408       2       org.springframework.asm.ClassReader::createDebugLabel (23 bytes)
Event: 7.031 Thread 0x00000194642f6000 nmethod 5408 0x0000019449080410 code [0x00000194490805e0, 0x0000019449080938]
Event: 7.034 Thread 0x00000194642f6000 5409       2       java.util.ArrayList::elementData (7 bytes)
Event: 7.034 Thread 0x00000194642f6000 nmethod 5409 0x0000019449080b10 code [0x0000019449080cc0, 0x0000019449080df8]

GC Heap History (14 events):
Event: 0.736 GC heap before
{Heap before GC invocations=0 (full 0):
 garbage-first heap   total 262144K, used 25600K [0x0000000701000000, 0x0000000800000000)
  region size 1024K, 24 young (24576K), 0 survivors (0K)
 Metaspace       used 11916K, capacity 12172K, committed 12288K, reserved 1060864K
  class space    used 1171K, capacity 1248K, committed 1280K, reserved 1048576K
}
Event: 0.741 GC heap after
{Heap after GC invocations=1 (full 0):
 garbage-first heap   total 262144K, used 6981K [0x0000000701000000, 0x0000000800000000)
  region size 1024K, 3 young (3072K), 3 survivors (3072K)
 Metaspace       used 11916K, capacity 12172K, committed 12288K, reserved 1060864K
  class space    used 1171K, capacity 1248K, committed 1280K, reserved 1048576K
}
Event: 1.347 GC heap before
{Heap before GC invocations=1 (full 0):
 garbage-first heap   total 262144K, used 54085K [0x0000000701000000, 0x0000000800000000)
  region size 1024K, 50 young (51200K), 3 survivors (3072K)
 Metaspace       used 20704K, capacity 21192K, committed 21248K, reserved 1069056K
  class space    used 2334K, capacity 2542K, committed 2560K, reserved 1048576K
}
Event: 1.356 GC heap after
{Heap after GC invocations=2 (full 0):
 garbage-first heap   total 262144K, used 9467K [0x0000000701000000, 0x0000000800000000)
  region size 1024K, 6 young (6144K), 6 survivors (6144K)
 Metaspace       used 20704K, capacity 21192K, committed 21248K, reserved 1069056K
  class space    used 2334K, capacity 2542K, committed 2560K, reserved 1048576K
}
Event: 1.585 GC heap before
{Heap before GC invocations=3 (full 0):
 garbage-first heap   total 262144K, used 60667K [0x0000000701000000, 0x0000000800000000)
  region size 1024K, 57 young (58368K), 6 survivors (6144K)
 Metaspace       used 24924K, capacity 25570K, committed 25728K, reserved 1071104K
  class space    used 2912K, capacity 3150K, committed 3200K, reserved 1048576K
}
Event: 1.591 GC heap after
{Heap after GC invocations=4 (full 0):
 garbage-first heap   total 262144K, used 11051K [0x0000000701000000, 0x0000000800000000)
  region size 1024K, 4 young (4096K), 4 survivors (4096K)
 Metaspace       used 24924K, capacity 25570K, committed 25728K, reserved 1071104K
  class space    used 2912K, capacity 3150K, committed 3200K, reserved 1048576K
}
Event: 2.506 GC heap before
{Heap before GC invocations=4 (full 0):
 garbage-first heap   total 262144K, used 105259K [0x0000000701000000, 0x0000000800000000)
  region size 1024K, 97 young (99328K), 4 survivors (4096K)
 Metaspace       used 33699K, capacity 34532K, committed 34816K, reserved 1079296K
  class space    used 3974K, capacity 4322K, committed 4352K, reserved 1048576K
}
Event: 2.511 GC heap after
{Heap after GC invocations=5 (full 0):
 garbage-first heap   total 262144K, used 13903K [0x0000000701000000, 0x0000000800000000)
  region size 1024K, 7 young (7168K), 7 survivors (7168K)
 Metaspace       used 33699K, capacity 34532K, committed 34816K, reserved 1079296K
  class space    used 3974K, capacity 4322K, committed 4352K, reserved 1048576K
}
Event: 2.670 GC heap before
{Heap before GC invocations=5 (full 0):
 garbage-first heap   total 262144K, used 24143K [0x0000000701000000, 0x0000000800000000)
  region size 1024K, 18 young (18432K), 7 survivors (7168K)
 Metaspace       used 34850K, capacity 35732K, committed 35840K, reserved 1081344K
  class space    used 4152K, capacity 4501K, committed 4608K, reserved 1048576K
}
Event: 2.680 GC heap after
{Heap after GC invocations=6 (full 0):
 garbage-first heap   total 315392K, used 14594K [0x0000000701000000, 0x0000000800000000)
  region size 1024K, 8 young (8192K), 8 survivors (8192K)
 Metaspace       used 34850K, capacity 35732K, committed 35840K, reserved 1081344K
  class space    used 4152K, capacity 4501K, committed 4608K, reserved 1048576K
}
Event: 4.638 GC heap before
{Heap before GC invocations=7 (full 0):
 garbage-first heap   total 315392K, used 148738K [0x0000000701000000, 0x0000000800000000)
  region size 1024K, 140 young (143360K), 8 survivors (8192K)
 Metaspace       used 54180K, capacity 55559K, committed 55808K, reserved 1097728K
  class space    used 6789K, capacity 7335K, committed 7424K, reserved 1048576K
}
Event: 4.648 GC heap after
{Heap after GC invocations=8 (full 0):
 garbage-first heap   total 315392K, used 20530K [0x0000000701000000, 0x0000000800000000)
  region size 1024K, 14 young (14336K), 14 survivors (14336K)
 Metaspace       used 54180K, capacity 55559K, committed 55808K, reserved 1097728K
  class space    used 6789K, capacity 7335K, committed 7424K, reserved 1048576K
}
Event: 4.986 GC heap before
{Heap before GC invocations=8 (full 0):
 garbage-first heap   total 315392K, used 43058K [0x0000000701000000, 0x0000000800000000)
  region size 1024K, 37 young (37888K), 14 survivors (14336K)
 Metaspace       used 58731K, capacity 60022K, committed 60160K, reserved 1101824K
  class space    used 7311K, capacity 7840K, committed 7936K, reserved 1048576K
}
Event: 5.001 GC heap after
{Heap after GC invocations=9 (full 0):
 garbage-first heap   total 315392K, used 22313K [0x0000000701000000, 0x0000000800000000)
  region size 1024K, 13 young (13312K), 13 survivors (13312K)
 Metaspace       used 58731K, capacity 60022K, committed 60160K, reserved 1101824K
  class space    used 7311K, capacity 7840K, committed 7936K, reserved 1048576K
}

Deoptimization events (20 events):
Event: 6.986 Thread 0x000001943f839800 Uncommon trap: trap_request=0xffffff6e fr.pc=0x000001944fd3b1c4 relative=0x0000000000005ec4
Event: 6.986 Thread 0x000001943f839800 Uncommon trap: reason=speculate_class_check action=maybe_recompile pc=0x000001944fd3b1c4 method=jdk.internal.loader.Resource.cachedInputStream()Ljava/io/InputStream; @ 9 c2
Event: 6.986 Thread 0x000001943f839800 DEOPT PACKING pc=0x000001944fd3b1c4 sp=0x0000002d691fd500
Event: 6.986 Thread 0x000001943f839800 DEOPT UNPACKING pc=0x0000019447f568af sp=0x0000002d691fd3f8 mode 2
Event: 6.987 Thread 0x000001943f839800 Uncommon trap: trap_request=0xffffff6e fr.pc=0x000001944fced444 relative=0x0000000000001524
Event: 6.987 Thread 0x000001943f839800 Uncommon trap: reason=speculate_class_check action=maybe_recompile pc=0x000001944fced444 method=jdk.internal.loader.Resource.getBytes()[B @ 10 c2
Event: 6.987 Thread 0x000001943f839800 DEOPT PACKING pc=0x000001944fced444 sp=0x0000002d691fd420
Event: 6.987 Thread 0x000001943f839800 DEOPT UNPACKING pc=0x0000019447f568af sp=0x0000002d691fd420 mode 2
Event: 6.990 Thread 0x000001943f839800 Uncommon trap: trap_request=0xffffff4d fr.pc=0x000001944fd26da4 relative=0x0000000000005324
Event: 6.990 Thread 0x000001943f839800 Uncommon trap: reason=unstable_if action=reinterpret pc=0x000001944fd26da4 method=org.springframework.aop.framework.autoproxy.AbstractAutoProxyCreator.predictBeanType(Ljava/lang/Class;Ljava/lang/String;)Ljava/lang/Class; @ 9 c2
Event: 6.990 Thread 0x000001943f839800 DEOPT PACKING pc=0x000001944fd26da4 sp=0x0000002d691fd2d0
Event: 6.990 Thread 0x000001943f839800 DEOPT UNPACKING pc=0x0000019447f568af sp=0x0000002d691fd180 mode 2
Event: 6.990 Thread 0x000001943f839800 Uncommon trap: trap_request=0xffffff4d fr.pc=0x000001944fb9b21c relative=0x000000000000057c
Event: 6.990 Thread 0x000001943f839800 Uncommon trap: reason=unstable_if action=reinterpret pc=0x000001944fb9b21c method=org.springframework.aop.framework.autoproxy.AbstractAutoProxyCreator.predictBeanType(Ljava/lang/Class;Ljava/lang/String;)Ljava/lang/Class; @ 9 c2
Event: 6.990 Thread 0x000001943f839800 DEOPT PACKING pc=0x000001944fb9b21c sp=0x0000002d691fd200
Event: 6.990 Thread 0x000001943f839800 DEOPT UNPACKING pc=0x0000019447f568af sp=0x0000002d691fd170 mode 2
Event: 7.004 Thread 0x000001943f839800 Uncommon trap: trap_request=0xffffffde fr.pc=0x000001944fbac5d4 relative=0x0000000000005a14
Event: 7.004 Thread 0x000001943f839800 Uncommon trap: reason=class_check action=maybe_recompile pc=0x000001944fbac5d4 method=org.springframework.core.ResolvableType.calculateHashCode()I @ 23 c2
Event: 7.004 Thread 0x000001943f839800 DEOPT PACKING pc=0x000001944fbac5d4 sp=0x0000002d691fdd80
Event: 7.004 Thread 0x000001943f839800 DEOPT UNPACKING pc=0x0000019447f568af sp=0x0000002d691fdcc8 mode 2

Classes redefined (0 events):
No events

Internal exceptions (20 events):
Event: 6.863 Thread 0x000001943f839800 Exception <a 'java/lang/ClassNotFoundException'{0x000000070fa0f430}: org/springframework/web/servlet/config/annotation/WebMvcConfigurationSupportCustomizer> (0x000000070fa0f430) thrown at [./src/hotspot/share/classfile/systemDictionary.cpp, line 231]
Event: 6.864 Thread 0x000001943f839800 Exception <a 'java/lang/ClassNotFoundException'{0x000000070fa2f1e8}: org/springframework/web/servlet/config/annotation/DelegatingWebMvcConfigurationCustomizer> (0x000000070fa2f1e8) thrown at [./src/hotspot/share/classfile/systemDictionary.cpp, line 231]
Event: 6.865 Thread 0x000001943f839800 Exception <a 'java/lang/ClassNotFoundException'{0x000000070fa46960}: org/springframework/boot/autoconfigure/web/servlet/WebMvcAutoConfiguration$EnableWebMvcConfigurationCustomizer> (0x000000070fa46960) thrown at [./src/hotspot/share/classfile/systemDictionary.cpp, line 231]
Event: 6.866 Thread 0x000001943f839800 Exception <a 'java/lang/ClassNotFoundException'{0x000000070fa62c20}: org/springframework/context/ResourceLoaderAwareCustomizer> (0x000000070fa62c20) thrown at [./src/hotspot/share/classfile/systemDictionary.cpp, line 231]
Event: 6.867 Thread 0x000001943f839800 Exception <a 'java/lang/ClassNotFoundException'{0x000000070fa6f920}: org/springframework/beans/factory/AwareCustomizer> (0x000000070fa6f920) thrown at [./src/hotspot/share/classfile/systemDictionary.cpp, line 231]
Event: 6.867 Thread 0x000001943f839800 Exception <a 'java/lang/ClassNotFoundException'{0x000000070fa7d230}: org/springframework/context/ApplicationContextAwareCustomizer> (0x000000070fa7d230) thrown at [./src/hotspot/share/classfile/systemDictionary.cpp, line 231]
Event: 6.868 Thread 0x000001943f839800 Exception <a 'java/lang/ClassNotFoundException'{0x000000070fa8ab30}: org/springframework/beans/factory/AwareCustomizer> (0x000000070fa8ab30) thrown at [./src/hotspot/share/classfile/systemDictionary.cpp, line 231]
Event: 6.869 Thread 0x000001943f839800 Exception <a 'java/lang/ClassNotFoundException'{0x000000070fa98418}: org/springframework/web/context/ServletContextAwareCustomizer> (0x000000070fa98418) thrown at [./src/hotspot/share/classfile/systemDictionary.cpp, line 231]
Event: 6.869 Thread 0x000001943f839800 Exception <a 'java/lang/ClassNotFoundException'{0x000000070faa5790}: org/springframework/beans/factory/AwareCustomizer> (0x000000070faa5790) thrown at [./src/hotspot/share/classfile/systemDictionary.cpp, line 231]
Event: 6.898 Thread 0x000001943f839800 Exception <a 'java/lang/ClassNotFoundException'{0x000000070f9d9028}: java/lang/ObjectCustomizer> (0x000000070f9d9028) thrown at [./src/hotspot/share/classfile/systemDictionary.cpp, line 231]
Event: 6.898 Thread 0x000001943f839800 Exception <a 'java/lang/ClassNotFoundException'{0x000000070f9e7718}: kosa/ion/team6/Domain/BoardCustomizer> (0x000000070f9e7718) thrown at [./src/hotspot/share/classfile/systemDictionary.cpp, line 231]
Event: 6.906 Thread 0x000001943f839800 Exception <a 'java/lang/ClassNotFoundException'{0x000000070f85ddd0}: java/lang/ObjectCustomizer> (0x000000070f85ddd0) thrown at [./src/hotspot/share/classfile/systemDictionary.cpp, line 231]
Event: 6.907 Thread 0x000001943f839800 Exception <a 'java/lang/ClassNotFoundException'{0x000000070f86c770}: kosa/ion/team6/Domain/CategoryCustomizer> (0x000000070f86c770) thrown at [./src/hotspot/share/classfile/systemDictionary.cpp, line 231]
Event: 6.928 Thread 0x000001943f839800 Exception <a 'java/lang/NoSuchMethodError'{0x000000070f420728}: 'java.lang.Object java.lang.invoke.DirectMethodHandle$Holder.invokeStatic(java.lang.Object, int, java.lang.Object, java.lang.Object)'> (0x000000070f420728) thrown at [./src/hotspot/share/interpreter/linkResolver.cpp, line 773]
Event: 7.000 Thread 0x000001943f839800 Exception <a 'java/lang/ClassNotFoundException'{0x000000070eed9ca8}: java/lang/ObjectCustomizer> (0x000000070eed9ca8) thrown at [./src/hotspot/share/classfile/systemDictionary.cpp, line 231]
Event: 7.001 Thread 0x000001943f839800 Exception <a 'java/lang/ClassNotFoundException'{0x000000070eeef020}: org/springframework/security/config/annotation/web/configuration/WebSecurityConfigurationCustomizer> (0x000000070eeef020) thrown at [./src/hotspot/share/classfile/systemDictionary.cpp, line 231]
Event: 7.002 Thread 0x000001943f839800 Exception <a 'java/lang/ClassNotFoundException'{0x000000070ed076b0}: org/springframework/context/annotation/ImportAwareCustomizer> (0x000000070ed076b0) thrown at [./src/hotspot/share/classfile/systemDictionary.cpp, line 231]
Event: 7.002 Thread 0x000001943f839800 Exception <a 'java/lang/ClassNotFoundException'{0x000000070ed143f8}: org/springframework/beans/factory/AwareCustomizer> (0x000000070ed143f8) thrown at [./src/hotspot/share/classfile/systemDictionary.cpp, line 231]
Event: 7.003 Thread 0x000001943f839800 Exception <a 'java/lang/ClassNotFoundException'{0x000000070ed21f80}: org/springframework/beans/factory/BeanClassLoaderAwareCustomizer> (0x000000070ed21f80) thrown at [./src/hotspot/share/classfile/systemDictionary.cpp, line 231]
Event: 7.003 Thread 0x000001943f839800 Exception <a 'java/lang/ClassNotFoundException'{0x000000070ed2ecd8}: org/springframework/beans/factory/AwareCustomizer> (0x000000070ed2ecd8) thrown at [./src/hotspot/share/classfile/systemDictionary.cpp, line 231]

Events (20 events):
Event: 7.027 loading class org/springframework/expression/spel/standard/SpelExpression
Event: 7.027 loading class org/springframework/expression/spel/standard/SpelExpression done
Event: 7.028 loading class org/springframework/expression/spel/ExpressionState
Event: 7.028 loading class org/springframework/expression/spel/ExpressionState done
Event: 7.032 loading class org/springframework/expression/spel/ast/MethodReference$MethodValueRef
Event: 7.032 loading class org/springframework/expression/spel/ast/MethodReference$MethodValueRef done
Event: 7.033 loading class org/springframework/expression/spel/support/ReflectiveMethodResolver
Event: 7.033 loading class org/springframework/expression/spel/support/ReflectiveMethodResolver done
Event: 7.033 loading class org/springframework/expression/MethodExecutor
Event: 7.033 loading class org/springframework/expression/MethodExecutor done
Event: 7.034 loading class org/springframework/expression/spel/support/ReflectionHelper
Event: 7.034 loading class org/springframework/expression/spel/support/ReflectionHelper done
Event: 7.035 loading class org/springframework/expression/spel/support/ReflectionHelper$ArgumentsMatchKind
Event: 7.035 loading class org/springframework/expression/spel/support/ReflectionHelper$ArgumentsMatchKind done
Event: 7.036 loading class org/springframework/expression/spel/support/ReflectionHelper$ArgumentsMatchInfo
Event: 7.036 loading class org/springframework/expression/spel/support/ReflectionHelper$ArgumentsMatchInfo done
Event: 7.036 loading class org/springframework/expression/spel/support/ReflectiveMethodExecutor
Event: 7.036 loading class org/springframework/expression/spel/support/ReflectiveMethodExecutor done
Event: 7.036 loading class org/springframework/expression/spel/ast/MethodReference$CachedMethodExecutor
Event: 7.036 loading class org/springframework/expression/spel/ast/MethodReference$CachedMethodExecutor done


Dynamic libraries:
0x00007ff637160000 - 0x00007ff63716d000 	C:\Users\dongh\.jdks\corretto-11.0.11\bin\java.exe
0x00007ff934850000 - 0x00007ff934a30000 	C:\Windows\SYSTEM32\ntdll.dll
0x00007ff932fa0000 - 0x00007ff93304e000 	C:\Windows\System32\KERNEL32.DLL
0x00007ff931030000 - 0x00007ff931296000 	C:\Windows\System32\KERNELBASE.dll
0x00007ff931300000 - 0x00007ff9313f4000 	C:\Windows\System32\ucrtbase.dll
0x00007ff92ef90000 - 0x00007ff92efa7000 	C:\Users\dongh\.jdks\corretto-11.0.11\bin\jli.dll
0x00007ff92efb0000 - 0x00007ff92efc9000 	C:\Users\dongh\.jdks\corretto-11.0.11\bin\VCRUNTIME140.dll
0x00007ff9329a0000 - 0x00007ff932b2f000 	C:\Windows\System32\USER32.dll
0x00007ff930e40000 - 0x00007ff930e60000 	C:\Windows\System32\win32u.dll
0x00007ff931d20000 - 0x00007ff931d48000 	C:\Windows\System32\GDI32.dll
0x00007ff930ca0000 - 0x00007ff930e33000 	C:\Windows\System32\gdi32full.dll
0x00007ff930ee0000 - 0x00007ff930f7b000 	C:\Windows\System32\msvcp_win.dll
0x00007ff9271d0000 - 0x00007ff927439000 	C:\Windows\WinSxS\amd64_microsoft.windows.common-controls_6595b64144ccf1df_6.0.16299.1087_none_0f9074b65a6589b7\COMCTL32.dll
0x00007ff933060000 - 0x00007ff9330fd000 	C:\Windows\System32\msvcrt.dll
0x00007ff931e80000 - 0x00007ff932186000 	C:\Windows\System32\combase.dll
0x00007ff931d60000 - 0x00007ff931e7f000 	C:\Windows\System32\RPCRT4.dll
0x00007ff930e60000 - 0x00007ff930ed2000 	C:\Windows\System32\bcryptPrimitives.dll
0x00007ff932b30000 - 0x00007ff932b5d000 	C:\Windows\System32\IMM32.DLL
0x00007ff8ef070000 - 0x00007ff8ef10b000 	C:\Users\dongh\.jdks\corretto-11.0.11\bin\msvcp140.dll
0x00007ff8cb8a0000 - 0x00007ff8cc3ec000 	C:\Users\dongh\.jdks\corretto-11.0.11\bin\server\jvm.dll
0x00007ff932ef0000 - 0x00007ff932f91000 	C:\Windows\System32\ADVAPI32.dll
0x00007ff932940000 - 0x00007ff93299b000 	C:\Windows\System32\sechost.dll
0x00007ff933050000 - 0x00007ff933058000 	C:\Windows\System32\PSAPI.DLL
0x00007ff92ce60000 - 0x00007ff92ce6a000 	C:\Windows\SYSTEM32\VERSION.dll
0x00007ff92ef60000 - 0x00007ff92ef83000 	C:\Windows\SYSTEM32\WINMM.dll
0x00007ff914890000 - 0x00007ff914899000 	C:\Windows\SYSTEM32\WSOCK32.dll
0x00007ff932e70000 - 0x00007ff932edc000 	C:\Windows\System32\WS2_32.dll
0x00007ff92eed0000 - 0x00007ff92eefa000 	C:\Windows\SYSTEM32\WINMMBASE.dll
0x00007ff930c50000 - 0x00007ff930c9a000 	C:\Windows\System32\cfgmgr32.dll
0x00007ff930c10000 - 0x00007ff930c21000 	C:\Windows\System32\kernel.appcore.dll
0x00007ff92d220000 - 0x00007ff92d230000 	C:\Users\dongh\.jdks\corretto-11.0.11\bin\verify.dll
0x00007ff923110000 - 0x00007ff9232d8000 	C:\Windows\SYSTEM32\DBGHELP.DLL
0x00007ff921f80000 - 0x00007ff921fa9000 	C:\Windows\SYSTEM32\dbgcore.DLL
0x00007ff91ece0000 - 0x00007ff91ed08000 	C:\Users\dongh\.jdks\corretto-11.0.11\bin\java.dll
0x00007ff921fb0000 - 0x00007ff921fba000 	C:\Users\dongh\.jdks\corretto-11.0.11\bin\jimage.dll
0x00007ff921ec0000 - 0x00007ff921ece000 	C:\Users\dongh\.jdks\corretto-11.0.11\bin\instrument.dll
0x00007ff91e750000 - 0x00007ff91e767000 	C:\Users\dongh\.jdks\corretto-11.0.11\bin\zip.dll
0x00007ff933310000 - 0x00007ff934748000 	C:\Windows\System32\SHELL32.dll
0x00007ff932270000 - 0x00007ff932316000 	C:\Windows\System32\shcore.dll
0x00007ff931400000 - 0x00007ff931b47000 	C:\Windows\System32\windows.storage.dll
0x00007ff933210000 - 0x00007ff933261000 	C:\Windows\System32\shlwapi.dll
0x00007ff930bc0000 - 0x00007ff930c0c000 	C:\Windows\System32\powrprof.dll
0x00007ff930ba0000 - 0x00007ff930bbb000 	C:\Windows\System32\profapi.dll
0x00007ff91c640000 - 0x00007ff91c659000 	C:\Users\dongh\.jdks\corretto-11.0.11\bin\net.dll
0x00007ff929ea0000 - 0x00007ff929f7e000 	C:\Windows\SYSTEM32\WINHTTP.dll
0x00007ff9303d0000 - 0x00007ff930436000 	C:\Windows\system32\mswsock.dll
0x00007ff91c620000 - 0x00007ff91c632000 	C:\Users\dongh\.jdks\corretto-11.0.11\bin\nio.dll
0x00007ff91b6f0000 - 0x00007ff91b70a000 	C:\Program Files\JetBrains\IntelliJ IDEA Community Edition 2021.2\bin\breakgen64.dll
0x00007ff921aa0000 - 0x00007ff921aa9000 	C:\Users\dongh\.jdks\corretto-11.0.11\bin\management.dll
0x00007ff920600000 - 0x00007ff92060b000 	C:\Users\dongh\.jdks\corretto-11.0.11\bin\management_ext.dll
0x00007ff91e540000 - 0x00007ff91e556000 	C:\Windows\system32\napinsp.dll
0x00007ff91f8f0000 - 0x00007ff91f90a000 	C:\Windows\system32\pnrpnsp.dll
0x00007ff92e6e0000 - 0x00007ff92e6f8000 	C:\Windows\system32\NLAapi.dll
0x00007ff9301a0000 - 0x00007ff930256000 	C:\Windows\SYSTEM32\DNSAPI.dll
0x00007ff931d50000 - 0x00007ff931d58000 	C:\Windows\System32\NSI.dll
0x00007ff930160000 - 0x00007ff930199000 	C:\Windows\SYSTEM32\IPHLPAPI.DLL
0x00007ff91f560000 - 0x00007ff91f56e000 	C:\Windows\System32\winrnr.dll
0x00007ff929430000 - 0x00007ff92943a000 	C:\Windows\System32\rasadhlp.dll
0x00007ff92bf00000 - 0x00007ff92bf70000 	C:\Windows\System32\fwpuclnt.dll
0x00007ff9306a0000 - 0x00007ff9306c5000 	C:\Windows\SYSTEM32\bcrypt.dll
0x00007ff930590000 - 0x00007ff9305a7000 	C:\Windows\SYSTEM32\CRYPTSP.dll
0x00007ff92ffd0000 - 0x00007ff930003000 	C:\Windows\system32\rsaenh.dll
0x00007ff930ad0000 - 0x00007ff930af9000 	C:\Windows\SYSTEM32\USERENV.dll
0x00007ff9305b0000 - 0x00007ff9305bb000 	C:\Windows\SYSTEM32\CRYPTBASE.dll
0x00007ff92caf0000 - 0x00007ff92cb06000 	C:\Windows\SYSTEM32\dhcpcsvc6.DLL
0x00007ff92c520000 - 0x00007ff92c53a000 	C:\Windows\SYSTEM32\dhcpcsvc.DLL
0x00007ff91a670000 - 0x00007ff91a695000 	C:\Users\dongh\.jdks\corretto-11.0.11\bin\sunec.dll

dbghelp: loaded successfully - version: 4.0.5 - missing functions: none
symbol engine: initialized successfully - sym options: 0x614 - pdb path: .;C:\Users\dongh\.jdks\corretto-11.0.11\bin;C:\Windows\SYSTEM32;C:\Windows\WinSxS\amd64_microsoft.windows.common-controls_6595b64144ccf1df_6.0.16299.1087_none_0f9074b65a6589b7;C:\Users\dongh\.jdks\corretto-11.0.11\bin\server;C:\Program Files\JetBrains\IntelliJ IDEA Community Edition 2021.2\bin

VM Arguments:
jvm_args: -javaagent:C:\Program Files\JetBrains\IntelliJ IDEA Community Edition 2021.2\lib\idea_rt.jar=7839:C:\Program Files\JetBrains\IntelliJ IDEA Community Edition 2021.2\bin -Dfile.encoding=UTF-8 
java_command: kosa.ion.team6.Ion6teamApplication
java_class_path (initial): C:\Users\dongh\Desktop\i-ON\teamproject\ion6team\target\classes;C:\Users\dongh\.m2\repository\org\springframework\boot\spring-boot-starter-data-jpa\2.5.5\spring-boot-starter-data-jpa-2.5.5.jar;C:\Users\dongh\.m2\repository\org\springframework\boot\spring-boot-starter-aop\2.5.5\spring-boot-starter-aop-2.5.5.jar;C:\Users\dongh\.m2\repository\org\aspectj\aspectjweaver\1.9.7\aspectjweaver-1.9.7.jar;C:\Users\dongh\.m2\repository\org\springframework\boot\spring-boot-starter-jdbc\2.5.5\spring-boot-starter-jdbc-2.5.5.jar;C:\Users\dongh\.m2\repository\com\zaxxer\HikariCP\4.0.3\HikariCP-4.0.3.jar;C:\Users\dongh\.m2\repository\org\springframework\spring-jdbc\5.3.10\spring-jdbc-5.3.10.jar;C:\Users\dongh\.m2\repository\jakarta\transaction\jakarta.transaction-api\1.3.3\jakarta.transaction-api-1.3.3.jar;C:\Users\dongh\.m2\repository\jakarta\persistence\jakarta.persistence-api\2.2.3\jakarta.persistence-api-2.2.3.jar;C:\Users\dongh\.m2\repository\org\hibernate\hibernate-core\5.4.32.Final\hibernate-core-5.4.32.Final.jar;C:\Users\dongh\.m2\repository\org\jboss\logging\jboss-logging\3.4.2.Final\jboss-logging-3.4.2.Final.jar;C:\Users\dongh\.m2\repository\org\javassist\javassist\3.27.0-GA\javassist-3.27.0-GA.jar;C:\Users\dongh\.m2\repository\net\bytebuddy\byte-buddy\1.10.22\byte-buddy-1.10.22.jar;C:\Users\dongh\.m2\repository\antlr\antlr\2.7.7\antlr-2.7.7.jar;C:\Users\dongh\.m2\repository\org\jboss\jandex\2.2.3.Final\jandex-2.2.3.Final.jar;C:\Users\dongh\.m2\repository\com\fasterxml\classmate\1.5.1\classmate-1.5.1.jar;C:\Users\dongh\.m2\repository\org\dom4j\dom4j\2.1.3\dom4j-2.1.3.jar;C:\Users\dongh\.m2\repository\org\hibernate\common\hibernate-commons-annotations\5.1.2.Final\hibernate-commons-annotations-5.1.2.Final.jar;C:\Users\dongh\.m2\repository\org\glassfish\jaxb\jaxb-runtime\2.3.5\jaxb-runtime-2.3.5.jar;C:\Users\dongh\.m2\repository\org\glassfish\jaxb\txw2\2.3.5\txw2-2.3.5.jar;C:\Users\dongh\.m2\repository\com\sun\istack\istack-commons-runtime\3.0.12\i
Launcher Type: SUN_STANDARD

[Global flags]
     intx CICompilerCount                          = 4                                         {product} {ergonomic}
     uint ConcGCThreads                            = 3                                         {product} {ergonomic}
     uint G1ConcRefinementThreads                  = 10                                        {product} {ergonomic}
   size_t G1HeapRegionSize                         = 1048576                                   {product} {ergonomic}
    uintx GCDrainStackTargetSize                   = 64                                        {product} {ergonomic}
   size_t InitialHeapSize                          = 268435456                                 {product} {ergonomic}
   size_t MarkStackSize                            = 4194304                                   {product} {ergonomic}
   size_t MaxHeapSize                              = 4278190080                                {product} {ergonomic}
   size_t MaxNewSize                               = 2566914048                                {product} {ergonomic}
   size_t MinHeapDeltaBytes                        = 1048576                                   {product} {ergonomic}
    uintx NonNMethodCodeHeapSize                   = 5836300                                {pd product} {ergonomic}
    uintx NonProfiledCodeHeapSize                  = 122910970                              {pd product} {ergonomic}
    uintx ProfiledCodeHeapSize                     = 122910970                              {pd product} {ergonomic}
    uintx ReservedCodeCacheSize                    = 251658240                              {pd product} {ergonomic}
     bool SegmentedCodeCache                       = true                                      {product} {ergonomic}
     bool UseCompressedClassPointers               = true                                 {lp64_product} {ergonomic}
     bool UseCompressedOops                        = true                                 {lp64_product} {ergonomic}
     bool UseG1GC                                  = true                                      {product} {ergonomic}
     bool UseLargePagesIndividualAllocation        = false                                  {pd product} {ergonomic}

Logging:
Log output configuration:
 #0: stdout all=warning uptime,level,tags
 #1: stderr all=off uptime,level,tags

Environment Variables:
JAVA_HOME=C:\Program Files\Java\jdk1.8.0_301
CLASSPATH=.;
PATH=C:\WINDOWS.X64_193000_db_home\bin;C:\Program Files\Common Files\Oracle\Java\javapath;C:\Program Files (x86)\Common Files\Oracle\Java\javapath;C:\Program Files\Microsoft MPI\Bin\;C:\Windows\system32;C:\Windows;C:\Windows\System32\Wbem;C:\Windows\System32\WindowsPowerShell\v1.0\;C:\Program Files (x86)\NVIDIA Corporation\PhysX\Common;C:\Program Files\dotnet\;C:\Program Files\Microsoft SQL Server\130\Tools\Binn\;C:\Program Files\Common Files\Autodesk Shared\;C:\Program Files\Android\Android Studio\jre\bin;C:\Program Files (x86)\Windows Live\Shared;C:\Program Files\NVIDIA Corporation\NVIDIA NvDLISR;C:\Program Files\Java\jdk1.8.0_301\bin;C:\Program Files\MySQL\MySQL Server 8.0\bin;C:\Program Files\Git\cmd;C:\Users\dongh\Desktop\springStudy\apache-tomcat-9.0.53\bin;C:\Program Files\nodejs\;C:\Program Files\MySQL\MySQL Shell 8.0\bin\;C:\Users\dongh\AppData\Local\Microsoft\WindowsApps;C:\Program Files\Bandizip\;C:\opencv\build\x64\vc14\bin;;C:\Users\dongh\AppData\Local\afreeca;C:\Program Files\JetBrains\IntelliJ IDEA Community Edition 2021.2\bin;;C:\Users\dongh\AppData\Local\Programs\Microsoft VS Code\bin;C:\Users\dongh\AppData\Roaming\npm
USERNAME=dongh
OS=Windows_NT
PROCESSOR_IDENTIFIER=AMD64 Family 23 Model 1 Stepping 1, AuthenticAMD



---------------  S Y S T E M  ---------------

OS: Windows 10 , 64 bit Build 16299 (10.0.16299.1087)
OS uptime: 4 days 22:36 hours

CPU:total 12 (initial active 12) (12 cores per cpu, 2 threads per core) family 23 model 1 stepping 1 microcode 0x8001126, cmov, cx8, fxsr, mmx, sse, sse2, sse3, ssse3, sse4.1, sse4.2, popcnt, avx, avx2, aes, clmul, mmxext, 3dnowpref, lzcnt, sse4a, ht, tsc, tscinvbit, tscinv, bmi1, bmi2, 

Memory: 4k page, system-wide physical 16315M (2833M free)
TotalPageFile size 16315M (AvailPageFile size 5M)
current process WorkingSet (physical memory assigned to process): 385M, peak: 385M
current process commit charge ("private bytes"): 574M, peak: 576M

vm_info: OpenJDK 64-Bit Server VM (11.0.11+9-LTS) for windows-amd64 JRE (11.0.11+9-LTS), built on Apr 14 2021 00:00:20 by "Administrator" with MS VC++ 15.9 (VS2017)

END.
